TN:
SF:src\features\Orders\OrderEditor.tsx
FN:12,OrderEditor
FNF:1
FNH:1
FNDA:2,OrderEditor
DA:1,1
DA:12,1
DA:13,2
DA:14,2
DA:15,2
DA:16,1
DA:17,1
DA:19,2
DA:20,2
DA:21,2
DA:22,2
DA:23,2
DA:24,2
DA:25,2
DA:27,2
DA:28,2
DA:29,1
DA:30,1
DA:31,1
DA:32,1
DA:33,1
DA:35,1
DA:37,2
DA:38,2
DA:40,2
DA:42,1
LF:26
LH:26
BRDA:12,0,0,2
BRDA:13,1,0,1
BRDA:14,2,0,1
BRDA:14,3,0,1
BRDA:15,4,0,1
BRDA:16,5,0,1
BRDA:28,6,0,1
BRDA:33,7,0,1
BRF:8
BRH:8
end_of_record
TN:
SF:src\features\Orders\OrderNotesPanel.tsx
FN:20,formatDate
FN:47,OrderNotesPanel
FN:79,handleAdd
FN:96,handleDelete
FN:110,handleKeyDown
FN:119,onKey
FN:196,onChange
FN:223,onClick
FN:311,onClick
FNF:9
FNH:6
FNDA:17,formatDate
FNDA:15,OrderNotesPanel
FNDA:1,handleAdd
FNDA:0,handleDelete
FNDA:1,handleKeyDown
FNDA:1,onKey
FNDA:1,onChange
FNDA:0,onClick
FNDA:0,onClick
DA:1,1
DA:15,1
DA:20,17
DA:21,17
DA:22,17
DA:23,17
DA:24,17
DA:25,17
DA:26,17
DA:27,17
DA:28,17
DA:29,17
DA:30,17
DA:31,0
DA:32,0
DA:33,17
DA:47,1
DA:48,15
DA:49,15
DA:50,15
DA:52,15
DA:53,15
DA:54,15
DA:55,15
DA:56,15
DA:57,15
DA:58,15
DA:61,15
DA:62,5
DA:63,5
DA:64,5
DA:65,5
DA:66,5
DA:67,5
DA:68,0
DA:69,5
DA:70,5
DA:71,5
DA:72,15
DA:74,15
DA:75,5
DA:76,15
DA:79,15
DA:80,1
DA:81,1
DA:82,1
DA:83,1
DA:84,1
DA:85,1
DA:86,1
DA:87,1
DA:88,1
DA:89,0
DA:90,1
DA:91,1
DA:92,1
DA:93,1
DA:96,15
DA:97,0
DA:98,0
DA:99,0
DA:100,0
DA:101,0
DA:102,0
DA:103,0
DA:104,0
DA:105,0
DA:106,0
DA:107,0
DA:110,15
DA:111,1
DA:112,1
DA:113,1
DA:114,1
DA:115,1
DA:118,15
DA:119,5
DA:120,1
DA:121,1
DA:122,5
DA:123,5
DA:124,15
DA:126,15
DA:127,15
DA:128,15
DA:129,15
DA:130,15
DA:131,15
DA:132,15
DA:133,15
DA:134,15
DA:135,15
DA:138,15
DA:139,15
DA:140,15
DA:141,15
DA:142,3
DA:143,3
DA:144,3
DA:145,3
DA:146,3
DA:147,3
DA:148,3
DA:149,3
DA:150,3
DA:151,3
DA:152,3
DA:153,3
DA:154,3
DA:155,3
DA:156,3
DA:157,3
DA:159,3
DA:161,15
DA:164,15
DA:165,0
DA:166,0
DA:167,0
DA:168,0
DA:169,0
DA:170,0
DA:171,0
DA:172,0
DA:173,0
DA:174,0
DA:175,0
DA:176,0
DA:177,0
DA:179,0
DA:180,0
DA:181,0
DA:185,15
DA:186,15
DA:187,15
DA:188,15
DA:189,15
DA:191,15
DA:192,15
DA:193,15
DA:194,15
DA:195,15
DA:196,15
DA:197,15
DA:198,15
DA:199,15
DA:200,15
DA:201,15
DA:202,15
DA:203,15
DA:204,15
DA:205,15
DA:206,15
DA:207,15
DA:208,15
DA:209,15
DA:210,15
DA:211,15
DA:212,15
DA:213,15
DA:214,15
DA:215,15
DA:216,15
DA:217,15
DA:219,15
DA:220,15
DA:221,15
DA:222,15
DA:223,15
DA:224,15
DA:225,15
DA:226,15
DA:227,15
DA:228,15
DA:229,15
DA:230,15
DA:231,15
DA:232,15
DA:233,15
DA:234,15
DA:235,15
DA:236,15
DA:237,15
DA:238,15
DA:239,15
DA:240,15
DA:242,15
DA:243,1
DA:245,14
DA:246,15
DA:248,15
DA:249,15
DA:250,15
DA:253,15
DA:254,15
DA:255,15
DA:256,15
DA:258,15
DA:259,5
DA:260,5
DA:261,5
DA:262,5
DA:263,5
DA:264,5
DA:265,5
DA:266,5
DA:268,5
DA:270,5
DA:271,10
DA:272,2
DA:274,2
DA:276,8
DA:277,17
DA:278,17
DA:279,17
DA:280,17
DA:281,17
DA:282,17
DA:283,17
DA:284,17
DA:285,17
DA:286,17
DA:287,17
DA:288,17
DA:290,17
DA:291,17
DA:292,17
DA:293,17
DA:294,17
DA:295,17
DA:296,17
DA:298,17
DA:299,17
DA:300,17
DA:301,17
DA:302,17
DA:303,17
DA:304,17
DA:305,0
DA:306,17
DA:307,17
DA:308,17
DA:309,17
DA:310,9
DA:311,9
DA:312,9
DA:313,9
DA:314,9
DA:315,9
DA:316,9
DA:317,9
DA:318,9
DA:319,9
DA:320,9
DA:321,9
DA:322,9
DA:323,9
DA:324,9
DA:325,9
DA:326,9
DA:327,9
DA:329,9
DA:330,0
DA:332,9
DA:334,9
DA:336,17
DA:337,17
DA:339,8
DA:341,15
DA:344,15
DA:345,15
DA:347,15
DA:349,1
LF:272
LH:239
BRDA:20,0,0,17
BRDA:21,1,0,0
BRDA:30,2,0,0
BRDA:47,3,0,15
BRDA:49,4,0,12
BRDA:49,5,0,0
BRDA:49,6,0,3
BRDA:50,7,0,12
BRDA:50,8,0,0
BRDA:50,9,0,3
BRDA:141,10,0,3
BRDA:164,11,0,0
BRDA:224,12,0,14
BRDA:236,13,0,14
BRDA:236,14,0,14
BRDA:236,15,0,1
BRDA:237,16,0,14
BRDA:237,17,0,14
BRDA:237,18,0,1
BRDA:242,19,0,1
BRDA:243,20,0,14
BRDA:258,21,0,5
BRDA:270,22,0,10
BRDA:271,23,0,2
BRDA:274,24,0,8
BRDA:61,25,0,5
BRDA:67,26,0,0
BRDA:74,27,0,5
BRDA:79,28,0,1
BRDA:81,29,0,0
BRDA:88,30,0,0
BRDA:86,31,0,1
BRDA:110,32,0,1
BRDA:111,33,0,0
BRDA:118,34,0,5
BRDA:119,35,0,1
BRDA:120,36,0,0
BRDA:120,37,0,0
BRDA:123,38,0,5
BRDA:196,39,0,1
BRDA:276,40,0,17
BRDA:304,41,0,0
BRDA:309,42,0,9
BRDA:317,43,0,0
BRDA:326,44,0,0
BRDA:329,45,0,0
BRF:46
BRH:31
end_of_record
TN:
SF:src\features\Orders\Orders.tsx
FN:37,Orders
FN:102,handleSort
FN:230,render
FN:246,render
FN:266,render
FN:278,render
FN:290,render
FN:304,render
FN:316,render
FN:328,render
FN:342,onClick
FN:362,onClick
FN:440,onChange
FN:476,onClick
FN:530,onClick
FN:540,onClick
FN:587,onClick
FN:592,onClick
FN:609,onClick
FN:655,onClick
FN:668,onClose
FNF:21
FNH:13
FNDA:13,Orders
FNDA:0,handleSort
FNDA:25,render
FNDA:25,render
FNDA:25,render
FNDA:25,render
FNDA:25,render
FNDA:25,render
FNDA:25,render
FNDA:25,render
FNDA:1,onClick
FNDA:1,onClick
FNDA:0,onChange
FNDA:0,onClick
FNDA:0,onClick
FNDA:2,onClick
FNDA:1,onClick
FNDA:0,onClick
FNDA:0,onClick
FNDA:0,onClick
FNDA:0,onClose
DA:1,1
DA:37,1
DA:39,13
DA:41,13
DA:45,13
DA:47,11
DA:49,1
DA:51,1
DA:53,13
DA:57,13
DA:59,13
DA:61,13
DA:63,13
DA:65,13
DA:66,13
DA:70,13
DA:72,13
DA:74,13
DA:76,13
DA:80,13
DA:82,13
DA:84,13
DA:86,13
DA:88,13
DA:90,13
DA:92,13
DA:94,13
DA:96,13
DA:98,13
DA:102,13
DA:104,0
DA:106,0
DA:108,0
DA:110,0
DA:112,0
DA:114,0
DA:116,0
DA:120,13
DA:122,0
DA:124,0
DA:126,0
DA:128,0
DA:130,0
DA:132,0
DA:134,0
DA:136,0
DA:138,0
DA:140,0
DA:142,0
DA:144,0
DA:146,0
DA:148,0
DA:150,0
DA:152,0
DA:154,0
DA:156,0
DA:158,0
DA:160,0
DA:162,0
DA:164,0
DA:166,13
DA:170,13
DA:172,0
DA:174,0
DA:178,0
DA:180,0
DA:182,0
DA:184,0
DA:186,0
DA:188,0
DA:190,0
DA:192,0
DA:194,0
DA:196,0
DA:198,0
DA:200,0
DA:202,0
DA:204,0
DA:206,0
DA:208,0
DA:210,0
DA:212,0
DA:214,0
DA:216,13
DA:220,13
DA:222,13
DA:224,13
DA:226,13
DA:228,13
DA:230,13
DA:232,25
DA:236,13
DA:238,13
DA:240,13
DA:242,13
DA:244,13
DA:246,13
DA:248,25
DA:250,25
DA:252,25
DA:254,25
DA:258,13
DA:260,13
DA:262,13
DA:264,13
DA:266,13
DA:268,13
DA:270,13
DA:272,13
DA:274,13
DA:276,13
DA:278,13
DA:280,13
DA:282,13
DA:284,13
DA:286,13
DA:288,13
DA:290,13
DA:292,25
DA:296,13
DA:298,13
DA:300,13
DA:302,13
DA:304,13
DA:306,13
DA:308,13
DA:310,13
DA:312,13
DA:314,13
DA:316,13
DA:318,13
DA:320,13
DA:322,13
DA:324,13
DA:326,13
DA:328,13
DA:330,13
DA:332,13
DA:336,13
DA:338,13
DA:340,13
DA:342,13
DA:344,13
DA:346,13
DA:348,13
DA:352,13
DA:354,13
DA:356,13
DA:358,104
DA:360,104
DA:362,104
DA:364,104
DA:366,104
DA:368,104
DA:370,104
DA:372,104
DA:374,104
DA:376,104
DA:378,104
DA:380,104
DA:382,104
DA:384,104
DA:386,104
DA:388,104
DA:390,104
DA:392,104
DA:394,104
DA:396,104
DA:400,104
DA:402,104
DA:404,13
DA:406,13
DA:410,13
DA:412,0
DA:414,0
DA:416,0
DA:418,0
DA:420,0
DA:422,0
DA:426,0
DA:428,0
DA:430,0
DA:432,0
DA:434,0
DA:436,0
DA:438,0
DA:440,0
DA:442,0
DA:444,0
DA:446,0
DA:448,0
DA:450,0
DA:452,0
DA:454,0
DA:458,0
DA:460,0
DA:462,0
DA:464,0
DA:466,0
DA:468,0
DA:470,0
DA:472,0
DA:474,0
DA:476,0
DA:478,0
DA:480,0
DA:482,0
DA:484,0
DA:490,13
DA:492,13
DA:494,13
DA:496,13
DA:498,13
DA:500,13
DA:502,13
DA:504,13
DA:506,13
DA:508,13
DA:510,13
DA:512,13
DA:514,13
DA:516,13
DA:518,13
DA:520,13
DA:522,13
DA:524,13
DA:526,13
DA:528,13
DA:530,13
DA:532,13
DA:534,13
DA:536,13
DA:538,13
DA:540,13
DA:542,2
DA:544,2
DA:546,2
DA:548,1
DA:550,1
DA:552,1
DA:554,1
DA:556,1
DA:558,1
DA:560,1
DA:562,1
DA:564,1
DA:566,1
DA:568,1
DA:570,1
DA:572,1
DA:574,2
DA:576,0
DA:578,0
DA:580,2
DA:582,13
DA:584,13
DA:585,13
DA:586,13
DA:587,13
DA:588,13
DA:589,13
DA:590,13
DA:591,13
DA:592,13
DA:593,0
DA:594,0
DA:595,0
DA:596,0
DA:597,0
DA:598,0
DA:599,0
DA:600,0
DA:601,0
DA:602,13
DA:603,13
DA:605,13
DA:607,13
DA:609,13
DA:611,0
DA:613,0
DA:615,0
DA:617,0
DA:619,0
DA:621,0
DA:623,0
DA:625,0
DA:627,0
DA:629,13
DA:631,13
DA:633,13
DA:635,13
DA:637,13
DA:641,13
DA:642,1
DA:643,1
DA:644,1
DA:645,1
DA:646,1
DA:647,1
DA:648,1
DA:649,1
DA:650,1
DA:651,1
DA:652,1
DA:653,1
DA:654,1
DA:655,1
DA:657,1
DA:658,1
DA:659,1
DA:660,1
DA:661,1
DA:662,1
DA:663,1
DA:664,1
DA:665,1
DA:666,1
DA:668,1
DA:669,1
DA:670,1
DA:672,13
DA:676,13
LF:322
LH:217
BRDA:37,0,0,13
BRDA:410,1,0,0
BRDA:641,2,0,1
BRDA:45,3,0,11
BRDA:47,4,0,1
BRDA:72,5,0,12
BRDA:72,6,0,24
BRDA:72,7,0,2
BRDA:84,8,0,26
BRDA:86,9,0,26
BRDA:88,10,0,26
BRDA:90,11,0,26
BRDA:92,12,0,26
BRDA:94,13,0,26
BRDA:96,14,0,26
BRDA:230,15,0,25
BRDA:232,16,0,0
BRDA:246,17,0,25
BRDA:266,18,0,25
BRDA:278,19,0,25
BRDA:290,20,0,25
BRDA:304,21,0,25
BRDA:316,22,0,25
BRDA:328,23,0,25
BRDA:342,24,0,1
BRDA:356,25,0,104
BRDA:376,26,0,13
BRDA:376,27,0,91
BRDA:378,28,0,13
BRDA:378,29,0,91
BRDA:380,30,0,13
BRDA:380,31,0,91
BRDA:384,32,0,13
BRDA:384,33,0,91
BRDA:362,34,0,1
BRDA:540,35,0,2
BRDA:546,36,0,1
BRDA:574,37,0,0
BRDA:554,38,0,1
BRDA:556,39,0,0
BRDA:587,40,0,1
BRF:41
BRH:37
end_of_record
TN:
SF:src\features\Orders\SiparisFisiPage.tsx
FN:60,formatOrderLabel
FN:66,SiparisFisiPage
FN:102,goToOrderList
FN:103,goToNewOrder
FN:206,onClick
FNF:5
FNH:4
FNDA:3,formatOrderLabel
FNDA:6,SiparisFisiPage
FNDA:1,goToOrderList
FNDA:1,goToNewOrder
FNDA:0,onClick
DA:1,1
DA:27,1
DA:28,1
DA:29,1
DA:30,1
DA:31,1
DA:32,1
DA:33,1
DA:34,1
DA:35,1
DA:36,1
DA:37,1
DA:38,1
DA:39,1
DA:40,1
DA:41,1
DA:42,1
DA:43,1
DA:45,1
DA:46,1
DA:47,1
DA:48,1
DA:49,1
DA:50,1
DA:51,1
DA:52,1
DA:53,1
DA:54,1
DA:55,1
DA:56,1
DA:57,1
DA:58,1
DA:60,3
DA:61,3
DA:62,3
DA:63,3
DA:64,3
DA:66,6
DA:67,6
DA:68,6
DA:69,6
DA:70,6
DA:71,6
DA:72,6
DA:73,6
DA:74,6
DA:75,6
DA:76,6
DA:78,6
DA:79,3
DA:80,0
DA:81,0
DA:82,6
DA:84,6
DA:85,6
DA:86,0
DA:87,0
DA:88,0
DA:90,6
DA:91,3
DA:92,3
DA:94,6
DA:95,6
DA:97,6
DA:98,6
DA:99,6
DA:100,6
DA:102,6
DA:103,6
DA:105,6
DA:106,6
DA:107,6
DA:109,6
DA:110,6
DA:111,6
DA:113,6
DA:114,6
DA:115,6
DA:116,6
DA:117,6
DA:118,6
DA:119,6
DA:120,6
DA:122,6
DA:123,6
DA:124,6
DA:125,6
DA:126,6
DA:127,6
DA:128,6
DA:129,6
DA:130,6
DA:131,6
DA:132,6
DA:134,6
DA:135,6
DA:136,6
DA:137,6
DA:138,6
DA:139,6
DA:141,6
DA:142,6
DA:144,6
DA:145,6
DA:146,6
DA:147,6
DA:148,6
DA:149,6
DA:150,6
DA:151,6
DA:152,6
DA:153,6
DA:154,6
DA:155,6
DA:156,6
DA:158,6
DA:159,6
DA:160,6
DA:161,6
DA:162,6
DA:163,6
DA:164,6
DA:165,6
DA:166,6
DA:167,6
DA:169,6
DA:170,6
DA:171,0
DA:172,0
DA:173,0
DA:174,0
DA:175,0
DA:176,0
DA:177,0
DA:178,0
DA:179,0
DA:180,0
DA:181,0
DA:182,0
DA:183,0
DA:185,0
DA:186,0
DA:187,0
DA:188,6
DA:190,6
DA:191,6
DA:192,6
DA:193,6
DA:194,3
DA:195,3
DA:196,6
DA:198,6
DA:199,6
DA:200,6
DA:201,6
DA:202,6
DA:203,6
DA:204,6
DA:205,6
DA:206,6
DA:207,6
DA:208,6
DA:209,6
DA:210,6
DA:211,6
DA:212,6
DA:213,6
DA:214,6
DA:215,6
DA:216,6
DA:218,6
DA:219,6
DA:221,6
DA:222,6
DA:223,0
DA:224,0
DA:225,0
DA:226,0
DA:227,6
DA:228,6
DA:229,0
DA:230,6
DA:232,6
DA:233,0
DA:234,0
DA:235,0
DA:236,0
DA:237,0
DA:238,0
DA:239,0
DA:240,0
DA:241,0
DA:242,0
DA:244,0
DA:245,6
DA:247,6
DA:248,0
DA:249,0
DA:250,0
DA:251,0
DA:252,0
DA:253,0
DA:254,0
DA:255,0
DA:256,0
DA:258,0
DA:260,0
DA:261,0
DA:264,0
DA:265,0
DA:266,0
DA:267,0
DA:268,0
DA:269,0
DA:271,0
DA:272,0
DA:273,0
DA:274,6
DA:276,6
DA:277,6
DA:278,6
DA:279,6
DA:280,6
DA:282,6
LF:224
LH:166
BRDA:60,0,0,3
BRDA:61,1,0,0
BRDA:61,2,0,0
BRDA:61,3,0,0
BRDA:66,4,0,6
BRDA:118,5,0,0
BRDA:170,6,0,0
BRDA:193,7,0,3
BRDA:194,8,0,3
BRDA:222,9,0,0
BRDA:228,10,0,0
BRDA:232,11,0,0
BRDA:247,12,0,0
BRDA:276,13,0,3
BRDA:276,14,0,3
BRDA:71,15,0,6
BRDA:72,16,0,6
BRDA:73,17,0,6
BRDA:74,18,0,6
BRDA:75,19,0,6
BRDA:78,20,0,3
BRDA:79,21,0,0
BRDA:79,22,0,0
BRDA:84,23,0,6
BRDA:85,24,0,0
BRDA:85,25,0,0
BRDA:90,26,0,3
BRDA:90,27,0,3
BRDA:94,28,0,0
BRDA:90,29,0,3
BRDA:98,30,0,6
BRDA:98,31,0,3
BRDA:98,32,0,6
BRDA:102,33,0,1
BRDA:103,34,0,1
BRDA:200,35,0,6
BRDA:210,36,0,3
BRDA:210,37,0,3
BRDA:211,38,0,3
BRDA:211,39,0,3
BRDA:212,40,0,3
BRDA:212,41,0,3
BRDA:218,42,0,0
BRF:43
BRH:28
end_of_record
TN:
SF:src\features\Orders\UnifiedWorkspace.tsx
FN:59,UnifiedWorkspace
FN:84,load
FN:154,onApproveConfidence
FN:177,patchActiveRecord
FN:187,goPhase2
FN:192,navigatePhase3
FN:200,navigatePhase4
FN:208,goPhase3
FN:229,selectCustomer
FN:246,selectStock
FN:262,patchRow
FN:269,addRow
FN:278,removeRow
FN:294,restoreRemovedRow
FN:310,addPlate
FN:320,mergePreviewLine
FN:329,goPhase4
FN:353,runExport
FN:383,markAsError
FN:400,saveFolderSettings
FN:434,onPhase1
FN:436,onPhase3
FN:437,onPhase4
FN:457,onChange
FN:471,onClick
FN:504,onEdit
FN:505,onApprove
FN:512,onChange
FN:514,onClick
FN:529,onChange
FN:530,onChange
FN:531,onChange
FN:532,onChange
FN:533,onChange
FN:534,onChange
FN:535,onChange
FN:536,onChange
FN:537,onChange
FN:547,onChange
FN:555,onClick
FN:557,onClick
FN:595,onChangeActive
FNF:42
FNH:23
FNDA:148,UnifiedWorkspace
FNDA:11,load
FNDA:18,onApproveConfidence
FNDA:1,patchActiveRecord
FNDA:14,goPhase2
FNDA:10,navigatePhase3
FNDA:6,navigatePhase4
FNDA:9,goPhase3
FNDA:8,selectCustomer
FNDA:8,selectStock
FNDA:0,patchRow
FNDA:0,addRow
FNDA:0,removeRow
FNDA:0,restoreRemovedRow
FNDA:0,addPlate
FNDA:53,mergePreviewLine
FNDA:6,goPhase4
FNDA:4,runExport
FNDA:1,markAsError
FNDA:0,saveFolderSettings
FNDA:5,onPhase1
FNDA:10,onPhase3
FNDA:6,onPhase4
FNDA:1,onChange
FNDA:0,onClick
FNDA:0,onEdit
FNDA:18,onApprove
FNDA:0,onChange
FNDA:1,onClick
FNDA:0,onChange
FNDA:0,onChange
FNDA:1,onChange
FNDA:0,onChange
FNDA:0,onChange
FNDA:0,onChange
FNDA:0,onChange
FNDA:0,onChange
FNDA:0,onChange
FNDA:0,onChange
FNDA:9,onClick
FNDA:9,onClick
FNDA:0,onChangeActive
DA:1,1
DA:59,1
DA:60,148
DA:61,148
DA:62,148
DA:63,148
DA:64,148
DA:65,148
DA:66,148
DA:67,148
DA:68,148
DA:69,148
DA:70,148
DA:71,148
DA:72,148
DA:73,148
DA:74,148
DA:75,148
DA:76,148
DA:77,148
DA:78,148
DA:79,148
DA:80,148
DA:82,148
DA:83,11
DA:84,11
DA:85,11
DA:86,11
DA:87,11
DA:88,11
DA:89,11
DA:90,11
DA:91,11
DA:92,0
DA:93,0
DA:94,0
DA:95,0
DA:96,0
DA:97,0
DA:98,0
DA:99,0
DA:100,0
DA:101,11
DA:103,11
DA:104,11
DA:105,0
DA:106,0
DA:107,11
DA:108,11
DA:109,11
DA:110,11
DA:111,11
DA:112,11
DA:113,11
DA:114,11
DA:115,11
DA:116,11
DA:117,148
DA:119,148
DA:120,11
DA:121,148
DA:123,148
DA:124,77
DA:125,77
DA:126,148
DA:128,148
DA:130,148
DA:132,148
DA:133,148
DA:134,148
DA:135,148
DA:137,148
DA:138,148
DA:139,148
DA:140,148
DA:142,148
DA:143,148
DA:144,148
DA:145,148
DA:146,148
DA:147,148
DA:148,148
DA:149,148
DA:150,148
DA:152,148
DA:154,148
DA:155,18
DA:156,18
DA:157,18
DA:158,18
DA:159,18
DA:160,18
DA:161,18
DA:162,18
DA:163,18
DA:164,18
DA:165,18
DA:166,18
DA:167,18
DA:168,18
DA:169,0
DA:170,18
DA:171,18
DA:172,18
DA:173,18
DA:174,18
DA:175,18
DA:177,148
DA:178,1
DA:179,1
DA:180,1
DA:181,1
DA:182,1
DA:183,1
DA:184,1
DA:185,1
DA:187,148
DA:188,14
DA:189,14
DA:190,14
DA:192,148
DA:193,10
DA:194,9
DA:195,9
DA:196,9
DA:197,1
DA:198,10
DA:200,148
DA:201,6
DA:202,6
DA:203,6
DA:204,6
DA:205,0
DA:206,6
DA:208,148
DA:209,9
DA:210,9
DA:211,9
DA:212,9
DA:213,9
DA:214,9
DA:215,9
DA:216,9
DA:217,9
DA:218,9
DA:219,9
DA:220,9
DA:221,9
DA:222,9
DA:223,9
DA:224,9
DA:225,9
DA:226,9
DA:227,9
DA:229,148
DA:230,8
DA:231,8
DA:232,8
DA:233,8
DA:234,8
DA:235,8
DA:236,8
DA:237,8
DA:238,8
DA:239,8
DA:240,8
DA:241,8
DA:242,8
DA:243,8
DA:244,8
DA:246,148
DA:247,8
DA:248,8
DA:249,8
DA:250,8
DA:251,8
DA:252,8
DA:253,8
DA:254,8
DA:255,8
DA:256,8
DA:257,8
DA:258,8
DA:259,8
DA:260,8
DA:262,148
DA:263,0
DA:264,0
DA:265,0
DA:266,0
DA:267,0
DA:269,148
DA:270,0
DA:271,0
DA:272,0
DA:273,0
DA:274,0
DA:275,0
DA:276,0
DA:278,148
DA:279,0
DA:280,0
DA:281,0
DA:282,0
DA:283,0
DA:284,0
DA:285,0
DA:286,0
DA:287,0
DA:288,0
DA:289,0
DA:290,0
DA:291,0
DA:292,0
DA:294,148
DA:295,0
DA:296,0
DA:297,0
DA:298,0
DA:299,0
DA:300,0
DA:301,0
DA:302,0
DA:303,0
DA:304,0
DA:305,0
DA:306,0
DA:307,0
DA:308,0
DA:310,148
DA:311,0
DA:312,0
DA:313,0
DA:314,0
DA:315,0
DA:316,0
DA:317,0
DA:318,0
DA:320,148
DA:321,53
DA:322,53
DA:323,53
DA:324,0
DA:325,0
DA:326,0
DA:327,53
DA:329,148
DA:330,6
DA:331,6
DA:332,6
DA:333,6
DA:334,6
DA:335,6
DA:336,6
DA:337,6
DA:338,6
DA:339,6
DA:340,6
DA:341,6
DA:342,6
DA:343,6
DA:344,6
DA:345,6
DA:346,6
DA:347,6
DA:348,6
DA:349,6
DA:350,6
DA:351,6
DA:353,148
DA:354,4
DA:355,4
DA:356,4
DA:357,4
DA:358,4
DA:359,4
DA:360,4
DA:361,4
DA:362,1
DA:363,3
DA:364,1
DA:365,2
DA:367,4
DA:368,4
DA:369,4
DA:370,4
DA:371,4
DA:372,4
DA:373,4
DA:374,4
DA:375,4
DA:376,4
DA:377,4
DA:378,4
DA:379,4
DA:380,4
DA:381,4
DA:383,148
DA:384,1
DA:385,1
DA:386,1
DA:387,1
DA:388,1
DA:389,1
DA:390,1
DA:391,1
DA:392,1
DA:393,1
DA:394,1
DA:395,1
DA:396,1
DA:397,1
DA:398,1
DA:400,148
DA:401,0
DA:402,0
DA:403,0
DA:404,0
DA:405,0
DA:406,0
DA:407,0
DA:408,0
DA:409,0
DA:410,0
DA:411,0
DA:412,0
DA:413,0
DA:414,0
DA:415,0
DA:416,0
DA:417,0
DA:418,0
DA:420,148
DA:421,11
DA:422,11
DA:424,148
DA:425,0
DA:426,0
DA:428,137
DA:429,137
DA:430,137
DA:431,137
DA:432,137
DA:433,137
DA:434,137
DA:435,137
DA:436,137
DA:437,137
DA:438,137
DA:440,137
DA:441,28
DA:442,28
DA:444,28
DA:445,28
DA:446,28
DA:447,28
DA:448,28
DA:449,28
DA:451,28
DA:452,28
DA:453,168
DA:454,168
DA:455,168
DA:456,168
DA:457,168
DA:458,168
DA:459,168
DA:460,168
DA:461,28
DA:462,28
DA:463,1
DA:464,1
DA:465,1
DA:466,1
DA:467,1
DA:468,1
DA:470,28
DA:471,28
DA:473,28
DA:474,28
DA:475,28
DA:477,28
DA:478,28
DA:479,28
DA:480,28
DA:481,28
DA:482,28
DA:483,28
DA:484,28
DA:485,28
DA:486,28
DA:487,28
DA:490,148
DA:491,42
DA:492,42
DA:493,42
DA:495,42
DA:496,42
DA:497,42
DA:498,42
DA:499,42
DA:501,42
DA:502,42
DA:503,42
DA:504,42
DA:505,42
DA:506,42
DA:507,42
DA:509,42
DA:510,42
DA:511,42
DA:512,42
DA:513,42
DA:514,42
DA:515,42
DA:517,42
DA:518,42
DA:519,42
DA:522,148
DA:523,53
DA:524,53
DA:526,53
DA:528,53
DA:529,53
DA:530,53
DA:531,53
DA:532,53
DA:533,53
DA:534,53
DA:535,53
DA:536,53
DA:537,53
DA:538,53
DA:539,53
DA:541,53
DA:542,53
DA:543,53
DA:544,53
DA:545,53
DA:546,53
DA:547,53
DA:548,53
DA:549,53
DA:550,53
DA:551,53
DA:552,53
DA:554,53
DA:555,53
DA:556,53
DA:557,53
DA:558,53
DA:559,53
DA:561,53
DA:563,53
DA:564,12
DA:565,12
DA:566,12
DA:567,12
DA:568,12
DA:569,12
DA:570,12
DA:571,12
DA:572,12
DA:575,53
DA:576,10
DA:577,10
DA:578,10
DA:579,10
DA:580,10
DA:581,10
DA:582,10
DA:583,10
DA:584,10
DA:587,53
DA:588,53
DA:589,53
DA:591,53
DA:592,53
DA:593,53
DA:594,53
DA:595,53
DA:596,53
DA:598,53
DA:599,53
DA:600,53
DA:601,53
DA:602,53
DA:603,53
DA:605,53
DA:607,53
DA:608,53
DA:609,53
DA:610,53
DA:612,53
DA:613,0
DA:614,0
DA:615,0
DA:616,0
DA:619,53
DA:620,1
DA:621,1
DA:622,1
DA:623,1
DA:625,53
DA:628,148
DA:629,14
DA:630,14
DA:631,14
DA:632,14
DA:634,14
DA:636,14
DA:638,14
DA:639,4
DA:640,4
DA:641,4
DA:642,4
DA:645,14
DA:646,1
DA:649,14
DA:650,14
DA:653,148
DA:654,148
DA:655,148
DA:656,148
DA:658,148
LF:525
LH:437
BRDA:59,0,0,148
BRDA:142,1,0,137
BRDA:142,2,0,11
BRDA:143,3,0,137
BRDA:143,4,0,11
BRDA:144,5,0,137
BRDA:144,6,0,11
BRDA:146,7,0,0
BRDA:147,8,0,2
BRDA:147,9,0,146
BRDA:150,10,0,137
BRDA:150,11,0,11
BRDA:420,12,0,11
BRDA:422,13,0,137
BRDA:424,14,0,0
BRDA:426,15,0,137
BRDA:440,16,0,28
BRDA:462,17,0,1
BRDA:490,18,0,42
BRDA:498,19,0,0
BRDA:522,20,0,53
BRDA:563,21,0,12
BRDA:575,22,0,10
BRDA:612,23,0,0
BRDA:619,24,0,1
BRDA:628,25,0,14
BRDA:631,26,0,1
BRDA:631,27,0,13
BRDA:638,28,0,4
BRDA:645,29,0,1
BRDA:649,30,0,1
BRDA:82,31,0,11
BRDA:84,32,0,11
BRDA:87,33,0,0
BRDA:89,34,0,0
BRDA:91,35,0,0
BRDA:104,36,0,0
BRDA:114,37,0,11
BRDA:119,38,0,11
BRDA:123,39,0,77
BRDA:124,40,0,11
BRDA:124,41,0,66
BRDA:125,42,0,0
BRDA:125,43,0,0
BRDA:125,44,0,66
BRDA:128,45,0,12
BRDA:133,46,0,78
BRDA:133,47,0,67
BRDA:133,48,0,11
BRDA:138,49,0,78
BRDA:138,50,0,67
BRDA:138,51,0,11
BRDA:148,52,0,296
BRDA:152,53,0,77
BRDA:152,54,0,66
BRDA:152,55,0,11
BRDA:154,56,0,18
BRDA:155,57,0,0
BRDA:158,58,0,18
BRDA:160,59,0,18
BRDA:168,60,0,0
BRDA:177,61,0,1
BRDA:178,62,0,0
BRDA:187,63,0,14
BRDA:192,64,0,10
BRDA:193,65,0,9
BRDA:196,66,0,1
BRDA:200,67,0,6
BRDA:204,68,0,0
BRDA:208,69,0,9
BRDA:209,70,0,0
BRDA:215,71,0,9
BRDA:229,72,0,8
BRDA:230,73,0,0
BRDA:232,74,0,0
BRDA:231,75,0,8
BRDA:235,76,0,8
BRDA:246,77,0,8
BRDA:247,78,0,0
BRDA:249,79,0,0
BRDA:248,80,0,8
BRDA:252,81,0,8
BRDA:320,82,0,53
BRDA:323,83,0,0
BRDA:329,84,0,6
BRDA:330,85,0,0
BRDA:339,86,0,6
BRDA:353,87,0,4
BRDA:354,88,0,0
BRDA:361,89,0,1
BRDA:362,90,0,3
BRDA:363,91,0,1
BRDA:364,92,0,2
BRDA:369,93,0,4
BRDA:372,94,0,1
BRDA:372,95,0,3
BRDA:383,96,0,1
BRDA:384,97,0,0
BRDA:390,98,0,1
BRDA:434,99,0,5
BRDA:436,100,0,10
BRDA:437,101,0,6
BRDA:452,102,0,168
BRDA:459,103,0,1
BRDA:457,104,0,1
BRDA:457,105,0,1
BRDA:465,106,0,1
BRDA:505,107,0,18
BRDA:514,108,0,1
BRDA:531,109,0,1
BRDA:531,110,0,1
BRDA:555,111,0,9
BRDA:557,112,0,9
BRDA:569,113,0,13
BRDA:581,114,0,11
BRDA:622,115,0,1
BRF:116
BRH:93
end_of_record
TN:
SF:src\features\Orders\exportContract.ts
FN:1,(empty-report)
FNF:1
FNH:0
FNDA:0,(empty-report)
DA:1,0
DA:10,0
DA:11,0
DA:12,0
DA:13,0
DA:14,0
DA:15,0
DA:17,0
DA:19,0
DA:20,0
DA:21,0
DA:23,0
DA:24,0
DA:25,0
DA:26,0
DA:27,0
DA:28,0
DA:29,0
DA:30,0
DA:31,0
DA:32,0
DA:33,0
DA:34,0
DA:35,0
DA:36,0
LF:25
LH:0
BRDA:1,0,0,0
BRF:1
BRH:0
end_of_record
TN:
SF:src\features\Orders\exportStatusContract.ts
FN:6,getExportNoticeTone
FN:16,mapExportResultToRecordStatus
FNF:2
FNH:2
FNDA:4,getExportNoticeTone
FNDA:5,mapExportResultToRecordStatus
DA:6,1
DA:7,4
DA:8,4
DA:9,4
DA:10,4
DA:11,4
DA:12,4
DA:13,1
DA:14,1
DA:16,1
DA:17,5
DA:18,5
DA:19,5
DA:20,5
DA:21,5
DA:22,5
DA:23,5
DA:24,2
DA:25,2
LF:19
LH:19
BRDA:6,0,0,4
BRDA:9,1,0,0
BRDA:10,2,0,1
BRDA:10,3,0,3
BRDA:11,4,0,1
BRDA:11,5,0,2
BRDA:12,6,0,1
BRDA:16,7,0,5
BRDA:21,8,0,1
BRDA:21,9,0,4
BRDA:22,10,0,1
BRDA:22,11,0,3
BRDA:23,12,0,1
BRDA:23,13,0,2
BRF:14
BRH:13
end_of_record
TN:
SF:src\features\Orders\index.ts
FN:1,(empty-report)
FNF:1
FNH:0
FNDA:0,(empty-report)
DA:1,0
LF:1
LH:0
BRDA:1,0,0,0
BRF:1
BRH:0
end_of_record
TN:
SF:src\features\Orders\optiplanWorkflowTypes.ts
FN:1,(empty-report)
FNF:1
FNH:1
FNDA:1,(empty-report)
LF:0
LH:0
BRDA:1,0,0,1
BRF:1
BRH:1
end_of_record
TN:
SF:src\features\Orders\workflowUiContract.ts
FNF:0
FNH:0
DA:1,1
DA:6,1
DA:7,1
DA:8,1
DA:9,1
DA:10,1
DA:11,1
DA:13,1
DA:14,1
DA:15,1
DA:16,1
DA:17,1
DA:18,1
DA:19,1
DA:20,1
DA:22,1
DA:23,1
DA:24,1
DA:25,1
DA:26,1
DA:28,1
DA:29,1
DA:30,1
DA:31,1
DA:32,1
DA:33,1
DA:34,1
DA:35,1
DA:36,1
DA:37,1
LF:30
LH:30
BRF:0
BRH:0
end_of_record
TN:
SF:src\features\Orders\workflowWorkspaceUI.tsx
FN:31,PhaseNav
FN:47,FolderStatCard
FN:60,WorkflowStatusBadge
FN:75,WorkflowRecordSummaryCard
FN:101,formatMetric
FN:108,WorkflowOcrSummaryPanel
FN:152,ExportPreviewTable
FN:182,SectionCard
FN:201,RecordSelector
FN:206,onClick
FN:228,RemovedRowsPanel
FN:252,CommercialFieldRow
FN:275,WorkflowCommercialReadinessPanel
FN:305,AuditTrailPanel
FN:331,ExportResultPanel
FN:366,ErrorRetryCard
FN:392,MatchPickerPanel
FN:407,onChange
FN:411,onClick
FN:428,OcrRowsTable
FN:433,render
FN:440,onChange
FN:441,onKeyDown
FN:455,onClick
FN:463,render
FN:470,onChange
FN:471,onKeyDown
FN:485,onClick
FN:493,render
FN:500,onChange
FN:501,onKeyDown
FN:515,onClick
FN:536,PlateSelectorPanel
FN:547,onChange
FN:564,Phase3RowsEditorTable
FN:569,render
FN:570,onChange
FN:576,render
FN:577,onChange
FN:583,render
FN:584,onChange
FN:590,render
FN:591,onChange
FN:597,render
FN:598,onChange
FN:609,render
FN:610,onChange
FN:621,render
FN:622,onChange
FN:632,render
FN:632,onClick
FNF:51
FNH:36
FNDA:129,PhaseNav
FNDA:72,FolderStatCard
FNDA:133,WorkflowStatusBadge
FNDA:18,WorkflowRecordSummaryCard
FNDA:226,formatMetric
FNDA:113,WorkflowOcrSummaryPanel
FNDA:15,ExportPreviewTable
FNDA:145,SectionCard
FNDA:129,RecordSelector
FNDA:1,onClick
FNDA:96,RemovedRowsPanel
FNDA:318,CommercialFieldRow
FNDA:53,WorkflowCommercialReadinessPanel
FNDA:43,AuditTrailPanel
FNDA:5,ExportResultPanel
FNDA:2,ErrorRetryCard
FNDA:25,MatchPickerPanel
FNDA:3,onChange
FNDA:18,onClick
FNDA:43,OcrRowsTable
FNDA:43,render
FNDA:0,onChange
FNDA:0,onKeyDown
FNDA:10,onClick
FNDA:43,render
FNDA:0,onChange
FNDA:0,onKeyDown
FNDA:0,onClick
FNDA:43,render
FNDA:0,onChange
FNDA:0,onKeyDown
FNDA:9,onClick
FNDA:54,PlateSelectorPanel
FNDA:1,onChange
FNDA:53,Phase3RowsEditorTable
FNDA:53,render
FNDA:0,onChange
FNDA:53,render
FNDA:0,onChange
FNDA:53,render
FNDA:0,onChange
FNDA:53,render
FNDA:0,onChange
FNDA:53,render
FNDA:0,onChange
FNDA:53,render
FNDA:0,onChange
FNDA:53,render
FNDA:0,onChange
FNDA:53,render
FNDA:0,onClick
DA:1,1
DA:31,1
DA:32,129
DA:33,129
DA:34,129
DA:35,129
DA:36,129
DA:37,129
DA:38,129
DA:40,129
DA:47,1
DA:48,72
DA:49,72
DA:50,72
DA:51,72
DA:52,72
DA:54,72
DA:60,1
DA:61,133
DA:62,133
DA:63,133
DA:75,1
DA:76,18
DA:77,18
DA:78,18
DA:79,18
DA:80,18
DA:81,18
DA:82,18
DA:83,18
DA:84,18
DA:85,18
DA:86,18
DA:87,18
DA:88,18
DA:89,18
DA:90,18
DA:91,18
DA:92,18
DA:93,18
DA:95,18
DA:101,226
DA:102,226
DA:103,226
DA:104,226
DA:105,0
DA:106,0
DA:108,1
DA:109,113
DA:110,113
DA:111,113
DA:112,113
DA:113,113
DA:114,113
DA:115,113
DA:116,113
DA:117,113
DA:118,113
DA:119,113
DA:121,113
DA:122,113
DA:123,113
DA:124,113
DA:125,113
DA:126,113
DA:127,113
DA:128,113
DA:129,113
DA:130,0
DA:131,0
DA:132,0
DA:133,113
DA:134,113
DA:135,113
DA:136,1017
DA:137,1017
DA:138,1017
DA:139,1017
DA:140,113
DA:141,113
DA:142,113
DA:143,113
DA:145,113
DA:152,1
DA:153,15
DA:154,15
DA:155,15
DA:156,15
DA:157,15
DA:158,15
DA:159,15
DA:160,15
DA:161,15
DA:162,15
DA:163,15
DA:164,15
DA:165,15
DA:166,15
DA:167,15
DA:168,15
DA:169,15
DA:170,15
DA:171,15
DA:172,15
DA:173,15
DA:175,15
DA:182,1
DA:183,145
DA:184,145
DA:185,145
DA:186,145
DA:188,145
DA:201,1
DA:202,129
DA:203,129
DA:204,129
DA:205,129
DA:206,131
DA:207,131
DA:208,131
DA:209,129
DA:210,129
DA:211,129
DA:213,129
DA:228,1
DA:229,96
DA:230,96
DA:231,96
DA:232,96
DA:233,96
DA:234,0
DA:235,0
DA:236,0
DA:237,0
DA:238,0
DA:239,0
DA:240,0
DA:241,0
DA:242,96
DA:243,96
DA:245,96
DA:252,318
DA:253,318
DA:254,318
DA:255,318
DA:256,318
DA:257,318
DA:258,318
DA:259,318
DA:260,318
DA:261,318
DA:262,318
DA:264,318
DA:265,318
DA:266,318
DA:267,318
DA:268,318
DA:269,318
DA:270,318
DA:271,318
DA:273,318
DA:275,1
DA:276,53
DA:278,53
DA:279,53
DA:280,53
DA:281,53
DA:282,53
DA:283,53
DA:284,53
DA:285,38
DA:286,38
DA:287,38
DA:288,59
DA:289,38
DA:290,38
DA:292,15
DA:294,15
DA:296,53
DA:297,53
DA:299,53
DA:305,1
DA:306,43
DA:308,43
DA:309,43
DA:310,43
DA:311,43
DA:312,42
DA:313,1
DA:314,1
DA:315,1
DA:316,1
DA:317,1
DA:318,1
DA:319,1
DA:320,1
DA:321,43
DA:322,43
DA:324,43
DA:331,1
DA:332,5
DA:333,5
DA:334,5
DA:335,5
DA:336,5
DA:337,5
DA:338,5
DA:339,5
DA:340,5
DA:341,5
DA:342,5
DA:344,5
DA:345,3
DA:346,3
DA:347,3
DA:348,3
DA:349,3
DA:350,3
DA:351,3
DA:352,3
DA:353,3
DA:355,5
DA:356,5
DA:358,5
DA:366,1
DA:367,2
DA:368,2
DA:369,2
DA:370,2
DA:371,2
DA:372,2
DA:373,2
DA:374,2
DA:376,2
DA:392,1
DA:393,25
DA:394,25
DA:395,25
DA:396,25
DA:397,25
DA:398,25
DA:399,25
DA:400,25
DA:401,25
DA:402,25
DA:403,25
DA:404,25
DA:405,25
DA:406,25
DA:407,25
DA:408,25
DA:409,25
DA:410,25
DA:411,27
DA:412,27
DA:413,27
DA:414,25
DA:415,25
DA:416,25
DA:417,25
DA:419,25
DA:428,1
DA:429,43
DA:430,43
DA:431,43
DA:432,43
DA:433,43
DA:434,43
DA:435,43
DA:436,16
DA:437,16
DA:438,16
DA:439,16
DA:440,16
DA:441,16
DA:442,0
DA:443,0
DA:444,0
DA:445,0
DA:446,0
DA:447,16
DA:448,16
DA:450,27
DA:451,27
DA:452,27
DA:454,43
DA:455,16
DA:457,43
DA:459,43
DA:460,43
DA:461,43
DA:462,43
DA:463,43
DA:464,43
DA:465,43
DA:466,0
DA:467,0
DA:468,0
DA:469,0
DA:470,0
DA:471,0
DA:472,0
DA:473,0
DA:474,0
DA:475,0
DA:476,0
DA:477,0
DA:478,0
DA:480,43
DA:481,43
DA:482,43
DA:484,43
DA:485,0
DA:487,43
DA:489,43
DA:490,43
DA:491,43
DA:492,43
DA:493,43
DA:494,43
DA:495,43
DA:496,25
DA:497,25
DA:498,25
DA:499,25
DA:500,25
DA:501,25
DA:502,0
DA:503,0
DA:504,0
DA:505,0
DA:506,0
DA:507,25
DA:508,25
DA:510,18
DA:511,18
DA:512,18
DA:514,43
DA:515,25
DA:517,43
DA:519,43
DA:520,43
DA:522,43
DA:523,43
DA:524,43
DA:525,43
DA:527,43
DA:536,1
DA:537,54
DA:538,54
DA:539,54
DA:540,54
DA:541,55
DA:542,55
DA:543,55
DA:544,55
DA:545,55
DA:546,55
DA:547,55
DA:548,55
DA:549,55
DA:550,55
DA:551,54
DA:552,54
DA:553,54
DA:555,54
DA:564,1
DA:565,53
DA:566,53
DA:567,53
DA:568,53
DA:569,53
DA:570,53
DA:572,53
DA:573,53
DA:574,53
DA:575,53
DA:576,53
DA:577,53
DA:579,53
DA:580,53
DA:581,53
DA:582,53
DA:583,53
DA:584,53
DA:586,53
DA:587,53
DA:588,53
DA:589,53
DA:590,53
DA:591,53
DA:593,53
DA:594,53
DA:595,53
DA:596,53
DA:597,53
DA:598,53
DA:599,53
DA:600,53
DA:601,53
DA:602,53
DA:603,53
DA:605,53
DA:606,53
DA:607,53
DA:608,53
DA:609,53
DA:610,53
DA:611,53
DA:612,53
DA:613,53
DA:614,53
DA:615,53
DA:617,53
DA:618,53
DA:619,53
DA:620,53
DA:621,53
DA:622,53
DA:623,53
DA:624,53
DA:625,53
DA:626,53
DA:628,53
DA:629,53
DA:630,53
DA:631,53
DA:632,53
DA:633,53
DA:634,53
DA:636,53
DA:637,53
DA:638,53
DA:639,53
DA:641,53
LF:435
LH:398
BRDA:31,0,0,129
BRDA:36,1,0,84
BRDA:37,2,0,26
BRDA:47,3,0,72
BRDA:60,4,0,133
BRDA:75,5,0,18
BRDA:90,6,0,0
BRDA:91,7,0,0
BRDA:101,8,0,226
BRDA:102,9,0,0
BRDA:104,10,0,0
BRDA:108,11,0,113
BRDA:113,12,0,0
BRDA:116,13,0,0
BRDA:117,14,0,0
BRDA:118,15,0,0
BRDA:125,16,0,0
BRDA:126,17,0,0
BRDA:128,18,0,0
BRDA:129,19,0,0
BRDA:135,20,0,1017
BRDA:152,21,0,15
BRDA:164,22,0,15
BRDA:166,23,0,0
BRDA:169,24,0,14
BRDA:182,25,0,145
BRDA:201,26,0,129
BRDA:205,27,0,131
BRDA:206,28,0,1
BRDA:228,29,0,96
BRDA:233,30,0,0
BRDA:252,31,0,318
BRDA:261,32,0,259
BRDA:261,33,0,59
BRDA:266,34,0,259
BRDA:266,35,0,59
BRDA:275,36,0,53
BRDA:284,37,0,38
BRDA:290,38,0,15
BRDA:282,39,0,318
BRDA:287,40,0,59
BRDA:305,41,0,43
BRDA:311,42,0,42
BRDA:312,43,0,1
BRDA:313,44,0,1
BRDA:331,45,0,5
BRDA:337,46,0,0
BRDA:344,47,0,3
BRDA:347,48,0,3
BRDA:366,49,0,2
BRDA:372,50,0,1
BRDA:392,51,0,25
BRDA:415,52,0,1
BRDA:407,53,0,3
BRDA:410,54,0,27
BRDA:411,55,0,18
BRDA:428,56,0,43
BRDA:433,57,0,43
BRDA:435,58,0,16
BRDA:439,59,0,0
BRDA:448,60,0,27
BRDA:450,61,0,0
BRDA:454,62,0,16
BRDA:454,63,0,16
BRDA:455,64,0,10
BRDA:463,65,0,43
BRDA:465,66,0,0
BRDA:465,67,0,0
BRDA:480,68,0,0
BRDA:484,69,0,0
BRDA:484,70,0,0
BRDA:493,71,0,43
BRDA:495,72,0,25
BRDA:499,73,0,0
BRDA:508,74,0,18
BRDA:510,75,0,0
BRDA:514,76,0,25
BRDA:514,77,0,25
BRDA:515,78,0,9
BRDA:536,79,0,54
BRDA:540,80,0,55
BRDA:547,81,0,1
BRDA:564,82,0,53
BRDA:569,83,0,53
BRDA:576,84,0,53
BRDA:583,85,0,53
BRDA:590,86,0,53
BRDA:597,87,0,53
BRDA:609,88,0,53
BRDA:621,89,0,53
BRDA:623,90,0,53
BRDA:632,91,0,53
BRF:92
BRH:68
end_of_record
TN:
SF:src\features\Orders\workflowWorkspaceUtils.ts
FN:78,createAuditEntry
FN:87,buildAuditMessage
FN:112,sortAuditEntriesDesc
FN:116,formatAuditTimestamp
FN:129,appendAuditEvent
FN:133,parseNumericInput
FN:140,exportStatusTone
FN:147,workflowStatusTone
FN:153,validateFolderSettings
FN:182,filterCustomerMatches
FN:191,filterStockMatches
FN:200,updateRecord
FN:204,isRowFieldLowConfidence
FN:208,isPhase2Approved
FN:215,normalizeExportFilename
FN:227,toPreviewRows
FN:245,statusLabel
FN:254,phase1FolderCounts
FN:256,records.reduce.whatsapp_raw
FN:269,validateRows
FN:277,getWorkflowTransferBlockingIssues
FN:304,buildWorkflowCommercialFieldProfile
FN:357,validateRow
FN:374,canProceedToPhase4
FN:383,buildEmptyRow
FN:406,buildNewPlate
FN:417,applyBandOverride
FNF:27
FNH:27
FNDA:2,createAuditEntry
FNDA:3,buildAuditMessage
FNDA:44,sortAuditEntriesDesc
FNDA:4,formatAuditTimestamp
FNDA:1,appendAuditEvent
FNDA:3,parseNumericInput
FNDA:9,exportStatusTone
FNDA:136,workflowStatusTone
FNDA:13,validateFolderSettings
FNDA:79,filterCustomerMatches
FNDA:79,filterStockMatches
FNDA:56,updateRecord
FNDA:579,isRowFieldLowConfidence
FNDA:139,isPhase2Approved
FNDA:54,normalizeExportFilename
FNDA:7,toPreviewRows
FNDA:30,statusLabel
FNDA:78,phase1FolderCounts
FNDA:68,records.reduce.whatsapp_raw
FNDA:138,validateRows
FNDA:278,getWorkflowTransferBlockingIssues
FNDA:53,buildWorkflowCommercialFieldProfile
FNDA:139,validateRow
FNDA:153,canProceedToPhase4
FNDA:1,buildEmptyRow
FNDA:1,buildNewPlate
FNDA:1,applyBandOverride
DA:58,1
DA:59,1
DA:60,1
DA:61,1
DA:62,1
DA:63,1
DA:64,1
DA:65,1
DA:67,1
DA:68,1
DA:69,1
DA:70,1
DA:71,1
DA:72,1
DA:73,1
DA:74,1
DA:76,1
DA:78,1
DA:79,2
DA:80,2
DA:81,2
DA:82,2
DA:83,2
DA:84,2
DA:85,2
DA:87,1
DA:88,3
DA:89,3
DA:90,0
DA:91,3
DA:92,0
DA:93,3
DA:94,1
DA:95,3
DA:96,1
DA:97,3
DA:98,0
DA:99,3
DA:100,0
DA:101,3
DA:102,0
DA:103,3
DA:104,1
DA:105,3
DA:106,0
DA:107,3
DA:108,0
DA:109,3
DA:110,3
DA:112,1
DA:113,44
DA:114,44
DA:116,1
DA:117,4
DA:118,3
DA:119,4
DA:120,1
DA:121,1
DA:122,1
DA:123,1
DA:124,1
DA:125,1
DA:126,1
DA:127,1
DA:129,1
DA:130,1
DA:131,1
DA:133,1
DA:134,3
DA:135,3
DA:136,2
DA:137,3
DA:138,3
DA:140,1
DA:141,9
DA:142,8
DA:143,8
DA:144,2
DA:145,2
DA:147,1
DA:148,136
DA:149,135
DA:150,129
DA:151,129
DA:153,1
DA:154,13
DA:155,13
DA:157,13
DA:158,78
DA:159,78
DA:160,0
DA:161,0
DA:162,0
DA:164,78
DA:165,78
DA:166,78
DA:167,2
DA:168,2
DA:169,2
DA:171,78
DA:172,1
DA:173,1
DA:174,1
DA:176,75
DA:177,13
DA:179,13
DA:180,13
DA:182,1
DA:183,79
DA:184,79
DA:186,2
DA:187,2
DA:188,2
DA:189,2
DA:191,1
DA:192,79
DA:193,79
DA:195,2
DA:196,2
DA:197,2
DA:198,2
DA:200,1
DA:201,56
DA:202,56
DA:204,1
DA:205,579
DA:206,579
DA:208,1
DA:209,139
DA:210,139
DA:211,139
DA:212,139
DA:213,139
DA:215,1
DA:216,54
DA:217,54
DA:218,54
DA:219,54
DA:221,54
DA:222,54
DA:223,54
DA:224,54
DA:225,54
DA:227,1
DA:228,7
DA:229,7
DA:230,7
DA:231,7
DA:232,7
DA:233,7
DA:234,7
DA:235,7
DA:236,7
DA:237,7
DA:238,7
DA:239,7
DA:240,7
DA:241,7
DA:242,7
DA:243,7
DA:245,1
DA:246,30
DA:247,29
DA:248,30
DA:249,30
DA:250,30
DA:251,22
DA:252,22
DA:254,1
DA:255,78
DA:256,78
DA:257,68
DA:258,68
DA:259,68
DA:260,78
DA:261,78
DA:262,78
DA:263,78
DA:264,78
DA:265,78
DA:266,78
DA:267,78
DA:269,1
DA:270,138
DA:271,138
DA:272,138
DA:273,138
DA:274,138
DA:275,138
DA:277,1
DA:278,278
DA:280,278
DA:281,186
DA:282,186
DA:283,186
DA:284,186
DA:285,186
DA:287,278
DA:288,218
DA:289,218
DA:290,218
DA:291,218
DA:292,218
DA:294,278
DA:295,3
DA:296,3
DA:297,3
DA:298,3
DA:299,3
DA:301,278
DA:302,278
DA:304,1
DA:305,53
DA:306,53
DA:307,53
DA:308,53
DA:309,53
DA:310,53
DA:311,53
DA:312,53
DA:313,53
DA:314,53
DA:315,53
DA:316,53
DA:317,53
DA:318,53
DA:319,53
DA:320,53
DA:321,53
DA:322,53
DA:323,53
DA:324,53
DA:325,53
DA:326,53
DA:327,53
DA:328,53
DA:329,53
DA:330,53
DA:331,53
DA:332,53
DA:333,53
DA:334,53
DA:335,53
DA:336,53
DA:337,53
DA:338,53
DA:339,53
DA:340,53
DA:341,53
DA:342,53
DA:343,53
DA:344,53
DA:345,53
DA:346,53
DA:347,53
DA:348,53
DA:349,53
DA:350,53
DA:351,53
DA:352,53
DA:353,53
DA:354,53
DA:355,53
DA:357,1
DA:358,139
DA:359,139
DA:360,2
DA:361,2
DA:362,139
DA:363,2
DA:364,2
DA:365,139
DA:366,1
DA:367,1
DA:368,139
DA:369,1
DA:370,1
DA:371,139
DA:372,139
DA:374,1
DA:375,153
DA:376,141
DA:377,141
DA:378,30
DA:379,29
DA:380,153
DA:381,153
DA:383,1
DA:384,1
DA:385,1
DA:386,1
DA:387,1
DA:388,1
DA:389,1
DA:390,1
DA:391,1
DA:392,1
DA:393,1
DA:394,1
DA:395,1
DA:396,1
DA:397,1
DA:398,1
DA:399,1
DA:400,1
DA:401,1
DA:402,1
DA:403,1
DA:404,1
DA:406,1
DA:407,1
DA:408,1
DA:409,1
DA:410,1
DA:411,1
DA:412,1
DA:413,1
DA:414,1
DA:415,1
DA:417,1
DA:418,1
DA:419,1
DA:420,1
DA:421,1
DA:422,1
LF:325
LH:315
BRDA:78,0,0,2
BRDA:87,1,0,3
BRDA:89,2,0,0
BRDA:91,3,0,0
BRDA:93,4,0,1
BRDA:95,5,0,1
BRDA:97,6,0,0
BRDA:99,7,0,0
BRDA:101,8,0,0
BRDA:103,9,0,1
BRDA:105,10,0,0
BRDA:107,11,0,0
BRDA:112,12,0,44
BRDA:113,13,0,1
BRDA:116,14,0,4
BRDA:117,15,0,1
BRDA:117,16,0,3
BRDA:119,17,0,2
BRDA:119,18,0,1
BRDA:129,19,0,1
BRDA:133,20,0,3
BRDA:135,21,0,1
BRDA:135,22,0,2
BRDA:137,23,0,1
BRDA:137,24,0,1
BRDA:140,25,0,9
BRDA:141,26,0,3
BRDA:141,27,0,8
BRDA:141,28,0,6
BRDA:142,29,0,2
BRDA:142,30,0,4
BRDA:143,31,0,2
BRDA:147,32,0,136
BRDA:148,33,0,4
BRDA:148,34,0,135
BRDA:148,35,0,132
BRDA:149,36,0,133
BRDA:149,37,0,3
BRDA:149,38,0,129
BRDA:153,39,0,13
BRDA:157,40,0,78
BRDA:159,41,0,0
BRDA:166,42,0,2
BRDA:169,43,0,76
BRDA:171,44,0,1
BRDA:174,45,0,75
BRDA:182,46,0,79
BRDA:184,47,0,77
BRDA:184,48,0,2
BRDA:187,49,0,4
BRDA:191,50,0,79
BRDA:193,51,0,77
BRDA:193,52,0,2
BRDA:196,53,0,4
BRDA:200,54,0,56
BRDA:201,55,0,56
BRDA:201,56,0,0
BRDA:204,57,0,579
BRDA:208,58,0,139
BRDA:209,59,0,139
BRDA:211,60,0,325
BRDA:211,61,0,231
BRDA:215,62,0,54
BRDA:216,63,0,21
BRDA:216,64,0,0
BRDA:224,65,0,0
BRDA:217,66,0,216
BRDA:217,67,0,21
BRDA:227,68,0,7
BRDA:228,69,0,7
BRDA:230,70,0,0
BRDA:231,71,0,0
BRDA:232,72,0,0
BRDA:233,73,0,0
BRDA:235,74,0,1
BRDA:236,75,0,0
BRDA:237,76,0,0
BRDA:238,77,0,0
BRDA:239,78,0,0
BRDA:240,79,0,1
BRDA:245,80,0,30
BRDA:246,81,0,1
BRDA:246,82,0,29
BRDA:247,83,0,3
BRDA:247,84,0,26
BRDA:248,85,0,2
BRDA:248,86,0,24
BRDA:249,87,0,2
BRDA:249,88,0,22
BRDA:250,89,0,0
BRDA:250,90,0,22
BRDA:254,91,0,78
BRDA:256,92,0,68
BRDA:269,93,0,138
BRDA:277,94,0,278
BRDA:280,95,0,186
BRDA:287,96,0,218
BRDA:294,97,0,3
BRDA:304,98,0,53
BRDA:311,99,0,21
BRDA:319,100,0,37
BRDA:327,101,0,1
BRDA:335,102,0,0
BRDA:343,103,0,0
BRDA:351,104,0,0
BRDA:357,105,0,139
BRDA:359,106,0,2
BRDA:362,107,0,2
BRDA:365,108,0,1
BRDA:368,109,0,1
BRDA:374,110,0,153
BRDA:375,111,0,12
BRDA:375,112,0,141
BRDA:377,113,0,30
BRDA:378,114,0,29
BRDA:383,115,0,1
BRDA:386,116,0,0
BRDA:398,117,0,0
BRDA:398,118,0,0
BRDA:406,119,0,1
BRDA:417,120,0,1
BRF:121
BRH:95
end_of_record
TN:
SF:src\features\Orders\OptiPlanJob\OptiPlanJobDashboard.tsx
FN:1,(empty-report)
FNF:1
FNH:0
FNDA:0,(empty-report)
DA:1,0
DA:14,0
DA:15,0
DA:16,0
DA:18,0
DA:19,0
DA:20,0
DA:21,0
DA:22,0
DA:25,0
DA:26,0
DA:27,0
DA:28,0
DA:30,0
DA:31,0
DA:32,0
DA:33,0
DA:34,0
DA:35,0
DA:36,0
DA:37,0
DA:38,0
DA:39,0
DA:40,0
DA:41,0
DA:43,0
DA:45,0
DA:46,0
DA:47,0
DA:48,0
DA:49,0
DA:50,0
DA:51,0
DA:52,0
DA:53,0
DA:54,0
DA:55,0
DA:56,0
DA:57,0
DA:58,0
DA:59,0
DA:60,0
DA:61,0
DA:62,0
DA:63,0
DA:65,0
DA:67,0
DA:68,0
DA:69,0
DA:70,0
DA:71,0
DA:72,0
DA:73,0
DA:74,0
DA:76,0
DA:79,0
DA:80,0
DA:81,0
DA:82,0
DA:83,0
DA:84,0
DA:85,0
DA:86,0
DA:87,0
DA:88,0
DA:89,0
DA:90,0
DA:91,0
DA:92,0
DA:93,0
DA:94,0
DA:95,0
DA:96,0
DA:97,0
DA:98,0
DA:99,0
DA:100,0
DA:101,0
DA:102,0
DA:103,0
DA:104,0
DA:105,0
DA:106,0
DA:107,0
DA:109,0
DA:111,0
DA:114,0
DA:115,0
DA:116,0
DA:117,0
DA:118,0
DA:119,0
DA:120,0
DA:121,0
DA:122,0
DA:123,0
DA:124,0
DA:125,0
DA:126,0
DA:127,0
DA:128,0
DA:129,0
DA:130,0
DA:131,0
DA:132,0
DA:133,0
DA:134,0
DA:135,0
DA:137,0
DA:140,0
DA:141,0
DA:142,0
DA:143,0
DA:144,0
DA:149,0
DA:150,0
DA:151,0
DA:152,0
DA:153,0
DA:154,0
DA:156,0
DA:157,0
DA:158,0
DA:159,0
DA:160,0
DA:161,0
DA:162,0
DA:163,0
DA:164,0
DA:166,0
DA:167,0
DA:168,0
DA:169,0
DA:170,0
DA:171,0
DA:172,0
DA:173,0
DA:174,0
DA:175,0
DA:176,0
DA:177,0
DA:178,0
DA:179,0
DA:180,0
DA:181,0
DA:182,0
DA:183,0
DA:184,0
DA:185,0
DA:186,0
DA:187,0
DA:188,0
DA:189,0
DA:190,0
DA:191,0
DA:192,0
DA:193,0
DA:195,0
DA:196,0
DA:198,0
DA:199,0
DA:200,0
DA:201,0
DA:202,0
DA:203,0
DA:204,0
DA:205,0
DA:206,0
DA:207,0
DA:208,0
DA:209,0
DA:210,0
DA:212,0
DA:213,0
DA:214,0
DA:215,0
DA:216,0
DA:218,0
DA:219,0
DA:220,0
DA:221,0
DA:222,0
DA:224,0
DA:225,0
DA:226,0
DA:227,0
DA:228,0
DA:230,0
DA:231,0
DA:232,0
DA:235,0
DA:236,0
DA:237,0
DA:238,0
DA:239,0
DA:240,0
DA:241,0
DA:242,0
DA:243,0
DA:244,0
DA:245,0
DA:246,0
DA:247,0
DA:248,0
DA:249,0
DA:250,0
DA:251,0
DA:252,0
DA:253,0
DA:254,0
DA:255,0
DA:256,0
DA:257,0
DA:258,0
DA:260,0
DA:261,0
DA:262,0
DA:263,0
DA:264,0
DA:265,0
DA:266,0
DA:267,0
DA:268,0
DA:269,0
DA:270,0
DA:271,0
DA:272,0
DA:273,0
DA:274,0
DA:275,0
DA:277,0
DA:279,0
DA:282,0
DA:283,0
DA:284,0
DA:285,0
DA:286,0
DA:287,0
DA:288,0
DA:289,0
DA:290,0
DA:291,0
DA:292,0
DA:293,0
DA:294,0
DA:296,0
DA:297,0
DA:298,0
DA:299,0
DA:300,0
DA:301,0
DA:302,0
DA:303,0
DA:304,0
DA:305,0
DA:306,0
DA:307,0
DA:308,0
DA:309,0
DA:310,0
DA:311,0
DA:312,0
DA:313,0
DA:314,0
DA:315,0
DA:317,0
DA:318,0
DA:319,0
DA:320,0
DA:321,0
DA:322,0
DA:323,0
DA:324,0
DA:325,0
DA:327,0
DA:328,0
DA:329,0
DA:330,0
DA:331,0
DA:332,0
DA:333,0
DA:334,0
DA:335,0
DA:336,0
DA:338,0
DA:339,0
DA:340,0
DA:341,0
DA:342,0
DA:343,0
DA:344,0
DA:345,0
DA:346,0
DA:347,0
DA:348,0
DA:350,0
DA:351,0
DA:352,0
DA:353,0
DA:354,0
DA:355,0
DA:356,0
DA:357,0
DA:358,0
DA:360,0
DA:361,0
DA:362,0
DA:363,0
DA:364,0
DA:365,0
DA:366,0
DA:367,0
DA:368,0
DA:369,0
DA:370,0
DA:371,0
DA:372,0
DA:373,0
DA:375,0
DA:377,0
DA:378,0
DA:381,0
DA:382,0
DA:383,0
DA:384,0
DA:385,0
DA:386,0
DA:387,0
DA:388,0
DA:389,0
DA:390,0
DA:391,0
DA:392,0
DA:393,0
DA:394,0
DA:395,0
DA:396,0
DA:397,0
DA:399,0
DA:400,0
DA:401,0
DA:402,0
DA:403,0
DA:404,0
DA:405,0
DA:406,0
DA:407,0
DA:408,0
DA:409,0
DA:410,0
DA:411,0
DA:412,0
DA:414,0
DA:415,0
DA:417,0
DA:418,0
DA:419,0
DA:422,0
DA:423,0
DA:424,0
DA:425,0
DA:426,0
DA:427,0
DA:428,0
DA:429,0
DA:430,0
DA:431,0
DA:432,0
DA:433,0
DA:434,0
DA:435,0
DA:436,0
DA:437,0
DA:438,0
DA:439,0
DA:440,0
DA:442,0
DA:443,0
DA:446,0
DA:447,0
DA:448,0
DA:449,0
DA:450,0
DA:451,0
DA:452,0
DA:453,0
DA:454,0
DA:455,0
DA:458,0
DA:459,0
DA:460,0
DA:461,0
DA:463,0
DA:464,0
DA:465,0
DA:466,0
DA:467,0
DA:468,0
DA:469,0
DA:470,0
DA:471,0
DA:472,0
DA:473,0
DA:474,0
DA:475,0
DA:477,0
DA:478,0
DA:480,0
DA:482,0
DA:483,0
DA:484,0
DA:485,0
DA:486,0
DA:487,0
DA:488,0
DA:489,0
DA:490,0
DA:491,0
DA:492,0
DA:493,0
DA:494,0
DA:495,0
DA:496,0
DA:497,0
DA:498,0
DA:499,0
DA:500,0
DA:501,0
DA:502,0
DA:503,0
DA:504,0
DA:505,0
DA:506,0
DA:507,0
DA:508,0
DA:509,0
DA:510,0
DA:512,0
DA:515,0
DA:516,0
DA:517,0
DA:518,0
DA:519,0
DA:520,0
DA:521,0
DA:522,0
DA:524,0
DA:525,0
DA:528,0
DA:529,0
DA:531,0
DA:534,0
DA:535,0
DA:536,0
DA:537,0
DA:538,0
DA:539,0
DA:540,0
DA:541,0
DA:542,0
DA:543,0
DA:544,0
DA:545,0
DA:546,0
DA:547,0
DA:548,0
DA:549,0
DA:550,0
DA:551,0
DA:552,0
DA:553,0
DA:554,0
LF:472
LH:0
BRDA:1,0,0,0
BRF:1
BRH:0
end_of_record
TN:
SF:src\features\Orders\OptiPlanJob\optiplanJobApi.ts
FN:1,(empty-report)
FNF:1
FNH:0
FNDA:0,(empty-report)
DA:1,0
DA:4,0
DA:7,0
DA:8,0
DA:9,0
DA:10,0
DA:11,0
DA:12,0
DA:13,0
DA:14,0
DA:15,0
DA:16,0
DA:17,0
DA:18,0
DA:19,0
DA:20,0
DA:21,0
DA:23,0
DA:24,0
DA:25,0
DA:26,0
DA:27,0
DA:28,0
DA:29,0
DA:30,0
DA:31,0
DA:32,0
DA:34,0
DA:35,0
DA:36,0
DA:37,0
DA:38,0
DA:39,0
DA:40,0
DA:41,0
DA:42,0
DA:43,0
DA:44,0
DA:45,0
DA:46,0
DA:47,0
DA:48,0
DA:49,0
DA:50,0
DA:51,0
DA:52,0
DA:53,0
DA:55,0
DA:56,0
DA:57,0
DA:58,0
DA:59,0
DA:60,0
DA:61,0
DA:62,0
DA:63,0
DA:64,0
DA:65,0
DA:67,0
DA:68,0
DA:69,0
DA:70,0
DA:72,0
DA:73,0
DA:74,0
DA:75,0
DA:77,0
DA:78,0
DA:79,0
DA:80,0
DA:82,0
DA:83,0
DA:84,0
DA:85,0
DA:87,0
DA:88,0
DA:89,0
DA:90,0
DA:92,0
DA:93,0
DA:94,0
DA:95,0
DA:97,0
DA:98,0
DA:99,0
DA:102,0
DA:103,0
DA:104,0
DA:105,0
DA:106,0
LF:90
LH:0
BRDA:1,0,0,0
BRF:1
BRH:0
end_of_record
TN:
SF:src\features\Orders\OrderEditor\index.tsx
FN:1,(empty-report)
FNF:1
FNH:0
FNDA:0,(empty-report)
DA:1,0
DA:2,0
LF:2
LH:0
BRDA:1,0,0,0
BRF:1
BRH:0
end_of_record
TN:
SF:src\features\Orders\OrderEditor\shared.ts
FN:1,(empty-report)
FNF:1
FNH:1
FNDA:1,(empty-report)
DA:19,0
DA:20,0
DA:21,0
DA:22,0
DA:23,0
DA:24,0
DA:25,0
DA:26,0
DA:27,0
DA:28,0
DA:29,0
DA:30,0
DA:31,0
DA:32,0
DA:33,0
DA:34,0
DA:35,0
DA:36,0
DA:37,0
DA:38,0
LF:20
LH:0
BRDA:1,0,0,1
BRF:1
BRH:1
end_of_record
TN:
SF:src\features\Orders\OrderEditor\workbenchUtils.ts
FN:1,(empty-report)
FNF:1
FNH:0
FNDA:0,(empty-report)
DA:1,0
DA:3,0
DA:4,0
DA:5,0
DA:7,0
DA:8,0
DA:9,0
DA:11,0
DA:12,0
DA:13,0
DA:15,0
DA:16,0
DA:17,0
DA:18,0
DA:20,0
DA:21,0
DA:22,0
DA:24,0
DA:25,0
DA:26,0
DA:27,0
DA:29,0
DA:30,0
DA:31,0
DA:33,0
DA:34,0
DA:35,0
DA:36,0
DA:37,0
DA:39,0
DA:40,0
DA:41,0
DA:42,0
DA:43,0
DA:45,0
DA:46,0
DA:47,0
DA:48,0
DA:49,0
DA:50,0
DA:51,0
DA:52,0
DA:53,0
DA:54,0
DA:55,0
DA:56,0
LF:46
LH:0
BRDA:1,0,0,0
BRF:1
BRH:0
end_of_record
TN:
SF:src\features\Orders\OrderEntry\index.tsx
FN:1,(empty-report)
FNF:1
FNH:0
FNDA:0,(empty-report)
DA:1,0
LF:1
LH:0
BRDA:1,0,0,0
BRF:1
BRH:0
end_of_record
TN:
SF:src\features\Orders\OrderEntry\components\EdgeToggleCell.tsx
FN:12,EdgeToggleCell
FN:20,handleKeyDown
FN:43,onClick
FNF:3
FNH:3
FNDA:53,EdgeToggleCell
FNDA:1,handleKeyDown
FNDA:1,onClick
DA:1,1
DA:12,1
DA:13,53
DA:14,53
DA:15,53
DA:16,53
DA:17,53
DA:18,53
DA:19,53
DA:20,53
DA:21,1
DA:22,1
DA:23,1
DA:24,1
DA:25,1
DA:27,53
DA:28,53
DA:29,53
DA:30,53
DA:31,53
DA:32,53
DA:33,53
DA:35,53
DA:36,53
DA:37,53
DA:38,53
DA:39,53
DA:40,53
DA:41,53
DA:42,53
DA:43,53
DA:44,53
DA:45,53
DA:47,53
DA:48,53
DA:50,53
LF:36
LH:36
BRDA:12,0,0,53
BRDA:29,1,0,2
BRDA:29,2,0,51
BRDA:30,3,0,0
BRDA:39,4,0,2
BRDA:39,5,0,51
BRDA:20,6,0,1
BRDA:21,7,0,0
BRDA:43,8,0,1
BRF:9
BRH:7
end_of_record
TN:
SF:src\features\Orders\OrderEntry\components\GrainCell.tsx
FN:12,GrainCell
FN:13,handleChange
FNF:2
FNH:1
FNDA:12,GrainCell
FNDA:0,handleChange
DA:1,1
DA:12,1
DA:13,12
DA:14,0
DA:15,0
DA:17,12
DA:18,12
DA:19,12
DA:20,12
DA:21,12
DA:22,12
DA:24,12
DA:25,36
DA:26,36
DA:27,36
DA:28,12
DA:29,12
DA:31,12
LF:18
LH:16
BRDA:12,0,0,12
BRDA:24,1,0,36
BRF:2
BRH:2
end_of_record
TN:
SF:src\features\Orders\OrderEntry\components\LockBanner.tsx
FN:8,LockBanner
FNF:1
FNH:1
FNDA:12,LockBanner
DA:1,1
DA:8,1
DA:9,12
DA:11,0
DA:12,0
DA:13,0
DA:14,0
DA:15,0
DA:16,0
DA:17,0
DA:18,0
DA:19,0
DA:20,0
DA:21,0
DA:22,0
DA:23,0
DA:25,0
DA:26,0
DA:27,0
DA:29,0
LF:20
LH:3
BRDA:8,0,0,12
BRDA:9,1,0,0
BRF:2
BRH:1
end_of_record
TN:
SF:src\features\Orders\OrderEntry\components\NumberCell.tsx
FN:15,NumberCell
FN:25,handleChange
FN:35,handleFocus
FN:39,handleBlur
FN:46,handleKeyDown
FNF:5
FNH:1
FNDA:36,NumberCell
FNDA:0,handleChange
FNDA:0,handleFocus
FNDA:0,handleBlur
FNDA:0,handleKeyDown
DA:1,1
DA:15,1
DA:16,36
DA:17,36
DA:18,36
DA:19,36
DA:20,36
DA:21,36
DA:22,36
DA:23,36
DA:24,36
DA:25,36
DA:26,0
DA:27,0
DA:28,0
DA:29,0
DA:30,0
DA:31,0
DA:32,0
DA:33,0
DA:35,36
DA:36,0
DA:37,0
DA:39,36
DA:40,0
DA:41,0
DA:42,0
DA:43,0
DA:44,0
DA:46,36
DA:47,0
DA:48,0
DA:49,0
DA:50,0
DA:51,0
DA:53,36
DA:54,36
DA:55,36
DA:56,36
DA:57,36
DA:58,36
DA:59,36
DA:60,36
DA:61,36
DA:62,36
DA:63,36
DA:64,36
DA:65,36
DA:66,36
DA:67,36
DA:68,36
DA:70,36
LF:52
LH:32
BRDA:15,0,0,36
BRDA:58,1,0,12
BRDA:58,2,0,24
BRDA:67,3,0,1
BRDA:67,4,0,35
BRF:5
BRH:5
end_of_record
TN:
SF:src\features\Orders\OrderEntry\components\OrderEntryScreen.tsx
FN:30,OrderEntryScreen
FN:192,onClick
FN:216,onSave
FN:217,onExport
FN:237,onAddRow
FN:238,onDuplicateRow
FN:239,onDeleteRow
FN:240,onMoveRow
FNF:8
FNH:2
FNDA:29,OrderEntryScreen
FNDA:1,onClick
FNDA:0,onSave
FNDA:0,onExport
FNDA:0,onAddRow
FNDA:0,onDuplicateRow
FNDA:0,onDeleteRow
FNDA:0,onMoveRow
DA:1,1
DA:16,1
DA:17,1
DA:18,1
DA:19,1
DA:20,1
DA:30,1
DA:31,29
DA:32,29
DA:33,29
DA:34,29
DA:35,29
DA:36,29
DA:37,29
DA:38,29
DA:39,29
DA:40,29
DA:41,29
DA:42,29
DA:43,29
DA:44,29
DA:45,29
DA:46,29
DA:47,29
DA:48,29
DA:49,29
DA:50,29
DA:51,29
DA:52,29
DA:53,29
DA:54,29
DA:55,29
DA:56,29
DA:57,29
DA:58,29
DA:60,29
DA:62,29
DA:63,29
DA:64,23
DA:65,22
DA:67,29
DA:68,29
DA:69,1
DA:70,28
DA:71,29
DA:72,29
DA:73,29
DA:74,29
DA:76,29
DA:77,8
DA:78,8
DA:79,8
DA:81,8
DA:82,8
DA:84,8
DA:86,29
DA:87,9
DA:88,9
DA:89,9
DA:91,9
DA:92,9
DA:94,9
DA:96,12
DA:97,12
DA:98,12
DA:99,12
DA:100,0
DA:101,29
DA:102,0
DA:103,0
DA:104,0
DA:105,0
DA:106,0
DA:107,0
DA:108,0
DA:109,0
DA:110,0
DA:111,0
DA:112,0
DA:113,0
DA:114,0
DA:115,0
DA:116,0
DA:117,0
DA:118,0
DA:119,0
DA:120,0
DA:121,0
DA:123,29
DA:124,29
DA:125,29
DA:126,29
DA:127,29
DA:130,29
DA:131,29
DA:133,29
DA:134,29
DA:135,29
DA:136,29
DA:137,29
DA:139,29
DA:140,0
DA:141,0
DA:142,0
DA:143,0
DA:144,0
DA:145,0
DA:146,0
DA:147,0
DA:148,0
DA:149,0
DA:150,0
DA:151,0
DA:152,0
DA:153,0
DA:155,0
DA:157,29
DA:160,29
DA:161,29
DA:162,29
DA:163,29
DA:164,29
DA:165,29
DA:168,29
DA:169,1
DA:173,29
DA:174,1
DA:175,1
DA:176,1
DA:177,1
DA:181,29
DA:182,3
DA:183,3
DA:184,3
DA:185,3
DA:186,3
DA:187,3
DA:188,3
DA:189,3
DA:190,3
DA:191,3
DA:192,3
DA:193,3
DA:194,3
DA:195,3
DA:196,3
DA:197,3
DA:198,3
DA:199,3
DA:200,3
DA:201,3
DA:202,3
DA:203,3
DA:204,3
DA:206,3
DA:207,3
DA:211,29
DA:212,29
DA:213,29
DA:214,29
DA:215,29
DA:216,29
DA:217,29
DA:218,29
DA:219,29
DA:220,29
DA:222,29
DA:223,29
DA:224,29
DA:225,29
DA:226,29
DA:227,29
DA:228,29
DA:231,29
DA:232,29
DA:233,29
DA:234,29
DA:235,29
DA:236,29
DA:237,29
DA:238,29
DA:239,29
DA:240,29
DA:241,29
DA:242,29
DA:244,29
DA:245,1
DA:246,1
DA:247,1
DA:248,1
DA:249,1
DA:251,1
DA:252,1
DA:253,1
DA:254,1
DA:255,1
DA:256,1
DA:257,1
DA:259,1
DA:260,1
DA:262,1
DA:266,29
DA:267,29
DA:268,29
DA:269,29
DA:270,29
DA:271,29
DA:272,29
DA:273,29
DA:274,29
DA:275,29
DA:277,29
LF:212
LH:176
BRDA:30,0,0,29
BRDA:60,1,0,12
BRDA:60,2,0,17
BRDA:63,3,0,23
BRDA:64,4,0,10
BRDA:64,5,0,22
BRDA:65,6,0,9
BRDA:67,7,0,12
BRDA:67,8,0,1
BRDA:67,9,0,0
BRDA:67,10,0,28
BRDA:68,11,0,12
BRDA:68,12,0,1
BRDA:69,13,0,0
BRDA:69,14,0,28
BRDA:76,15,0,8
BRDA:84,16,0,21
BRDA:86,17,0,9
BRDA:94,18,0,12
BRDA:98,19,0,12
BRDA:99,20,0,0
BRDA:101,21,0,0
BRDA:134,22,0,1
BRDA:135,23,0,0
BRDA:135,24,0,0
BRDA:136,25,0,0
BRDA:139,26,0,0
BRDA:168,27,0,1
BRDA:173,28,0,1
BRDA:173,29,0,1
BRDA:181,30,0,3
BRDA:185,31,0,1
BRDA:186,32,0,1
BRDA:187,33,0,1
BRDA:188,34,0,1
BRDA:189,35,0,1
BRDA:244,36,0,1
BRDA:72,37,0,1
BRDA:192,38,0,1
BRDA:254,39,0,1
BRF:40
BRH:32
end_of_record
TN:
SF:src\features\Orders\OrderEntry\components\OrderGridRow.tsx
FN:22,OrderGridRow
FN:32,cid
FN:51,onClick
FN:70,onChange
FN:71,onStockFound
FN:97,onChange
FN:109,onChange
FN:122,onChange
FN:135,onChange
FN:146,onChange
FN:156,onChange
FN:167,onChange
FN:180,onChange
FN:192,onChange
FN:203,onChange
FN:216,onChange
FN:226,onClick
FNF:17
FNH:2
FNDA:12,OrderGridRow
FNDA:180,cid
FNDA:0,onClick
FNDA:0,onChange
FNDA:0,onStockFound
FNDA:0,onChange
FNDA:0,onChange
FNDA:0,onChange
FNDA:0,onChange
FNDA:0,onChange
FNDA:0,onChange
FNDA:0,onChange
FNDA:0,onChange
FNDA:0,onChange
FNDA:0,onChange
FNDA:0,onChange
FNDA:0,onClick
DA:1,1
DA:22,1
DA:23,12
DA:24,12
DA:25,12
DA:26,12
DA:27,12
DA:28,12
DA:29,12
DA:30,12
DA:31,12
DA:32,12
DA:34,12
DA:35,12
DA:36,0
DA:37,0
DA:38,12
DA:39,12
DA:41,12
DA:42,12
DA:43,12
DA:44,12
DA:45,12
DA:46,12
DA:48,12
DA:49,12
DA:50,12
DA:51,12
DA:52,12
DA:53,12
DA:56,12
DA:57,12
DA:58,12
DA:62,12
DA:63,12
DA:64,12
DA:65,12
DA:66,12
DA:67,12
DA:68,12
DA:69,12
DA:70,12
DA:71,12
DA:72,0
DA:73,0
DA:74,0
DA:76,0
DA:77,0
DA:80,0
DA:81,0
DA:82,0
DA:83,0
DA:84,0
DA:85,0
DA:86,0
DA:87,0
DA:88,12
DA:89,12
DA:92,12
DA:93,12
DA:94,12
DA:95,12
DA:96,12
DA:97,12
DA:98,12
DA:99,12
DA:102,12
DA:103,12
DA:104,12
DA:105,12
DA:106,12
DA:107,12
DA:108,12
DA:109,12
DA:110,12
DA:111,12
DA:114,12
DA:115,12
DA:116,12
DA:117,12
DA:118,12
DA:119,12
DA:120,12
DA:121,12
DA:122,12
DA:123,12
DA:124,12
DA:127,12
DA:128,12
DA:129,12
DA:130,12
DA:131,12
DA:132,12
DA:133,12
DA:134,12
DA:135,12
DA:136,12
DA:137,12
DA:140,12
DA:141,12
DA:142,12
DA:143,12
DA:144,12
DA:145,12
DA:146,12
DA:147,12
DA:148,12
DA:151,12
DA:152,12
DA:153,12
DA:154,12
DA:155,12
DA:156,12
DA:157,12
DA:158,12
DA:161,12
DA:162,12
DA:163,12
DA:164,12
DA:165,12
DA:166,12
DA:167,12
DA:168,12
DA:169,12
DA:172,12
DA:173,48
DA:174,48
DA:175,48
DA:176,48
DA:177,48
DA:178,48
DA:179,48
DA:180,48
DA:181,48
DA:182,48
DA:183,12
DA:186,12
DA:187,12
DA:188,12
DA:189,12
DA:190,12
DA:191,12
DA:192,12
DA:193,12
DA:194,12
DA:197,12
DA:198,12
DA:199,12
DA:200,12
DA:201,12
DA:202,12
DA:203,12
DA:204,12
DA:205,12
DA:208,12
DA:209,12
DA:210,12
DA:211,12
DA:212,12
DA:213,12
DA:214,12
DA:215,12
DA:216,12
DA:217,12
DA:218,12
DA:221,12
DA:222,12
DA:223,12
DA:224,12
DA:225,12
DA:226,12
DA:227,0
DA:228,0
DA:229,0
DA:230,12
DA:231,12
DA:232,12
DA:233,12
DA:234,12
DA:235,12
DA:236,12
DA:237,12
DA:238,12
DA:239,12
DA:240,12
DA:241,12
DA:243,12
DA:244,12
DA:245,12
DA:247,12
LF:190
LH:172
BRDA:22,0,0,12
BRDA:43,1,0,9
BRDA:43,2,0,3
BRDA:62,3,0,0
BRDA:65,4,0,0
BRDA:102,5,0,0
BRDA:114,6,0,0
BRDA:127,7,0,0
BRDA:140,8,0,1
BRDA:140,9,0,11
BRDA:208,10,0,1
BRDA:208,11,0,11
BRDA:236,12,0,0
BRDA:238,13,0,0
BRDA:32,14,0,180
BRDA:172,15,0,48
BRDA:179,16,0,4
BRF:17
BRH:10
end_of_record
TN:
SF:src\features\Orders\OrderEntry\components\OrderItemsGrid.tsx
FN:19,OrderItemsGrid
FNF:1
FNH:1
FNDA:12,OrderItemsGrid
DA:1,1
DA:14,1
DA:15,1
DA:16,1
DA:17,1
DA:19,1
DA:20,12
DA:21,12
DA:22,12
DA:23,12
DA:24,12
DA:25,12
DA:26,12
DA:27,12
DA:28,12
DA:29,0
DA:30,0
DA:32,0
DA:34,0
DA:36,12
DA:37,12
DA:39,12
DA:40,12
DA:41,204
DA:42,204
DA:43,204
DA:44,204
DA:45,204
DA:46,204
DA:47,204
DA:48,204
DA:49,204
DA:50,204
DA:52,204
DA:53,204
DA:54,12
DA:55,12
DA:58,12
DA:59,12
DA:60,12
DA:61,12
DA:62,12
DA:63,12
DA:64,12
DA:65,12
DA:66,12
DA:67,12
DA:68,12
DA:69,12
DA:70,12
DA:71,12
DA:73,12
LF:52
LH:48
BRDA:19,0,0,12
BRDA:28,1,0,0
BRDA:40,2,0,204
BRDA:58,3,0,12
BRDA:65,4,0,11
BRF:5
BRH:4
end_of_record
TN:
SF:src\features\Orders\OrderEntry\components\OrderMetaBar.tsx
FN:31,OrderMetaBar
FN:49,loadAccounts
FN:79,loadAddresses
FN:166,onChange
FN:186,onChange
FN:198,onChange
FN:210,onChange
FN:222,onChange
FN:241,onChange
FN:259,onChange
FN:279,onChange
FN:298,onChange
FN:312,onChange
FN:325,onChange
FN:339,onChange
FN:352,onChange
FNF:16
FNH:4
FNDA:42,OrderMetaBar
FNDA:19,loadAccounts
FNDA:11,loadAddresses
FNDA:0,onChange
FNDA:1,onChange
FNDA:0,onChange
FNDA:0,onChange
FNDA:0,onChange
FNDA:0,onChange
FNDA:0,onChange
FNDA:0,onChange
FNDA:0,onChange
FNDA:0,onChange
FNDA:0,onChange
FNDA:0,onChange
FNDA:0,onChange
DA:1,1
DA:8,1
DA:9,1
DA:10,1
DA:11,1
DA:12,1
DA:14,1
DA:31,1
DA:32,42
DA:33,42
DA:34,42
DA:35,42
DA:36,42
DA:37,42
DA:38,42
DA:39,42
DA:40,42
DA:41,42
DA:42,42
DA:43,42
DA:44,42
DA:46,42
DA:47,19
DA:49,19
DA:50,19
DA:51,19
DA:52,19
DA:53,12
DA:54,12
DA:55,12
DA:56,19
DA:57,0
DA:58,12
DA:59,12
DA:60,12
DA:61,12
DA:62,12
DA:63,19
DA:65,19
DA:67,19
DA:68,19
DA:69,19
DA:70,42
DA:72,42
DA:73,19
DA:74,19
DA:75,8
DA:76,8
DA:77,8
DA:79,11
DA:80,11
DA:81,11
DA:82,11
DA:83,11
DA:84,11
DA:85,0
DA:86,11
DA:87,11
DA:88,11
DA:89,11
DA:91,11
DA:92,42
DA:93,42
DA:94,42
DA:95,42
DA:96,42
DA:97,42
DA:98,42
DA:99,42
DA:100,42
DA:101,42
DA:102,42
DA:104,42
DA:105,42
DA:106,42
DA:107,42
DA:108,42
DA:110,42
DA:111,42
DA:112,42
DA:113,42
DA:114,42
DA:115,42
DA:116,42
DA:117,42
DA:118,42
DA:120,42
DA:121,42
DA:122,42
DA:123,42
DA:124,42
DA:125,42
DA:126,42
DA:127,42
DA:129,42
DA:130,42
DA:131,42
DA:132,42
DA:133,42
DA:135,42
DA:136,42
DA:137,42
DA:138,42
DA:139,42
DA:140,42
DA:142,42
DA:143,42
DA:144,37
DA:145,35
DA:147,42
DA:148,42
DA:149,42
DA:150,42
DA:151,42
DA:152,42
DA:153,42
DA:154,42
DA:155,42
DA:156,42
DA:157,42
DA:158,42
DA:159,42
DA:160,42
DA:161,42
DA:162,42
DA:163,0
DA:164,0
DA:165,42
DA:166,42
DA:167,0
DA:168,0
DA:169,0
DA:170,0
DA:171,0
DA:172,0
DA:173,0
DA:174,0
DA:175,42
DA:176,42
DA:178,42
DA:179,42
DA:180,42
DA:181,42
DA:182,42
DA:183,42
DA:184,42
DA:185,42
DA:186,42
DA:187,42
DA:188,42
DA:190,42
DA:191,42
DA:192,42
DA:193,42
DA:194,42
DA:195,42
DA:196,42
DA:197,42
DA:198,42
DA:199,42
DA:200,42
DA:202,42
DA:203,42
DA:204,42
DA:205,42
DA:206,42
DA:207,42
DA:208,42
DA:209,42
DA:210,42
DA:211,42
DA:212,42
DA:214,42
DA:215,42
DA:216,42
DA:217,42
DA:218,42
DA:219,42
DA:220,42
DA:221,42
DA:222,42
DA:223,0
DA:226,42
DA:227,168
DA:228,42
DA:229,42
DA:230,42
DA:232,42
DA:233,5
DA:234,5
DA:235,5
DA:236,5
DA:237,5
DA:238,5
DA:239,5
DA:240,5
DA:241,5
DA:243,5
DA:244,5
DA:245,25
DA:246,5
DA:247,5
DA:248,5
DA:251,42
DA:252,42
DA:253,42
DA:254,42
DA:255,42
DA:256,42
DA:257,42
DA:258,42
DA:259,42
DA:260,42
DA:261,42
DA:262,42
DA:263,42
DA:265,42
DA:266,42
DA:267,42
DA:268,42
DA:269,42
DA:271,42
DA:272,42
DA:273,42
DA:274,42
DA:275,42
DA:276,42
DA:277,42
DA:278,42
DA:279,42
DA:280,0
DA:281,0
DA:282,0
DA:283,0
DA:285,42
DA:286,42
DA:288,42
DA:289,42
DA:291,42
DA:292,42
DA:293,42
DA:294,42
DA:295,42
DA:296,42
DA:297,42
DA:298,42
DA:299,42
DA:300,42
DA:302,42
DA:303,42
DA:305,42
DA:306,42
DA:307,42
DA:308,42
DA:309,42
DA:310,42
DA:311,42
DA:312,42
DA:313,42
DA:314,42
DA:316,42
DA:317,42
DA:318,42
DA:319,42
DA:320,0
DA:321,0
DA:322,0
DA:323,0
DA:324,0
DA:325,0
DA:326,0
DA:327,0
DA:328,0
DA:329,0
DA:330,0
DA:331,0
DA:333,42
DA:334,42
DA:335,42
DA:336,42
DA:337,42
DA:338,42
DA:339,42
DA:340,42
DA:341,42
DA:342,42
DA:343,42
DA:345,42
DA:346,42
DA:347,42
DA:348,42
DA:349,42
DA:350,42
DA:351,42
DA:352,42
DA:353,42
DA:354,42
DA:355,42
DA:356,42
DA:357,42
DA:359,42
DA:360,7
DA:361,7
DA:362,7
DA:363,7
DA:364,5
DA:365,5
DA:366,5
DA:367,5
DA:368,5
DA:369,5
DA:370,5
DA:371,5
DA:372,5
DA:375,7
DA:376,5
DA:377,5
DA:378,5
DA:379,5
DA:380,5
DA:381,5
DA:382,5
DA:383,5
DA:384,5
DA:387,7
DA:388,3
DA:389,3
DA:390,3
DA:391,3
DA:392,3
DA:393,3
DA:394,3
DA:395,3
DA:396,3
DA:398,7
DA:399,7
DA:400,35
DA:401,42
DA:404,42
DA:405,40
DA:406,40
DA:407,40
DA:408,40
DA:409,40
DA:410,40
DA:411,40
DA:412,40
DA:413,40
DA:414,40
DA:415,40
DA:416,40
DA:417,40
DA:418,40
DA:419,40
DA:420,40
DA:422,40
DA:423,40
DA:425,40
DA:426,28
DA:427,28
DA:428,28
DA:429,28
DA:430,28
DA:431,28
DA:432,28
DA:433,28
DA:434,28
DA:435,28
DA:436,28
DA:437,28
DA:438,28
DA:439,28
DA:440,28
DA:441,28
DA:443,28
DA:445,40
DA:447,42
DA:449,42
LF:378
LH:349
BRDA:31,0,0,42
BRDA:143,1,0,5
BRDA:143,2,0,37
BRDA:144,3,0,2
BRDA:144,4,0,35
BRDA:145,5,0,0
BRDA:158,6,0,14
BRDA:159,7,0,40
BRDA:160,8,0,11
BRDA:160,9,0,31
BRDA:183,10,0,2
BRDA:183,11,0,40
BRDA:195,12,0,2
BRDA:195,13,0,40
BRDA:207,14,0,2
BRDA:207,15,0,40
BRDA:219,16,0,2
BRDA:219,17,0,40
BRDA:232,18,0,5
BRDA:238,19,0,0
BRDA:239,20,0,0
BRDA:256,21,0,2
BRDA:256,22,0,40
BRDA:276,23,0,2
BRDA:276,24,0,40
BRDA:277,25,0,26
BRDA:277,26,0,16
BRDA:295,27,0,2
BRDA:295,28,0,40
BRDA:296,29,0,16
BRDA:309,30,0,2
BRDA:309,31,0,40
BRDA:319,32,0,0
BRDA:319,33,0,0
BRDA:337,34,0,16
BRDA:341,35,0,4
BRDA:341,36,0,38
BRDA:359,37,0,7
BRDA:363,38,0,5
BRDA:363,39,0,5
BRDA:369,40,0,0
BRDA:375,41,0,5
BRDA:375,42,0,5
BRDA:381,43,0,0
BRDA:387,44,0,3
BRDA:387,45,0,3
BRDA:399,46,0,35
BRDA:404,47,0,40
BRDA:409,48,0,37
BRDA:415,49,0,2
BRDA:415,50,0,2
BRDA:415,51,0,38
BRDA:416,52,0,2
BRDA:416,53,0,2
BRDA:416,54,0,38
BRDA:417,55,0,2
BRDA:417,56,0,2
BRDA:417,57,0,38
BRDA:422,58,0,3
BRDA:422,59,0,37
BRDA:425,60,0,28
BRDA:436,61,0,26
BRDA:436,62,0,2
BRDA:437,63,0,26
BRDA:437,64,0,2
BRDA:46,65,0,19
BRDA:49,66,0,19
BRDA:52,67,0,12
BRDA:56,68,0,12
BRDA:56,69,0,0
BRDA:67,70,0,19
BRDA:72,71,0,19
BRDA:74,72,0,8
BRDA:77,73,0,11
BRDA:79,74,0,11
BRDA:84,75,0,0
BRDA:186,76,0,1
BRDA:226,77,0,168
BRDA:244,78,0,25
BRF:79
BRH:70
end_of_record
TN:
SF:src\features\Orders\OrderEntry\components\OrderToolbar.tsx
FN:14,OrderToolbar
FN:83,onClick
FN:93,onClick
FNF:3
FNH:1
FNDA:12,OrderToolbar
FNDA:0,onClick
FNDA:0,onClick
DA:1,1
DA:14,1
DA:15,12
DA:16,12
DA:17,12
DA:18,12
DA:19,12
DA:20,12
DA:21,12
DA:22,12
DA:23,12
DA:24,12
DA:25,12
DA:26,12
DA:28,12
DA:29,12
DA:30,12
DA:31,12
DA:32,12
DA:33,12
DA:34,12
DA:35,12
DA:36,12
DA:37,12
DA:38,12
DA:39,12
DA:40,12
DA:42,12
DA:43,12
DA:44,12
DA:45,12
DA:46,12
DA:48,12
DA:49,0
DA:50,0
DA:51,0
DA:52,0
DA:54,0
DA:56,12
DA:57,12
DA:58,12
DA:60,12
DA:62,12
DA:63,12
DA:64,12
DA:65,12
DA:66,12
DA:67,12
DA:69,12
DA:71,12
DA:72,12
DA:73,12
DA:74,12
DA:75,12
DA:76,12
DA:78,12
DA:80,12
DA:81,12
DA:82,12
DA:83,12
DA:84,12
DA:85,12
DA:86,12
DA:88,12
DA:90,12
DA:91,12
DA:92,12
DA:93,12
DA:94,12
DA:95,12
DA:96,12
DA:98,12
DA:100,12
DA:101,0
DA:103,0
DA:106,12
DA:107,1
DA:108,1
DA:109,1
DA:110,1
DA:111,1
DA:112,1
DA:113,1
DA:114,1
DA:115,1
DA:116,1
DA:117,1
DA:119,1
DA:120,1
DA:122,12
DA:124,12
LF:91
LH:84
BRDA:14,0,0,12
BRDA:48,1,0,0
BRDA:75,2,0,9
BRDA:100,3,0,0
BRDA:106,4,0,1
BRF:5
BRH:3
end_of_record
TN:
SF:src\features\Orders\OrderEntry\components\PartGroupCell.tsx
FN:11,PartGroupCell
FN:22,onChange
FNF:2
FNH:1
FNDA:12,PartGroupCell
FNDA:0,onChange
DA:1,1
DA:11,1
DA:12,12
DA:13,12
DA:14,12
DA:15,12
DA:16,12
DA:17,12
DA:18,12
DA:19,12
DA:20,12
DA:21,12
DA:22,12
DA:23,12
DA:24,12
DA:25,12
DA:26,12
DA:27,12
DA:28,12
DA:29,12
DA:30,12
DA:31,12
DA:32,12
DA:33,12
DA:34,12
DA:36,12
DA:37,12
DA:38,12
DA:39,12
DA:41,12
LF:30
LH:30
BRDA:11,0,0,12
BRDA:28,1,0,0
BRDA:31,2,0,0
BRF:3
BRH:1
end_of_record
TN:
SF:src\features\Orders\OrderEntry\components\QuantityCell.tsx
FN:13,QuantityCell
FN:21,handleChange
FN:28,handleFocus
FN:32,handleBlur
FN:36,handleKeyDown
FNF:5
FNH:1
FNDA:12,QuantityCell
FNDA:0,handleChange
FNDA:0,handleFocus
FNDA:0,handleBlur
FNDA:0,handleKeyDown
DA:1,1
DA:13,1
DA:14,12
DA:15,12
DA:16,12
DA:17,12
DA:18,12
DA:19,12
DA:20,12
DA:21,12
DA:22,0
DA:23,0
DA:24,0
DA:25,0
DA:26,0
DA:28,12
DA:29,0
DA:30,0
DA:32,12
DA:33,0
DA:34,0
DA:36,12
DA:37,0
DA:38,0
DA:39,0
DA:40,0
DA:41,0
DA:43,12
DA:44,12
DA:45,12
DA:46,12
DA:47,12
DA:48,12
DA:49,12
DA:50,12
DA:51,12
DA:52,12
DA:53,12
DA:54,12
DA:55,12
DA:56,12
DA:57,12
DA:59,12
LF:43
LH:29
BRDA:13,0,0,12
BRDA:48,1,0,0
BRF:2
BRH:1
end_of_record
TN:
SF:src\features\Orders\OrderEntry\components\StockCodeCell.tsx
FN:16,StockCodeCell
FN:65,onChange
FNF:2
FNH:1
FNDA:12,StockCodeCell
FNDA:0,onChange
DA:1,1
DA:16,1
DA:17,12
DA:18,12
DA:19,12
DA:20,12
DA:21,12
DA:22,12
DA:23,12
DA:24,12
DA:25,12
DA:26,12
DA:27,12
DA:29,12
DA:30,12
DA:32,12
DA:34,11
DA:35,0
DA:36,0
DA:37,0
DA:38,0
DA:39,0
DA:40,0
DA:41,0
DA:42,0
DA:43,0
DA:44,0
DA:46,0
DA:47,0
DA:48,0
DA:49,11
DA:51,11
DA:52,11
DA:53,11
DA:54,12
DA:56,12
DA:57,12
DA:58,12
DA:59,12
DA:60,12
DA:61,12
DA:62,12
DA:63,12
DA:64,12
DA:65,12
DA:66,12
DA:67,12
DA:68,12
DA:69,12
DA:70,12
DA:71,12
DA:72,12
DA:73,12
DA:74,12
DA:75,12
DA:76,12
DA:77,12
DA:78,12
DA:79,0
DA:80,0
DA:81,0
DA:82,0
DA:83,0
DA:84,0
DA:85,0
DA:86,0
DA:87,0
DA:88,0
DA:89,0
DA:90,0
DA:91,0
DA:92,0
DA:93,0
DA:95,0
DA:96,0
DA:98,12
DA:100,12
LF:77
LH:47
BRDA:16,0,0,12
BRDA:75,1,0,0
BRDA:78,2,0,0
BRDA:78,3,0,0
BRDA:29,4,0,12
BRDA:30,5,0,11
BRDA:30,6,0,1
BRDA:30,7,0,11
BRDA:32,8,0,0
BRDA:32,9,0,11
BRDA:51,10,0,11
BRF:11
BRH:7
end_of_record
TN:
SF:src\features\Orders\OrderEntry\components\TextCell.tsx
FN:13,TextCell
FN:22,handleChange
FN:26,handleKeyDown
FNF:3
FNH:1
FNDA:48,TextCell
FNDA:0,handleChange
FNDA:0,handleKeyDown
DA:1,1
DA:13,1
DA:14,48
DA:15,48
DA:16,48
DA:17,48
DA:18,48
DA:19,48
DA:20,48
DA:21,48
DA:22,48
DA:23,0
DA:24,0
DA:26,48
DA:27,0
DA:28,0
DA:29,0
DA:30,0
DA:31,0
DA:33,48
DA:34,48
DA:35,48
DA:36,48
DA:37,48
DA:38,48
DA:39,48
DA:40,48
DA:41,48
DA:42,48
DA:43,48
DA:45,48
LF:31
LH:24
BRDA:13,0,0,48
BRF:1
BRH:1
end_of_record
TN:
SF:src\features\Orders\OrderEntry\hooks\useOrderEntry.ts
FN:21,useOrderEntry
FN:95,handleKeyDown
FNF:2
FNH:1
FNDA:29,useOrderEntry
FNDA:0,handleKeyDown
DA:1,1
DA:14,1
DA:21,1
DA:22,29
DA:23,29
DA:24,29
DA:25,29
DA:27,29
DA:28,8
DA:29,8
DA:30,8
DA:32,8
DA:33,8
DA:34,8
DA:35,8
DA:37,0
DA:38,0
DA:39,0
DA:40,0
DA:41,0
DA:42,0
DA:43,0
DA:44,0
DA:45,0
DA:46,0
DA:47,0
DA:48,0
DA:49,0
DA:50,8
DA:51,8
DA:52,8
DA:53,29
DA:56,29
DA:57,12
DA:58,12
DA:59,1
DA:60,12
DA:61,8
DA:62,8
DA:63,12
DA:64,12
DA:65,12
DA:66,29
DA:69,29
DA:70,12
DA:72,8
DA:73,0
DA:74,0
DA:76,0
DA:77,8
DA:79,8
DA:80,8
DA:81,8
DA:82,29
DA:85,29
DA:86,12
DA:87,12
DA:88,8
DA:89,8
DA:90,12
DA:91,29
DA:94,29
DA:95,29
DA:96,0
DA:97,0
DA:98,0
DA:99,0
DA:100,0
DA:101,0
DA:102,0
DA:103,0
DA:104,0
DA:105,0
DA:106,29
DA:107,29
DA:108,29
DA:110,29
DA:111,0
DA:112,0
DA:113,0
DA:115,0
DA:116,0
DA:117,0
DA:118,0
DA:119,0
DA:120,0
DA:121,0
DA:122,0
DA:123,0
DA:124,0
DA:125,0
DA:126,0
DA:127,29
DA:129,29
DA:130,29
DA:131,29
DA:132,29
DA:134,29
DA:135,29
DA:136,0
DA:137,0
DA:138,29
DA:139,29
DA:141,29
DA:142,29
DA:143,0
DA:144,0
DA:145,29
DA:146,29
DA:148,29
DA:149,0
DA:150,29
DA:152,29
DA:153,0
DA:154,29
DA:156,29
DA:157,0
DA:158,29
DA:160,29
DA:161,0
DA:162,29
DA:164,29
DA:165,0
DA:166,29
DA:168,29
DA:169,0
DA:170,29
DA:172,29
DA:173,0
DA:174,29
DA:176,29
DA:177,29
DA:178,29
DA:179,29
DA:180,29
DA:181,29
DA:182,29
DA:183,29
DA:184,29
DA:185,29
DA:186,29
DA:187,29
DA:188,29
DA:189,29
DA:190,29
DA:191,29
DA:192,29
DA:193,29
DA:194,29
DA:195,29
DA:196,29
DA:197,29
DA:198,29
DA:199,29
DA:200,29
DA:201,29
DA:202,29
LF:157
LH:105
BRDA:21,0,0,29
BRDA:27,1,0,8
BRDA:35,2,0,0
BRDA:56,3,0,12
BRDA:58,4,0,1
BRDA:60,5,0,11
BRDA:60,6,0,8
BRDA:63,7,0,12
BRDA:69,8,0,12
BRDA:70,9,0,8
BRDA:70,10,0,4
BRDA:70,11,0,8
BRDA:79,12,0,8
BRDA:85,13,0,12
BRDA:86,14,0,12
BRDA:87,15,0,8
BRDA:87,16,0,8
BRDA:94,17,0,29
BRDA:107,18,0,29
BRF:19
BRH:18
end_of_record
TN:
SF:src\features\Orders\OrderEntry\hooks\useOrderExport.ts
FN:13,useOrderExport
FNF:1
FNH:1
FNDA:37,useOrderExport
DA:1,1
DA:13,1
DA:17,37
DA:18,37
DA:19,37
DA:20,37
DA:21,37
DA:22,37
DA:23,37
DA:25,37
DA:26,19
DA:27,18
DA:29,37
DA:30,5
DA:33,4
DA:34,4
DA:36,3
DA:37,5
DA:38,1
DA:39,1
DA:40,1
DA:42,2
DA:43,2
DA:44,2
DA:45,2
DA:46,1
DA:47,1
DA:48,1
DA:49,5
DA:50,2
DA:51,2
DA:52,37
DA:54,37
DA:55,37
LF:34
LH:34
BRDA:13,0,0,37
BRDA:25,1,0,19
BRDA:26,2,0,18
BRDA:19,3,0,71
BRDA:20,4,0,71
BRDA:21,5,0,71
BRDA:22,6,0,71
BRDA:23,7,0,71
BRDA:29,8,0,5
BRDA:30,9,0,1
BRDA:30,10,0,4
BRDA:34,11,0,1
BRDA:34,12,0,3
BRDA:37,13,0,1
BRDA:40,14,0,2
BRDA:45,15,0,1
BRDA:48,16,0,0
BRDA:49,17,0,2
BRF:18
BRH:17
end_of_record
TN:
SF:src\features\Orders\OrderEntry\hooks\useOrderValidation.ts
FN:6,useOrderValidation
FN:24,revalidate
FNF:2
FNH:1
FNDA:29,useOrderValidation
FNDA:0,revalidate
DA:1,1
DA:6,1
DA:10,29
DA:11,29
DA:12,29
DA:13,29
DA:15,29
DA:16,21
DA:17,21
DA:18,21
DA:19,21
DA:20,21
DA:21,21
DA:22,29
DA:24,29
DA:25,0
DA:26,0
DA:27,0
DA:28,0
DA:29,0
DA:31,29
DA:32,29
LF:22
LH:17
BRDA:6,0,0,29
BRDA:11,1,0,62
BRDA:12,2,0,62
BRDA:13,3,0,62
BRDA:15,4,0,21
BRDA:18,5,0,1
BRF:6
BRH:6
end_of_record
TN:
SF:src\features\Orders\OrderEntry\services\orderEntryApi.ts
FN:135,parsePlateSize
FN:150,toOrderEntryItem
FN:172,toLockedOrderEntryItem
FN:194,mapOrderOutToEntryOrder
FN:222,mapLockedOrderToEntryOrder
FN:246,toOrderHeaderPayload
FN:270,toOrderPartsPayload
FN:290,getOrder
FN:295,acquireLock
FN:300,releaseLock
FN:303,saveOrder
FN:319,exportOrder
FNF:12
FNH:10
FNDA:1,parsePlateSize
FNDA:1,toOrderEntryItem
FNDA:2,toLockedOrderEntryItem
FNDA:1,mapOrderOutToEntryOrder
FNDA:2,mapLockedOrderToEntryOrder
FNDA:1,toOrderHeaderPayload
FNDA:1,toOrderPartsPayload
FNDA:1,getOrder
FNDA:2,acquireLock
FNDA:0,releaseLock
FNDA:1,saveOrder
FNDA:0,exportOrder
DA:1,1
DA:11,1
DA:122,1
DA:123,1
DA:124,1
DA:125,1
DA:126,1
DA:128,1
DA:129,1
DA:130,1
DA:131,1
DA:132,1
DA:133,1
DA:135,1
DA:136,1
DA:137,1
DA:138,0
DA:139,0
DA:141,1
DA:142,1
DA:143,1
DA:144,0
DA:145,0
DA:147,1
DA:148,1
DA:150,1
DA:151,1
DA:152,1
DA:153,1
DA:154,1
DA:155,1
DA:156,1
DA:157,1
DA:158,1
DA:159,1
DA:160,1
DA:161,1
DA:162,1
DA:163,1
DA:164,1
DA:165,1
DA:166,1
DA:167,1
DA:168,1
DA:169,1
DA:170,1
DA:172,2
DA:173,2
DA:174,2
DA:175,2
DA:176,2
DA:177,2
DA:178,2
DA:179,2
DA:180,2
DA:181,2
DA:182,2
DA:183,2
DA:184,2
DA:185,2
DA:186,2
DA:187,2
DA:188,2
DA:189,2
DA:190,2
DA:191,2
DA:192,2
DA:194,1
DA:195,1
DA:196,1
DA:197,1
DA:199,1
DA:200,1
DA:201,1
DA:202,1
DA:203,1
DA:204,1
DA:205,1
DA:206,1
DA:207,1
DA:208,1
DA:209,1
DA:210,1
DA:211,1
DA:212,1
DA:213,1
DA:214,1
DA:215,1
DA:216,1
DA:217,1
DA:218,1
DA:219,1
DA:220,1
DA:222,2
DA:223,2
DA:224,2
DA:225,2
DA:226,2
DA:227,2
DA:228,2
DA:229,2
DA:230,2
DA:231,2
DA:232,2
DA:233,2
DA:234,2
DA:235,2
DA:236,2
DA:237,2
DA:238,2
DA:239,2
DA:240,2
DA:241,2
DA:242,2
DA:243,2
DA:244,2
DA:246,1
DA:247,1
DA:248,1
DA:249,1
DA:250,1
DA:251,1
DA:252,1
DA:253,1
DA:254,1
DA:255,1
DA:256,1
DA:257,1
DA:258,1
DA:259,1
DA:260,1
DA:261,1
DA:262,1
DA:263,1
DA:264,1
DA:265,1
DA:267,1
DA:268,1
DA:270,1
DA:271,1
DA:272,1
DA:273,1
DA:274,1
DA:275,1
DA:276,1
DA:277,1
DA:278,1
DA:279,1
DA:280,1
DA:281,1
DA:282,1
DA:283,1
DA:284,1
DA:285,1
DA:286,1
DA:287,1
DA:289,1
DA:290,1
DA:291,1
DA:292,1
DA:293,1
DA:295,1
DA:296,2
DA:297,2
DA:298,2
DA:300,1
DA:301,0
DA:303,1
DA:304,1
DA:305,1
DA:306,1
DA:307,1
DA:308,1
DA:310,1
DA:311,1
DA:312,1
DA:313,1
DA:314,1
DA:316,1
DA:317,1
DA:319,1
DA:320,0
DA:321,0
DA:323,0
DA:324,0
DA:325,0
DA:326,0
DA:327,0
DA:328,1
LF:189
LH:177
BRDA:135,0,0,1
BRDA:137,1,0,0
BRDA:143,2,0,0
BRDA:150,3,0,1
BRDA:153,4,0,0
BRDA:154,5,0,0
BRDA:155,6,0,0
BRDA:157,7,0,0
BRDA:158,8,0,0
BRDA:159,9,0,0
BRDA:160,10,0,0
BRDA:160,11,0,0
BRDA:161,12,0,0
BRDA:167,13,0,0
BRDA:172,14,0,2
BRDA:175,15,0,0
BRDA:176,16,0,0
BRDA:177,17,0,0
BRDA:178,18,0,0
BRDA:179,19,0,0
BRDA:180,20,0,0
BRDA:181,21,0,0
BRDA:182,22,0,0
BRDA:183,23,0,0
BRDA:188,24,0,0
BRDA:189,25,0,0
BRDA:190,26,0,0
BRDA:194,27,0,1
BRDA:195,28,0,0
BRDA:196,29,0,0
BRDA:197,30,0,0
BRDA:201,31,0,0
BRDA:202,32,0,0
BRDA:203,33,0,0
BRDA:206,34,0,0
BRDA:213,35,0,0
BRDA:214,36,0,0
BRDA:215,37,0,0
BRDA:216,38,0,0
BRDA:217,39,0,0
BRDA:218,40,0,0
BRDA:213,41,0,1
BRDA:222,42,0,2
BRDA:225,43,0,0
BRDA:226,44,0,0
BRDA:227,45,0,0
BRDA:228,46,0,0
BRDA:229,47,0,0
BRDA:230,48,0,0
BRDA:231,49,0,0
BRDA:232,50,0,0
BRDA:233,51,0,0
BRDA:234,52,0,0
BRDA:235,53,0,0
BRDA:239,54,0,0
BRDA:241,55,0,0
BRDA:242,56,0,0
BRDA:241,57,0,2
BRDA:246,58,0,1
BRDA:248,59,0,0
BRDA:249,60,0,0
BRDA:250,61,0,0
BRDA:251,62,0,0
BRDA:252,63,0,0
BRDA:258,64,0,0
BRDA:259,65,0,0
BRDA:262,66,0,0
BRDA:270,67,0,1
BRDA:271,68,0,1
BRDA:272,69,0,0
BRDA:273,70,0,0
BRDA:274,71,0,0
BRDA:283,72,0,0
BRDA:284,73,0,0
BRDA:290,74,0,1
BRDA:295,75,0,2
BRDA:296,76,0,2
BRDA:303,77,0,1
BRF:78
BRH:14
end_of_record
TN:
SF:src\features\Orders\OrderEntry\shared\exportUtils.ts
FN:11,checkExportReadiness
FN:40,prepareExportPayload
FN:53,buildPreviewRows
FNF:3
FNH:3
FNDA:34,checkExportReadiness
FNDA:10,prepareExportPayload
FNDA:34,buildPreviewRows
DA:1,1
DA:11,1
DA:12,34
DA:13,34
DA:14,34
DA:15,34
DA:16,34
DA:18,34
DA:19,7
DA:20,7
DA:22,34
DA:23,0
DA:24,0
DA:26,34
DA:27,5
DA:28,5
DA:30,34
DA:31,1
DA:32,1
DA:34,34
DA:35,34
DA:37,34
DA:38,34
DA:40,1
DA:41,10
DA:42,10
DA:43,10
DA:44,10
DA:45,10
DA:47,8
DA:48,8
DA:49,8
DA:50,8
DA:51,8
DA:53,34
DA:54,34
DA:55,34
DA:56,34
DA:57,35
DA:58,31
DA:59,31
DA:60,31
DA:61,34
DA:62,34
DA:63,31
DA:64,31
DA:65,31
DA:66,31
DA:68,31
DA:69,31
DA:70,31
DA:71,31
DA:72,31
DA:73,31
DA:74,31
DA:75,31
DA:76,31
DA:78,31
DA:79,31
DA:80,31
DA:81,31
DA:82,31
DA:83,31
DA:84,31
DA:85,31
DA:86,31
DA:87,31
DA:88,31
DA:89,31
DA:90,31
DA:91,31
DA:92,31
DA:93,31
DA:94,31
DA:95,31
DA:96,31
DA:97,31
DA:98,34
DA:99,34
LF:79
LH:77
BRDA:11,0,0,34
BRDA:18,1,0,7
BRDA:22,2,0,0
BRDA:26,3,0,5
BRDA:30,4,0,1
BRDA:40,5,0,10
BRDA:45,6,0,2
BRDA:45,7,0,8
BRDA:53,8,0,34
BRDA:56,9,0,35
BRDA:57,10,0,31
BRDA:58,11,0,31
BRDA:59,12,0,31
BRDA:62,13,0,31
BRDA:66,14,0,1
BRDA:66,15,0,30
BRDA:70,16,0,1
BRDA:70,17,0,30
BRDA:71,18,0,0
BRDA:72,19,0,1
BRDA:72,20,0,30
BRDA:73,21,0,0
BRDA:93,22,0,1
BRDA:93,23,0,30
BRDA:94,24,0,0
BRDA:95,25,0,1
BRDA:95,26,0,30
BRDA:96,27,0,0
BRF:28
BRH:23
end_of_record
TN:
SF:src\features\Orders\OrderEntry\shared\gridUtils.ts
FN:8,createEmptyOrderItem
FN:29,createEmptyOrder
FN:51,cloneOrderEntryOrder
FN:58,duplicateOrderItem
FN:62,insertRowAfter
FN:77,removeGridRow
FN:85,moveItem
FN:101,hasOrderChanged
FN:108,isReadonlyOrder
FN:112,formatLockSummary
FN:117,getDefaultSelectedCell
FN:124,focusGridCell
FN:132,getRowIndex
FNF:13
FNH:12
FNDA:62,createEmptyOrderItem
FNDA:36,createEmptyOrder
FNDA:12,cloneOrderEntryOrder
FNDA:2,duplicateOrderItem
FNDA:4,insertRowAfter
FNDA:2,removeGridRow
FNDA:4,moveItem
FNDA:3,hasOrderChanged
FNDA:2,isReadonlyOrder
FNDA:14,formatLockSummary
FNDA:3,getDefaultSelectedCell
FNDA:0,focusGridCell
FNDA:2,getRowIndex
DA:1,1
DA:8,1
DA:9,62
DA:10,62
DA:11,62
DA:12,62
DA:13,62
DA:14,62
DA:15,62
DA:16,62
DA:17,62
DA:18,62
DA:19,62
DA:20,62
DA:21,62
DA:22,62
DA:23,62
DA:24,62
DA:25,62
DA:26,62
DA:27,62
DA:29,1
DA:30,36
DA:31,36
DA:32,36
DA:33,36
DA:34,36
DA:35,36
DA:36,36
DA:37,36
DA:38,36
DA:39,36
DA:40,36
DA:41,36
DA:42,36
DA:43,36
DA:44,36
DA:45,36
DA:46,36
DA:47,36
DA:48,36
DA:49,36
DA:51,1
DA:52,12
DA:53,12
DA:54,12
DA:55,12
DA:56,12
DA:58,1
DA:59,2
DA:60,2
DA:62,1
DA:63,4
DA:64,4
DA:65,4
DA:66,4
DA:67,4
DA:68,2
DA:69,2
DA:70,2
DA:71,4
DA:72,1
DA:73,1
DA:74,1
DA:75,1
DA:77,1
DA:78,2
DA:79,2
DA:80,2
DA:81,2
DA:82,1
DA:83,1
DA:85,1
DA:86,4
DA:87,4
DA:88,4
DA:89,4
DA:90,4
DA:91,4
DA:92,4
DA:93,4
DA:95,1
DA:96,4
DA:97,4
DA:98,4
DA:99,4
DA:101,1
DA:102,3
DA:103,3
DA:104,3
DA:105,3
DA:106,3
DA:108,1
DA:109,2
DA:110,2
DA:112,1
DA:113,14
DA:114,1
DA:115,1
DA:117,1
DA:118,3
DA:119,3
DA:120,3
DA:121,1
DA:122,1
DA:124,1
DA:125,0
DA:126,0
DA:127,0
DA:128,0
DA:129,0
DA:130,0
DA:132,1
DA:133,2
DA:134,2
LF:115
LH:109
BRDA:8,0,0,62
BRDA:29,1,0,36
BRDA:51,2,0,12
BRDA:54,3,0,12
BRDA:58,4,0,2
BRDA:62,5,0,4
BRDA:67,6,0,2
BRDA:67,7,0,2
BRDA:71,8,0,1
BRDA:70,9,0,2
BRDA:77,10,0,2
BRDA:81,11,0,1
BRDA:82,12,0,2
BRDA:85,13,0,4
BRDA:91,14,0,1
BRDA:91,15,0,3
BRDA:92,16,0,2
BRDA:92,17,0,1
BRDA:92,18,0,2
BRDA:93,19,0,1
BRDA:93,20,0,1
BRDA:96,21,0,0
BRDA:90,22,0,6
BRDA:101,23,0,3
BRDA:108,24,0,2
BRDA:112,25,0,14
BRDA:113,26,0,13
BRDA:113,27,0,1
BRDA:117,28,0,3
BRDA:120,29,0,2
BRDA:120,30,0,2
BRDA:120,31,0,1
BRDA:132,32,0,2
BRDA:133,33,0,3
BRF:34
BRH:33
end_of_record
TN:
SF:src\features\Orders\OrderEntry\shared\index.ts
FN:1,(empty-report)
FNF:1
FNH:0
FNDA:0,(empty-report)
DA:1,0
DA:2,0
DA:3,0
DA:4,0
LF:4
LH:0
BRDA:1,0,0,0
BRF:1
BRH:0
end_of_record
TN:
SF:src\features\Orders\OrderEntry\shared\types.ts
FNF:0
FNH:0
DA:115,1
DA:116,1
DA:117,1
DA:118,1
DA:119,1
DA:120,1
DA:122,1
DA:123,1
DA:124,1
DA:125,1
DA:126,1
DA:127,1
DA:129,1
DA:131,1
DA:132,1
DA:133,1
DA:134,1
DA:135,1
DA:137,1
DA:138,1
DA:139,1
DA:140,1
DA:141,1
DA:142,1
DA:143,1
DA:144,1
DA:145,1
DA:146,1
DA:147,1
DA:148,1
DA:149,1
DA:150,1
DA:151,1
DA:152,1
LF:34
LH:34
BRF:0
BRH:0
end_of_record
TN:
SF:src\features\Orders\OrderEntry\shared\validation.ts
FN:16,validateOrderEntry
FN:70,getOrderTransferBlockingIssues
FN:112,buildOrderCommercialFieldProfile
FNF:3
FNH:3
FNDA:45,validateOrderEntry
FNDA:13,getOrderTransferBlockingIssues
FNDA:1,buildOrderCommercialFieldProfile
DA:16,1
DA:17,45
DA:18,45
DA:19,45
DA:20,45
DA:23,45
DA:24,6
DA:25,6
DA:26,45
DA:27,5
DA:28,5
DA:31,45
DA:32,47
DA:34,47
DA:35,8
DA:36,8
DA:37,47
DA:38,7
DA:39,7
DA:41,47
DA:42,6
DA:43,6
DA:45,47
DA:46,6
DA:47,6
DA:49,47
DA:50,6
DA:51,6
DA:54,47
DA:55,47
DA:56,1
DA:57,1
DA:59,47
DA:60,14
DA:61,14
DA:62,47
DA:64,45
DA:65,45
DA:67,45
DA:68,45
DA:70,1
DA:71,13
DA:73,13
DA:74,2
DA:75,2
DA:76,2
DA:77,2
DA:78,2
DA:80,13
DA:81,13
DA:82,2
DA:83,2
DA:84,2
DA:85,2
DA:86,2
DA:88,13
DA:89,2
DA:90,2
DA:91,2
DA:92,2
DA:93,2
DA:95,13
DA:96,2
DA:97,2
DA:98,2
DA:99,2
DA:100,2
DA:102,13
DA:103,2
DA:104,2
DA:105,2
DA:106,2
DA:107,2
DA:109,13
DA:110,13
DA:112,1
DA:113,1
DA:114,1
DA:116,1
DA:117,1
DA:118,1
DA:119,1
DA:120,1
DA:121,1
DA:122,1
DA:123,1
DA:124,1
DA:125,1
DA:126,1
DA:127,1
DA:128,1
DA:129,1
DA:130,1
DA:131,1
DA:132,1
DA:133,1
DA:134,1
DA:135,1
DA:136,1
DA:137,1
DA:138,1
DA:139,1
DA:140,1
DA:141,1
DA:142,1
DA:143,1
DA:144,1
DA:145,1
DA:146,1
DA:147,1
DA:148,1
DA:149,1
DA:150,1
DA:151,1
DA:152,1
DA:153,1
DA:154,1
DA:155,1
DA:156,1
DA:157,1
DA:158,1
DA:159,1
DA:160,1
DA:161,1
DA:162,1
DA:163,1
LF:126
LH:126
BRDA:16,0,0,45
BRDA:23,1,0,6
BRDA:26,2,0,5
BRDA:31,3,0,47
BRDA:34,4,0,8
BRDA:37,5,0,7
BRDA:41,6,0,42
BRDA:41,7,0,6
BRDA:45,8,0,43
BRDA:45,9,0,6
BRDA:49,10,0,42
BRDA:49,11,0,6
BRDA:54,12,0,45
BRDA:54,13,0,45
BRDA:54,14,0,45
BRDA:55,15,0,2
BRDA:55,16,0,1
BRDA:55,17,0,1
BRDA:59,18,0,14
BRDA:65,19,0,38
BRDA:70,20,0,13
BRDA:73,21,0,2
BRDA:81,22,0,2
BRDA:88,23,0,11
BRDA:88,24,0,2
BRDA:95,25,0,11
BRDA:95,26,0,2
BRDA:102,27,0,11
BRDA:102,28,0,2
BRDA:80,29,0,13
BRDA:112,30,0,1
BRDA:122,31,0,0
BRDA:131,32,0,0
BRDA:149,33,0,0
BRDA:113,34,0,1
BRF:35
BRH:32
end_of_record
TN:
SF:src\features\Orders\OrderOptimization\OptiPlanStrictOrderEntry.tsx
FN:1,(empty-report)
FNF:1
FNH:0
FNDA:0,(empty-report)
DA:1,0
DA:30,0
DA:31,0
DA:32,0
DA:33,0
DA:34,0
DA:35,0
DA:37,0
DA:38,0
DA:39,0
DA:40,0
DA:41,0
DA:42,0
DA:43,0
DA:44,0
DA:45,0
DA:46,0
DA:47,0
DA:48,0
DA:50,0
DA:51,0
DA:52,0
DA:53,0
DA:54,0
DA:55,0
DA:56,0
DA:57,0
DA:58,0
DA:59,0
DA:60,0
DA:61,0
DA:63,0
DA:64,0
DA:65,0
DA:66,0
DA:67,0
DA:68,0
DA:70,0
DA:71,0
DA:72,0
DA:73,0
DA:74,0
DA:75,0
DA:77,0
DA:80,0
DA:81,0
DA:82,0
DA:84,0
DA:85,0
DA:86,0
DA:89,0
DA:90,0
DA:93,0
DA:94,0
DA:95,0
DA:96,0
DA:97,0
DA:98,0
DA:99,0
DA:100,0
DA:101,0
DA:102,0
DA:105,0
DA:106,0
DA:107,0
DA:108,0
DA:109,0
DA:112,0
DA:113,0
DA:114,0
DA:115,0
DA:116,0
DA:119,0
DA:120,0
DA:122,0
DA:123,0
DA:124,0
DA:125,0
DA:127,0
DA:128,0
DA:129,0
DA:130,0
DA:131,0
DA:134,0
DA:135,0
DA:136,0
DA:137,0
DA:140,0
DA:141,0
DA:142,0
DA:144,0
DA:145,0
DA:146,0
DA:148,0
DA:149,0
DA:150,0
DA:151,0
DA:152,0
DA:153,0
DA:154,0
DA:155,0
DA:156,0
DA:157,0
DA:158,0
DA:160,0
DA:161,0
DA:162,0
DA:165,0
DA:166,0
DA:167,0
DA:168,0
DA:169,0
DA:170,0
DA:171,0
DA:174,0
DA:175,0
DA:177,0
DA:178,0
DA:179,0
DA:180,0
DA:182,0
DA:184,0
DA:185,0
DA:186,0
DA:187,0
DA:188,0
DA:189,0
DA:190,0
DA:191,0
DA:192,0
DA:194,0
DA:195,0
DA:196,0
DA:198,0
DA:199,0
DA:200,0
DA:201,0
DA:202,0
DA:203,0
DA:204,0
DA:205,0
DA:206,0
DA:207,0
DA:208,0
DA:211,0
DA:212,0
DA:213,0
DA:214,0
DA:215,0
DA:216,0
DA:217,0
DA:218,0
DA:219,0
DA:220,0
DA:221,0
DA:222,0
DA:223,0
DA:224,0
DA:225,0
DA:226,0
DA:227,0
DA:228,0
DA:229,0
DA:230,0
DA:231,0
DA:232,0
DA:233,0
DA:234,0
DA:235,0
DA:236,0
DA:237,0
DA:238,0
DA:239,0
DA:240,0
DA:241,0
DA:242,0
DA:243,0
DA:244,0
DA:247,0
DA:248,0
DA:249,0
DA:250,0
DA:251,0
DA:252,0
DA:253,0
DA:254,0
DA:255,0
DA:256,0
DA:257,0
DA:258,0
DA:259,0
DA:260,0
DA:261,0
DA:262,0
DA:265,0
DA:266,0
DA:267,0
DA:268,0
DA:269,0
DA:270,0
DA:271,0
DA:272,0
DA:273,0
DA:274,0
DA:275,0
DA:276,0
DA:277,0
DA:278,0
DA:279,0
DA:280,0
DA:283,0
DA:285,0
DA:287,0
DA:289,0
DA:291,0
DA:292,0
DA:293,0
DA:294,0
DA:296,0
DA:298,0
DA:299,0
DA:300,0
DA:301,0
DA:302,0
DA:303,0
DA:304,0
DA:305,0
DA:306,0
DA:307,0
DA:308,0
DA:309,0
DA:310,0
DA:311,0
DA:313,0
DA:315,0
DA:316,0
DA:317,0
DA:318,0
DA:319,0
DA:322,0
DA:323,0
DA:324,0
DA:325,0
DA:326,0
DA:327,0
DA:328,0
DA:329,0
DA:331,0
DA:332,0
DA:334,0
DA:336,0
DA:337,0
DA:338,0
DA:339,0
DA:340,0
DA:341,0
DA:343,0
DA:344,0
DA:345,0
DA:346,0
DA:349,0
DA:350,0
DA:351,0
DA:352,0
DA:353,0
DA:354,0
DA:355,0
DA:356,0
DA:360,0
DA:362,0
DA:363,0
DA:364,0
DA:365,0
DA:366,0
DA:367,0
DA:368,0
DA:369,0
DA:370,0
DA:371,0
DA:372,0
DA:373,0
DA:374,0
DA:375,0
DA:376,0
DA:377,0
DA:378,0
DA:379,0
DA:380,0
DA:383,0
DA:384,0
DA:385,0
DA:386,0
DA:387,0
DA:388,0
DA:389,0
DA:390,0
DA:392,0
DA:393,0
DA:394,0
DA:395,0
DA:396,0
DA:397,0
DA:398,0
DA:399,0
DA:400,0
DA:401,0
DA:402,0
DA:403,0
DA:404,0
DA:405,0
DA:406,0
DA:407,0
DA:408,0
DA:409,0
DA:410,0
DA:411,0
DA:412,0
DA:413,0
DA:414,0
DA:415,0
DA:416,0
DA:417,0
DA:420,0
DA:421,0
DA:422,0
DA:423,0
DA:424,0
DA:425,0
DA:426,0
DA:427,0
DA:428,0
DA:429,0
DA:430,0
DA:431,0
DA:432,0
DA:433,0
DA:434,0
DA:435,0
DA:436,0
DA:437,0
DA:438,0
DA:439,0
DA:440,0
DA:441,0
DA:442,0
DA:443,0
DA:444,0
DA:445,0
DA:446,0
DA:447,0
DA:448,0
DA:449,0
DA:450,0
DA:451,0
DA:452,0
DA:453,0
DA:454,0
DA:455,0
DA:456,0
DA:459,0
DA:460,0
DA:462,0
DA:463,0
DA:464,0
DA:466,0
DA:467,0
DA:468,0
DA:470,0
DA:471,0
DA:472,0
DA:474,0
DA:475,0
DA:476,0
DA:478,0
DA:479,0
DA:481,0
DA:482,0
DA:483,0
DA:484,0
DA:485,0
DA:487,0
DA:488,0
DA:489,0
DA:490,0
DA:493,0
DA:495,0
DA:496,0
DA:497,0
DA:498,0
DA:499,0
DA:500,0
DA:503,0
DA:504,0
DA:505,0
DA:506,0
DA:507,0
DA:508,0
DA:509,0
DA:510,0
DA:511,0
DA:512,0
DA:513,0
DA:514,0
DA:516,0
DA:517,0
DA:518,0
DA:519,0
DA:520,0
DA:521,0
DA:522,0
DA:523,0
DA:524,0
DA:526,0
DA:527,0
DA:529,0
DA:530,0
DA:531,0
DA:532,0
DA:533,0
DA:534,0
DA:535,0
DA:538,0
DA:539,0
DA:540,0
DA:541,0
DA:542,0
DA:543,0
DA:544,0
DA:545,0
DA:546,0
DA:548,0
DA:549,0
DA:550,0
DA:551,0
DA:552,0
DA:553,0
DA:554,0
DA:555,0
DA:556,0
DA:557,0
DA:558,0
DA:559,0
DA:561,0
DA:562,0
DA:563,0
DA:564,0
DA:565,0
DA:566,0
DA:567,0
DA:568,0
DA:569,0
DA:571,0
DA:572,0
DA:573,0
DA:574,0
DA:575,0
DA:576,0
DA:577,0
DA:578,0
DA:579,0
DA:581,0
DA:582,0
DA:583,0
DA:584,0
DA:585,0
DA:586,0
DA:587,0
DA:588,0
DA:589,0
DA:591,0
DA:592,0
DA:593,0
DA:594,0
DA:595,0
DA:596,0
DA:597,0
DA:598,0
DA:599,0
DA:600,0
DA:601,0
DA:602,0
DA:603,0
DA:604,0
DA:605,0
DA:607,0
DA:608,0
DA:609,0
DA:610,0
DA:611,0
DA:613,0
DA:614,0
DA:615,0
DA:616,0
DA:617,0
DA:618,0
DA:619,0
DA:620,0
DA:622,0
DA:623,0
DA:624,0
DA:625,0
DA:626,0
DA:627,0
DA:628,0
DA:629,0
DA:630,0
DA:631,0
DA:633,0
DA:634,0
DA:635,0
DA:636,0
DA:637,0
DA:638,0
DA:639,0
DA:640,0
DA:642,0
DA:643,0
DA:644,0
DA:645,0
DA:646,0
DA:647,0
DA:648,0
DA:649,0
DA:651,0
DA:652,0
DA:653,0
DA:654,0
DA:655,0
DA:656,0
DA:657,0
DA:658,0
DA:659,0
DA:661,0
DA:662,0
DA:663,0
DA:664,0
DA:665,0
DA:666,0
DA:667,0
DA:669,0
DA:670,0
DA:671,0
DA:672,0
DA:673,0
DA:674,0
DA:675,0
DA:676,0
DA:678,0
DA:679,0
DA:680,0
DA:681,0
DA:682,0
DA:683,0
DA:684,0
DA:685,0
DA:686,0
DA:689,0
DA:690,0
DA:691,0
DA:692,0
DA:693,0
DA:694,0
DA:695,0
DA:696,0
DA:697,0
DA:698,0
DA:699,0
DA:701,0
DA:702,0
DA:703,0
DA:704,0
DA:705,0
DA:708,0
DA:709,0
DA:710,0
DA:711,0
DA:712,0
DA:713,0
DA:714,0
DA:715,0
DA:716,0
DA:717,0
DA:719,0
DA:720,0
DA:722,0
DA:723,0
DA:724,0
DA:725,0
DA:726,0
DA:727,0
DA:728,0
DA:729,0
DA:731,0
DA:732,0
DA:733,0
DA:734,0
DA:735,0
DA:736,0
DA:737,0
DA:739,0
DA:740,0
DA:741,0
DA:742,0
DA:746,0
DA:747,0
DA:748,0
DA:749,0
DA:750,0
DA:751,0
DA:752,0
DA:753,0
DA:754,0
DA:755,0
DA:757,0
DA:758,0
DA:760,0
DA:762,0
LF:617
LH:0
BRDA:1,0,0,0
BRF:1
BRH:0
end_of_record
TN:
SF:src\features\Orders\OrderOptimization\OrderOptimizationGrid.tsx
FN:1,(empty-report)
FNF:1
FNH:0
FNDA:0,(empty-report)
DA:1,0
DA:44,0
DA:45,0
DA:46,0
DA:47,0
DA:48,0
DA:50,0
DA:51,0
DA:52,0
DA:53,0
DA:55,0
DA:56,0
DA:57,0
DA:59,0
DA:60,0
DA:61,0
DA:62,0
DA:63,0
DA:64,0
DA:66,0
DA:67,0
DA:68,0
DA:69,0
DA:70,0
DA:71,0
DA:72,0
DA:73,0
DA:74,0
DA:75,0
DA:76,0
DA:77,0
DA:78,0
DA:79,0
DA:81,0
DA:82,0
DA:83,0
DA:84,0
DA:85,0
DA:86,0
DA:88,0
DA:89,0
DA:90,0
DA:91,0
DA:92,0
DA:94,0
DA:95,0
DA:96,0
DA:97,0
DA:98,0
DA:100,0
DA:101,0
DA:102,0
DA:104,0
DA:105,0
DA:106,0
DA:107,0
DA:108,0
DA:109,0
DA:110,0
DA:111,0
DA:112,0
DA:113,0
DA:114,0
DA:115,0
DA:116,0
DA:118,0
DA:119,0
DA:120,0
DA:121,0
DA:122,0
DA:123,0
DA:124,0
DA:126,0
DA:127,0
DA:128,0
DA:129,0
DA:130,0
DA:131,0
DA:132,0
DA:133,0
DA:134,0
DA:135,0
DA:136,0
DA:137,0
DA:138,0
DA:139,0
DA:140,0
DA:141,0
DA:142,0
DA:143,0
DA:144,0
DA:145,0
DA:147,0
DA:148,0
DA:149,0
DA:150,0
DA:151,0
DA:152,0
DA:153,0
DA:154,0
DA:155,0
DA:156,0
DA:157,0
DA:158,0
DA:159,0
DA:160,0
DA:161,0
DA:163,0
DA:164,0
DA:165,0
DA:166,0
DA:167,0
DA:168,0
DA:169,0
DA:170,0
DA:171,0
DA:172,0
DA:173,0
DA:174,0
DA:175,0
DA:176,0
DA:177,0
DA:179,0
DA:180,0
DA:181,0
DA:182,0
DA:183,0
DA:184,0
DA:185,0
DA:186,0
DA:188,0
DA:189,0
DA:190,0
DA:191,0
DA:192,0
DA:193,0
DA:195,0
DA:196,0
DA:197,0
DA:198,0
DA:199,0
DA:200,0
DA:201,0
DA:202,0
DA:203,0
DA:204,0
DA:206,0
DA:207,0
DA:208,0
DA:209,0
DA:210,0
DA:211,0
DA:212,0
DA:213,0
DA:214,0
DA:215,0
DA:216,0
DA:217,0
DA:218,0
DA:219,0
DA:220,0
DA:221,0
DA:222,0
DA:223,0
DA:224,0
DA:225,0
DA:226,0
DA:227,0
DA:228,0
DA:229,0
DA:230,0
DA:231,0
DA:232,0
DA:233,0
DA:235,0
DA:236,0
DA:237,0
DA:238,0
DA:240,0
DA:242,0
DA:243,0
DA:244,0
DA:245,0
DA:246,0
DA:247,0
DA:248,0
DA:249,0
DA:250,0
DA:251,0
DA:253,0
DA:254,0
DA:255,0
DA:256,0
DA:257,0
DA:258,0
DA:259,0
DA:260,0
DA:261,0
DA:262,0
DA:264,0
DA:265,0
DA:266,0
DA:267,0
DA:268,0
DA:269,0
DA:270,0
DA:272,0
DA:273,0
DA:274,0
DA:275,0
DA:276,0
DA:278,0
DA:280,0
DA:281,0
DA:282,0
DA:283,0
DA:284,0
DA:285,0
DA:286,0
DA:288,0
DA:289,0
DA:290,0
DA:291,0
DA:292,0
DA:294,0
DA:295,0
DA:296,0
DA:298,0
DA:300,0
DA:301,0
DA:302,0
DA:304,0
DA:305,0
DA:306,0
DA:307,0
DA:309,0
DA:310,0
DA:311,0
DA:313,0
DA:314,0
DA:315,0
DA:316,0
DA:317,0
DA:318,0
DA:319,0
DA:321,0
DA:322,0
DA:323,0
DA:324,0
DA:325,0
DA:326,0
DA:327,0
DA:329,0
DA:330,0
DA:331,0
DA:332,0
DA:333,0
DA:334,0
DA:335,0
DA:336,0
DA:338,0
DA:339,0
DA:340,0
DA:341,0
DA:342,0
DA:343,0
DA:345,0
DA:346,0
DA:347,0
DA:348,0
DA:350,0
DA:351,0
DA:352,0
DA:353,0
DA:354,0
DA:355,0
DA:356,0
DA:357,0
DA:358,0
DA:360,0
DA:361,0
DA:362,0
DA:363,0
DA:364,0
DA:365,0
DA:366,0
DA:367,0
DA:368,0
DA:370,0
DA:371,0
DA:372,0
DA:373,0
DA:374,0
DA:376,0
DA:377,0
DA:378,0
DA:379,0
DA:381,0
DA:382,0
DA:383,0
DA:384,0
DA:385,0
DA:386,0
DA:388,0
DA:389,0
DA:390,0
DA:391,0
DA:392,0
DA:393,0
DA:394,0
DA:395,0
DA:396,0
DA:397,0
DA:398,0
DA:399,0
DA:400,0
DA:401,0
DA:403,0
DA:404,0
DA:405,0
DA:406,0
DA:407,0
DA:408,0
DA:410,0
DA:411,0
DA:412,0
DA:413,0
DA:414,0
DA:416,0
DA:417,0
DA:418,0
DA:419,0
DA:420,0
DA:422,0
DA:423,0
DA:424,0
DA:425,0
DA:426,0
DA:427,0
DA:428,0
DA:429,0
DA:430,0
DA:431,0
DA:432,0
DA:434,0
DA:435,0
DA:436,0
DA:437,0
DA:438,0
DA:439,0
DA:440,0
DA:441,0
DA:442,0
DA:443,0
DA:444,0
DA:445,0
DA:446,0
DA:447,0
DA:448,0
DA:449,0
DA:450,0
DA:451,0
DA:452,0
DA:453,0
DA:454,0
DA:455,0
DA:457,0
DA:458,0
DA:459,0
DA:460,0
DA:462,0
DA:464,0
DA:465,0
DA:467,0
DA:468,0
DA:470,0
DA:471,0
DA:473,0
DA:474,0
DA:475,0
DA:476,0
DA:478,0
LF:382
LH:0
BRDA:1,0,0,0
BRF:1
BRH:0
end_of_record
TN:
SF:src\features\Orders\OrderOptimization\OrderOptimizationMetaStrip.tsx
FN:1,(empty-report)
FNF:1
FNH:0
FNDA:0,(empty-report)
DA:1,0
DA:14,0
DA:15,0
DA:16,0
DA:17,0
DA:18,0
DA:19,0
DA:20,0
DA:21,0
DA:22,0
DA:23,0
DA:24,0
DA:25,0
DA:26,0
DA:27,0
DA:28,0
DA:29,0
DA:30,0
DA:31,0
DA:32,0
DA:33,0
DA:34,0
DA:35,0
DA:36,0
DA:37,0
DA:38,0
DA:39,0
DA:40,0
DA:42,0
DA:43,0
DA:44,0
DA:45,0
DA:47,0
DA:48,0
DA:49,0
DA:50,0
DA:51,0
DA:53,0
LF:38
LH:0
BRDA:1,0,0,0
BRF:1
BRH:0
end_of_record
TN:
SF:src\features\Orders\OrderOptimization\OrderOptimizationPanel.tsx
FN:1,(empty-report)
FNF:1
FNH:0
FNDA:0,(empty-report)
DA:1,0
DA:69,0
DA:70,0
DA:71,0
DA:72,0
DA:73,0
DA:74,0
DA:75,0
DA:76,0
DA:77,0
DA:78,0
DA:79,0
DA:80,0
DA:81,0
DA:82,0
DA:83,0
DA:84,0
DA:85,0
DA:86,0
DA:87,0
DA:88,0
DA:89,0
DA:90,0
DA:91,0
DA:92,0
DA:93,0
DA:95,0
DA:96,0
DA:97,0
DA:98,0
DA:99,0
DA:100,0
DA:101,0
DA:102,0
DA:103,0
DA:104,0
DA:105,0
DA:106,0
DA:107,0
DA:108,0
DA:109,0
DA:110,0
DA:111,0
DA:112,0
DA:113,0
DA:114,0
DA:115,0
DA:116,0
DA:117,0
DA:118,0
DA:119,0
DA:120,0
DA:121,0
DA:122,0
DA:123,0
DA:125,0
DA:126,0
DA:127,0
DA:128,0
DA:130,0
DA:131,0
DA:132,0
DA:133,0
DA:135,0
DA:136,0
DA:137,0
DA:138,0
DA:139,0
DA:140,0
DA:141,0
DA:142,0
DA:143,0
DA:144,0
DA:145,0
DA:146,0
DA:147,0
DA:148,0
DA:151,0
DA:153,0
DA:155,0
DA:157,0
DA:159,0
DA:160,0
DA:161,0
DA:162,0
DA:164,0
DA:166,0
DA:167,0
DA:168,0
DA:169,0
DA:170,0
DA:171,0
DA:172,0
DA:173,0
DA:174,0
DA:175,0
DA:176,0
DA:177,0
DA:178,0
DA:179,0
DA:181,0
DA:183,0
DA:184,0
DA:185,0
DA:186,0
DA:187,0
DA:190,0
DA:191,0
DA:192,0
DA:193,0
DA:194,0
DA:195,0
DA:196,0
DA:197,0
DA:199,0
DA:200,0
DA:202,0
DA:204,0
DA:205,0
DA:206,0
DA:207,0
DA:208,0
DA:209,0
DA:211,0
DA:212,0
DA:213,0
DA:214,0
DA:217,0
DA:218,0
DA:219,0
DA:220,0
DA:221,0
DA:222,0
DA:223,0
DA:224,0
DA:228,0
DA:229,0
DA:230,0
DA:231,0
DA:232,0
DA:233,0
DA:234,0
DA:235,0
DA:236,0
DA:237,0
DA:238,0
DA:240,0
DA:241,0
DA:242,0
DA:243,0
DA:244,0
DA:246,0
DA:247,0
DA:248,0
DA:249,0
DA:250,0
DA:251,0
DA:252,0
DA:253,0
DA:254,0
DA:255,0
DA:256,0
DA:257,0
DA:258,0
DA:260,0
DA:261,0
DA:262,0
DA:263,0
DA:264,0
DA:265,0
DA:266,0
DA:268,0
DA:269,0
DA:270,0
DA:271,0
DA:272,0
DA:273,0
DA:274,0
DA:275,0
DA:276,0
DA:277,0
DA:278,0
DA:279,0
DA:280,0
DA:281,0
DA:282,0
DA:283,0
DA:284,0
DA:285,0
DA:286,0
DA:287,0
DA:288,0
DA:289,0
DA:290,0
DA:291,0
DA:292,0
DA:293,0
DA:294,0
DA:295,0
DA:296,0
DA:297,0
DA:298,0
DA:299,0
DA:300,0
DA:301,0
DA:302,0
DA:303,0
DA:304,0
DA:305,0
DA:306,0
DA:307,0
DA:308,0
DA:309,0
DA:311,0
DA:312,0
DA:313,0
DA:314,0
DA:315,0
DA:316,0
DA:317,0
DA:318,0
DA:319,0
DA:320,0
DA:321,0
DA:322,0
DA:323,0
DA:324,0
DA:325,0
DA:326,0
DA:327,0
DA:328,0
DA:329,0
DA:330,0
DA:331,0
DA:332,0
DA:333,0
DA:335,0
DA:336,0
DA:337,0
DA:338,0
DA:339,0
DA:341,0
DA:342,0
DA:343,0
DA:345,0
DA:346,0
DA:347,0
DA:349,0
DA:350,0
DA:351,0
DA:353,0
DA:354,0
DA:355,0
DA:356,0
DA:357,0
DA:358,0
DA:359,0
DA:360,0
DA:361,0
DA:363,0
DA:364,0
DA:365,0
DA:366,0
DA:367,0
DA:368,0
DA:369,0
DA:370,0
DA:371,0
DA:373,0
DA:374,0
DA:375,0
DA:376,0
DA:379,0
DA:381,0
DA:382,0
DA:383,0
DA:384,0
DA:385,0
DA:386,0
DA:387,0
DA:388,0
DA:389,0
DA:390,0
DA:391,0
DA:393,0
DA:394,0
DA:395,0
DA:396,0
DA:397,0
DA:398,0
DA:399,0
DA:400,0
DA:401,0
DA:402,0
DA:403,0
DA:404,0
DA:405,0
DA:406,0
DA:408,0
LF:299
LH:0
BRDA:1,0,0,0
BRF:1
BRH:0
end_of_record
TN:
SF:src\features\Orders\OrderOptimization\OrderOptimizationRibbon.tsx
FN:1,(empty-report)
FNF:1
FNH:0
FNDA:0,(empty-report)
DA:1,0
DA:15,0
DA:16,0
DA:17,0
DA:18,0
DA:19,0
DA:20,0
DA:22,0
DA:23,0
DA:24,0
DA:25,0
DA:26,0
DA:27,0
DA:28,0
DA:29,0
DA:30,0
DA:31,0
DA:32,0
DA:33,0
DA:35,0
DA:36,0
DA:37,0
DA:40,0
DA:41,0
DA:42,0
DA:43,0
DA:44,0
DA:45,0
DA:46,0
DA:47,0
DA:48,0
DA:49,0
DA:50,0
DA:52,0
DA:54,0
DA:55,0
DA:57,0
DA:58,0
DA:59,0
DA:60,0
DA:62,0
LF:41
LH:0
BRDA:1,0,0,0
BRF:1
BRH:0
end_of_record
TN:
SF:src\features\Orders\OrderOptimization\orderOptimizationConstants.ts
FN:1,(empty-report)
FNF:1
FNH:1
FNDA:1,(empty-report)
DA:2,0
DA:3,0
DA:4,0
DA:5,0
DA:6,0
DA:7,0
DA:8,0
DA:9,0
DA:10,0
DA:11,0
DA:12,0
DA:13,0
DA:14,0
DA:15,0
DA:16,0
DA:19,0
DA:22,0
DA:23,0
DA:24,0
DA:25,0
DA:26,0
DA:27,0
DA:28,0
DA:29,0
DA:30,0
DA:31,0
DA:32,0
DA:33,0
DA:34,0
DA:35,0
DA:36,0
LF:31
LH:0
BRDA:1,0,0,1
BRF:1
BRH:1
end_of_record
TN:
SF:src\features\Orders\OrderOptimization\orderOptimizationStyles.ts
FN:1,(empty-report)
FNF:1
FNH:1
FNDA:1,(empty-report)
DA:5,0
DA:6,0
DA:7,0
DA:8,0
DA:9,0
DA:10,0
DA:11,0
DA:12,0
DA:13,0
DA:14,0
DA:15,0
DA:16,0
DA:17,0
DA:18,0
DA:19,0
DA:20,0
DA:21,0
DA:22,0
DA:23,0
DA:24,0
DA:25,0
DA:26,0
DA:28,0
DA:29,0
DA:30,0
DA:31,0
DA:32,0
DA:33,0
DA:34,0
DA:35,0
DA:36,0
DA:37,0
DA:38,0
DA:39,0
DA:40,0
DA:41,0
DA:42,0
DA:43,0
DA:44,0
DA:45,0
DA:46,0
DA:47,0
DA:48,0
DA:49,0
DA:50,0
DA:51,0
DA:52,0
DA:53,0
DA:54,0
DA:55,0
DA:56,0
DA:57,0
DA:58,0
DA:59,0
DA:60,0
DA:61,0
DA:62,0
DA:63,0
DA:64,0
DA:65,0
DA:66,0
DA:67,0
DA:68,0
DA:69,0
DA:70,0
DA:71,0
DA:72,0
DA:73,0
DA:74,0
DA:75,0
DA:76,0
DA:77,0
DA:78,0
DA:79,0
DA:80,0
DA:81,0
DA:82,0
DA:83,0
DA:84,0
DA:85,0
DA:86,0
DA:87,0
DA:88,0
DA:89,0
DA:90,0
DA:91,0
DA:92,0
DA:93,0
DA:94,0
DA:95,0
DA:96,0
DA:97,0
DA:98,0
DA:99,0
DA:100,0
LF:95
LH:0
BRDA:1,0,0,1
BRF:1
BRH:1
end_of_record
