TN:
SF:src\App.tsx
FN:26,(anonymous_0)
FN:27,(anonymous_1)
FN:28,(anonymous_2)
FN:29,(anonymous_3)
FN:30,(anonymous_4)
FN:33,(anonymous_5)
FN:34,(anonymous_6)
FN:35,(anonymous_7)
FN:36,(anonymous_8)
FN:37,(anonymous_9)
FN:40,(anonymous_10)
FN:41,(anonymous_11)
FN:42,(anonymous_12)
FN:43,(anonymous_13)
FN:46,(anonymous_14)
FN:47,(anonymous_15)
FN:49,(anonymous_16)
FN:91,toSidebarRole
FN:100,InfoPage
FN:112,AuthenticatedApp
FN:121,(anonymous_20)
FN:122,(anonymous_21)
FN:125,(anonymous_22)
FN:133,(anonymous_23)
FN:135,(anonymous_24)
FN:136,(anonymous_25)
FN:137,(anonymous_26)
FN:138,(anonymous_27)
FN:139,(anonymous_28)
FN:141,(anonymous_29)
FN:142,(anonymous_30)
FN:143,(anonymous_31)
FN:147,(anonymous_32)
FN:152,(anonymous_33)
FN:159,(anonymous_34)
FN:164,(anonymous_35)
FN:180,(anonymous_36)
FN:183,(anonymous_37)
FN:189,(anonymous_38)
FN:250,(anonymous_39)
FN:255,(anonymous_40)
FN:264,(anonymous_41)
FN:316,(anonymous_42)
FN:317,(anonymous_43)
FN:321,(anonymous_44)
FN:328,App
FN:329,(anonymous_46)
FN:330,(anonymous_47)
FN:331,(anonymous_48)
FN:332,(anonymous_49)
FN:334,(anonymous_50)
FN:339,(anonymous_51)
FN:340,(anonymous_52)
FN:344,(anonymous_53)
FNF:54
FNH:0
FNDA:0,(anonymous_0)
FNDA:0,(anonymous_1)
FNDA:0,(anonymous_2)
FNDA:0,(anonymous_3)
FNDA:0,(anonymous_4)
FNDA:0,(anonymous_5)
FNDA:0,(anonymous_6)
FNDA:0,(anonymous_7)
FNDA:0,(anonymous_8)
FNDA:0,(anonymous_9)
FNDA:0,(anonymous_10)
FNDA:0,(anonymous_11)
FNDA:0,(anonymous_12)
FNDA:0,(anonymous_13)
FNDA:0,(anonymous_14)
FNDA:0,(anonymous_15)
FNDA:0,(anonymous_16)
FNDA:0,toSidebarRole
FNDA:0,InfoPage
FNDA:0,AuthenticatedApp
FNDA:0,(anonymous_20)
FNDA:0,(anonymous_21)
FNDA:0,(anonymous_22)
FNDA:0,(anonymous_23)
FNDA:0,(anonymous_24)
FNDA:0,(anonymous_25)
FNDA:0,(anonymous_26)
FNDA:0,(anonymous_27)
FNDA:0,(anonymous_28)
FNDA:0,(anonymous_29)
FNDA:0,(anonymous_30)
FNDA:0,(anonymous_31)
FNDA:0,(anonymous_32)
FNDA:0,(anonymous_33)
FNDA:0,(anonymous_34)
FNDA:0,(anonymous_35)
FNDA:0,(anonymous_36)
FNDA:0,(anonymous_37)
FNDA:0,(anonymous_38)
FNDA:0,(anonymous_39)
FNDA:0,(anonymous_40)
FNDA:0,(anonymous_41)
FNDA:0,(anonymous_42)
FNDA:0,(anonymous_43)
FNDA:0,(anonymous_44)
FNDA:0,App
FNDA:0,(anonymous_46)
FNDA:0,(anonymous_47)
FNDA:0,(anonymous_48)
FNDA:0,(anonymous_49)
FNDA:0,(anonymous_50)
FNDA:0,(anonymous_51)
FNDA:0,(anonymous_52)
FNDA:0,(anonymous_53)
DA:26,0
DA:27,0
DA:28,0
DA:29,0
DA:30,0
DA:33,0
DA:34,0
DA:35,0
DA:36,0
DA:37,0
DA:40,0
DA:41,0
DA:42,0
DA:43,0
DA:46,0
DA:47,0
DA:49,0
DA:50,0
DA:92,0
DA:93,0
DA:94,0
DA:95,0
DA:96,0
DA:97,0
DA:101,0
DA:113,0
DA:114,0
DA:115,0
DA:116,0
DA:117,0
DA:120,0
DA:121,0
DA:122,0
DA:125,0
DA:126,0
DA:127,0
DA:129,0
DA:133,0
DA:135,0
DA:136,0
DA:137,0
DA:138,0
DA:139,0
DA:141,0
DA:142,0
DA:143,0
DA:147,0
DA:148,0
DA:151,0
DA:152,0
DA:159,0
DA:160,0
DA:161,0
DA:164,0
DA:165,0
DA:166,0
DA:169,0
DA:180,0
DA:181,0
DA:183,0
DA:185,0
DA:187,0
DA:189,0
DA:191,0
DA:193,0
DA:195,0
DA:197,0
DA:199,0
DA:201,0
DA:203,0
DA:205,0
DA:207,0
DA:209,0
DA:211,0
DA:213,0
DA:215,0
DA:217,0
DA:219,0
DA:221,0
DA:225,0
DA:250,0
DA:256,0
DA:257,0
DA:265,0
DA:266,0
DA:267,0
DA:316,0
DA:317,0
DA:321,0
DA:329,0
DA:330,0
DA:331,0
DA:332,0
DA:334,0
DA:335,0
DA:339,0
DA:340,0
DA:341,0
DA:343,0
DA:344,0
DA:347,0
DA:348,0
DA:355,0
LF:103
LH:0
BRDA:93,0,0,0
BRDA:93,0,1,0
BRDA:94,1,0,0
BRDA:94,1,1,0
BRDA:94,2,0,0
BRDA:94,2,1,0
BRDA:95,3,0,0
BRDA:95,3,1,0
BRDA:95,4,0,0
BRDA:95,4,1,0
BRDA:96,5,0,0
BRDA:96,5,1,0
BRDA:96,6,0,0
BRDA:96,6,1,0
BRDA:96,6,2,0
BRDA:126,7,0,0
BRDA:126,7,1,0
BRDA:142,8,0,0
BRDA:142,8,1,0
BRDA:143,9,0,0
BRDA:143,9,1,0
BRDA:153,10,0,0
BRDA:153,10,1,0
BRDA:153,10,2,0
BRDA:153,10,3,0
BRDA:169,11,0,0
BRDA:169,11,1,0
BRDA:169,12,0,0
BRDA:169,12,1,0
BRDA:176,13,0,0
BRDA:176,13,1,0
BRDA:181,14,0,0
BRDA:181,14,1,0
BRDA:181,14,2,0
BRDA:181,14,3,0
BRDA:181,14,4,0
BRDA:181,14,5,0
BRDA:181,14,6,0
BRDA:181,14,7,0
BRDA:181,14,8,0
BRDA:181,14,9,0
BRDA:181,14,10,0
BRDA:181,14,11,0
BRDA:181,14,12,0
BRDA:181,14,13,0
BRDA:181,14,14,0
BRDA:181,14,15,0
BRDA:181,14,16,0
BRDA:181,14,17,0
BRDA:181,14,18,0
BRDA:181,14,19,0
BRDA:249,15,0,0
BRDA:249,15,1,0
BRDA:271,16,0,0
BRDA:271,16,1,0
BRDA:277,17,0,0
BRDA:277,17,1,0
BRDA:278,18,0,0
BRDA:278,18,1,0
BRDA:281,19,0,0
BRDA:281,19,1,0
BRDA:284,20,0,0
BRDA:284,20,1,0
BRDA:296,21,0,0
BRDA:296,21,1,0
BRDA:347,22,0,0
BRDA:347,22,1,0
BRDA:347,23,0,0
BRDA:347,23,1,0
BRF:69
BRH:0
end_of_record
TN:
SF:src\main.tsx
FNF:0
FNH:0
DA:7,0
LF:1
LH:0
BRF:0
BRH:0
end_of_record
TN:
SF:src\themeRuntime.ts
FN:4,resolveTheme
FN:12,applyCssVariables
FN:65,syncRuntimeTheme
FNF:3
FNH:3
FNDA:3,resolveTheme
FNDA:3,applyCssVariables
FNDA:3,syncRuntimeTheme
DA:5,3
DA:6,3
DA:9,0
DA:13,3
DA:14,0
DA:17,3
DA:18,3
DA:19,3
DA:21,3
DA:22,3
DA:23,3
DA:24,3
DA:25,3
DA:27,3
DA:28,3
DA:29,3
DA:30,3
DA:32,3
DA:33,3
DA:35,3
DA:36,3
DA:37,3
DA:38,3
DA:40,3
DA:41,3
DA:42,3
DA:44,3
DA:45,3
DA:47,3
DA:48,3
DA:49,3
DA:51,3
DA:52,3
DA:53,3
DA:54,3
DA:56,3
DA:57,3
DA:58,3
DA:60,3
DA:61,3
DA:62,3
DA:66,3
DA:67,3
DA:68,3
DA:69,3
LF:45
LH:43
BRDA:5,0,0,3
BRDA:5,0,1,0
BRDA:6,1,0,3
BRDA:6,1,1,0
BRDA:13,2,0,0
BRDA:13,2,1,3
BRDA:18,3,0,3
BRDA:18,3,1,0
BRDA:19,4,0,3
BRDA:19,4,1,0
BRF:10
BRH:5
end_of_record
TN:
SF:src\themes.ts
FN:493,getStoredTheme
FN:506,getActiveTheme
FN:511,getThemeDesign
FNF:3
FNH:2
FNDA:5,getStoredTheme
FNDA:5,getActiveTheme
FNDA:0,getThemeDesign
DA:71,5
DA:82,5
DA:161,5
DA:243,5
DA:322,5
DA:401,5
DA:480,5
DA:488,5
DA:490,5
DA:494,5
DA:495,5
DA:496,5
DA:497,0
DA:498,0
DA:499,0
DA:502,5
DA:507,5
DA:512,0
LF:18
LH:14
BRDA:496,0,0,0
BRDA:496,0,1,5
BRDA:499,1,0,0
BRDA:499,1,1,0
BRDA:499,2,0,0
BRDA:499,2,1,0
BRF:6
BRH:1
end_of_record
TN:
SF:src\components\AdminPanel.tsx
FN:35,(anonymous_0)
FN:43,(anonymous_1)
FN:50,(anonymous_2)
FN:62,(anonymous_3)
FN:74,(anonymous_4)
FN:86,(anonymous_5)
FN:106,(anonymous_6)
FN:111,(anonymous_7)
FN:111,(anonymous_8)
FN:119,(anonymous_9)
FN:124,(anonymous_10)
FN:124,(anonymous_11)
FN:132,(anonymous_12)
FN:137,(anonymous_13)
FN:137,(anonymous_14)
FN:145,(anonymous_15)
FN:157,(anonymous_16)
FN:162,(anonymous_17)
FN:162,(anonymous_18)
FN:169,(anonymous_19)
FN:182,(anonymous_20)
FN:206,(anonymous_21)
FN:225,(anonymous_22)
FN:228,(anonymous_23)
FN:295,(anonymous_24)
FN:320,(anonymous_25)
FN:326,(anonymous_26)
FN:332,(anonymous_27)
FN:352,(anonymous_28)
FN:380,(anonymous_29)
FN:397,(anonymous_30)
FN:403,(anonymous_31)
FN:423,(anonymous_32)
FN:430,(anonymous_33)
FN:445,(anonymous_34)
FN:451,(anonymous_35)
FN:470,(anonymous_36)
FN:476,(anonymous_37)
FN:505,(anonymous_38)
FN:529,(anonymous_39)
FN:535,(anonymous_40)
FN:574,(anonymous_41)
FN:588,(anonymous_42)
FN:612,(anonymous_43)
FN:618,(anonymous_44)
FN:624,(anonymous_45)
FNF:46
FNH:0
FNDA:0,(anonymous_0)
FNDA:0,(anonymous_1)
FNDA:0,(anonymous_2)
FNDA:0,(anonymous_3)
FNDA:0,(anonymous_4)
FNDA:0,(anonymous_5)
FNDA:0,(anonymous_6)
FNDA:0,(anonymous_7)
FNDA:0,(anonymous_8)
FNDA:0,(anonymous_9)
FNDA:0,(anonymous_10)
FNDA:0,(anonymous_11)
FNDA:0,(anonymous_12)
FNDA:0,(anonymous_13)
FNDA:0,(anonymous_14)
FNDA:0,(anonymous_15)
FNDA:0,(anonymous_16)
FNDA:0,(anonymous_17)
FNDA:0,(anonymous_18)
FNDA:0,(anonymous_19)
FNDA:0,(anonymous_20)
FNDA:0,(anonymous_21)
FNDA:0,(anonymous_22)
FNDA:0,(anonymous_23)
FNDA:0,(anonymous_24)
FNDA:0,(anonymous_25)
FNDA:0,(anonymous_26)
FNDA:0,(anonymous_27)
FNDA:0,(anonymous_28)
FNDA:0,(anonymous_29)
FNDA:0,(anonymous_30)
FNDA:0,(anonymous_31)
FNDA:0,(anonymous_32)
FNDA:0,(anonymous_33)
FNDA:0,(anonymous_34)
FNDA:0,(anonymous_35)
FNDA:0,(anonymous_36)
FNDA:0,(anonymous_37)
FNDA:0,(anonymous_38)
FNDA:0,(anonymous_39)
FNDA:0,(anonymous_40)
FNDA:0,(anonymous_41)
FNDA:0,(anonymous_42)
FNDA:0,(anonymous_43)
FNDA:0,(anonymous_44)
FNDA:0,(anonymous_45)
DA:35,0
DA:36,0
DA:37,0
DA:38,0
DA:39,0
DA:40,0
DA:43,0
DA:44,0
DA:45,0
DA:46,0
DA:47,0
DA:50,0
DA:51,0
DA:52,0
DA:53,0
DA:54,0
DA:55,0
DA:58,0
DA:62,0
DA:63,0
DA:64,0
DA:65,0
DA:66,0
DA:67,0
DA:70,0
DA:74,0
DA:75,0
DA:76,0
DA:77,0
DA:78,0
DA:79,0
DA:82,0
DA:86,0
DA:87,0
DA:88,0
DA:89,0
DA:90,0
DA:91,0
DA:94,0
DA:99,0
DA:100,0
DA:101,0
DA:102,0
DA:103,0
DA:104,0
DA:106,0
DA:107,0
DA:108,0
DA:109,0
DA:110,0
DA:111,0
DA:112,0
DA:115,0
DA:119,0
DA:120,0
DA:121,0
DA:122,0
DA:123,0
DA:124,0
DA:125,0
DA:128,0
DA:132,0
DA:133,0
DA:134,0
DA:135,0
DA:136,0
DA:137,0
DA:138,0
DA:141,0
DA:145,0
DA:146,0
DA:147,0
DA:148,0
DA:149,0
DA:150,0
DA:153,0
DA:157,0
DA:158,0
DA:159,0
DA:160,0
DA:161,0
DA:162,0
DA:165,0
DA:169,0
DA:170,0
DA:179,0
DA:182,0
DA:183,0
DA:192,0
DA:195,0
DA:206,0
DA:226,0
DA:228,0
DA:296,0
DA:320,0
DA:326,0
DA:332,0
DA:352,0
DA:381,0
DA:397,0
DA:403,0
DA:423,0
DA:431,0
DA:445,0
DA:451,0
DA:470,0
DA:476,0
DA:506,0
DA:529,0
DA:535,0
DA:574,0
DA:588,0
DA:612,0
DA:618,0
DA:624,0
LF:115
LH:0
BRDA:53,0,0,0
BRDA:53,0,1,0
BRDA:55,1,0,0
BRDA:55,1,1,0
BRDA:65,2,0,0
BRDA:65,2,1,0
BRDA:67,3,0,0
BRDA:67,3,1,0
BRDA:77,4,0,0
BRDA:77,4,1,0
BRDA:79,5,0,0
BRDA:79,5,1,0
BRDA:89,6,0,0
BRDA:89,6,1,0
BRDA:91,7,0,0
BRDA:91,7,1,0
BRDA:107,8,0,0
BRDA:107,8,1,0
BRDA:110,9,0,0
BRDA:110,9,1,0
BRDA:120,10,0,0
BRDA:120,10,1,0
BRDA:123,11,0,0
BRDA:123,11,1,0
BRDA:133,12,0,0
BRDA:133,12,1,0
BRDA:136,13,0,0
BRDA:136,13,1,0
BRDA:148,14,0,0
BRDA:148,14,1,0
BRDA:158,15,0,0
BRDA:158,15,1,0
BRDA:161,16,0,0
BRDA:161,16,1,0
BRDA:179,17,0,0
BRDA:179,17,1,0
BRDA:192,18,0,0
BRDA:192,18,1,0
BRDA:230,19,0,0
BRDA:230,19,1,0
BRDA:246,20,0,0
BRDA:246,20,1,0
BRDA:346,21,0,0
BRDA:346,21,1,0
BRDA:417,22,0,0
BRDA:417,22,1,0
BRDA:463,23,0,0
BRDA:463,23,1,0
BRDA:515,24,0,0
BRDA:515,24,1,0
BRDA:516,25,0,0
BRDA:516,25,1,0
BRDA:519,26,0,0
BRDA:519,26,1,0
BRDA:520,27,0,0
BRDA:520,27,1,0
BRDA:549,28,0,0
BRDA:549,28,1,0
BRF:58
BRH:0
end_of_record
TN:
SF:src\components\ErrorBoundary.tsx
FN:16,(anonymous_0)
FN:40,(anonymous_1)
FN:25,(anonymous_2)
FN:29,(anonymous_3)
FN:48,(anonymous_4)
FN:179,(anonymous_5)
FN:192,(anonymous_6)
FN:195,(anonymous_7)
FN:216,(anonymous_8)
FN:219,(anonymous_9)
FNF:10
FNH:0
FNDA:0,(anonymous_0)
FNDA:0,(anonymous_1)
FNDA:0,(anonymous_2)
FNDA:0,(anonymous_3)
FNDA:0,(anonymous_4)
FNDA:0,(anonymous_5)
FNDA:0,(anonymous_6)
FNDA:0,(anonymous_7)
FNDA:0,(anonymous_8)
FNDA:0,(anonymous_9)
DA:17,0
DA:18,0
DA:26,0
DA:30,0
DA:31,0
DA:40,0
DA:41,0
DA:49,0
DA:51,0
DA:52,0
DA:56,0
DA:179,0
DA:193,0
DA:196,0
DA:217,0
DA:220,0
DA:231,0
LF:17
LH:0
BRDA:49,0,0,0
BRDA:49,0,1,0
BRDA:51,1,0,0
BRDA:51,1,1,0
BRDA:130,2,0,0
BRDA:130,2,1,0
BRDA:161,3,0,0
BRDA:161,3,1,0
BRF:8
BRH:0
end_of_record
TN:
SF:src\components\KioskScreen.tsx
FN:20,(anonymous_0)
FN:28,(anonymous_1)
FN:33,(anonymous_2)
FN:34,(anonymous_3)
FN:36,(anonymous_4)
FN:41,(anonymous_5)
FN:44,(anonymous_6)
FN:54,(anonymous_7)
FN:87,(anonymous_8)
FN:101,(anonymous_9)
FN:107,(anonymous_10)
FN:114,(anonymous_11)
FN:120,(anonymous_12)
FN:317,(anonymous_13)
FN:359,(anonymous_14)
FNF:15
FNH:0
FNDA:0,(anonymous_0)
FNDA:0,(anonymous_1)
FNDA:0,(anonymous_2)
FNDA:0,(anonymous_3)
FNDA:0,(anonymous_4)
FNDA:0,(anonymous_5)
FNDA:0,(anonymous_6)
FNDA:0,(anonymous_7)
FNDA:0,(anonymous_8)
FNDA:0,(anonymous_9)
FNDA:0,(anonymous_10)
FNDA:0,(anonymous_11)
FNDA:0,(anonymous_12)
FNDA:0,(anonymous_13)
FNDA:0,(anonymous_14)
DA:20,0
DA:21,0
DA:22,0
DA:23,0
DA:24,0
DA:25,0
DA:26,0
DA:28,0
DA:30,0
DA:31,0
DA:33,0
DA:34,0
DA:35,0
DA:36,0
DA:37,0
DA:39,0
DA:43,0
DA:45,0
DA:49,0
DA:50,0
DA:54,0
DA:55,0
DA:56,0
DA:61,0
DA:64,0
DA:66,0
DA:68,0
DA:69,0
DA:70,0
DA:72,0
DA:80,0
DA:86,0
DA:87,0
DA:89,0
DA:90,0
DA:91,0
DA:94,0
DA:95,0
DA:100,0
DA:101,0
DA:103,0
DA:107,0
DA:108,0
DA:109,0
DA:110,0
DA:114,0
DA:115,0
DA:116,0
DA:120,0
DA:121,0
DA:122,0
DA:123,0
DA:124,0
DA:128,0
DA:129,0
DA:137,0
DA:318,0
DA:360,0
LF:58
LH:0
BRDA:35,0,0,0
BRDA:35,0,1,0
BRDA:37,1,0,0
BRDA:37,1,1,0
BRDA:37,1,2,0
BRDA:39,2,0,0
BRDA:39,2,1,0
BRDA:49,3,0,0
BRDA:49,3,1,0
BRDA:55,4,0,0
BRDA:55,4,1,0
BRDA:68,5,0,0
BRDA:68,5,1,0
BRDA:70,6,0,0
BRDA:70,6,1,0
BRDA:76,7,0,0
BRDA:76,7,1,0
BRDA:82,8,0,0
BRDA:82,8,1,0
BRDA:89,9,0,0
BRDA:89,9,1,0
BRDA:94,10,0,0
BRDA:94,10,1,0
BRDA:109,11,0,0
BRDA:109,11,1,0
BRDA:115,12,0,0
BRDA:115,12,1,0
BRDA:122,13,0,0
BRDA:122,13,1,0
BRDA:128,14,0,0
BRDA:128,14,1,0
BRDA:147,15,0,0
BRDA:147,15,1,0
BRDA:187,16,0,0
BRDA:187,16,1,0
BRDA:201,17,0,0
BRDA:201,17,1,0
BRDA:207,18,0,0
BRDA:207,18,1,0
BRDA:208,19,0,0
BRDA:208,19,1,0
BRDA:212,20,0,0
BRDA:212,20,1,0
BRDA:217,21,0,0
BRDA:217,21,1,0
BRDA:223,22,0,0
BRDA:223,22,1,0
BRDA:224,23,0,0
BRDA:224,23,1,0
BRDA:234,24,0,0
BRDA:234,24,1,0
BRDA:237,25,0,0
BRDA:237,25,1,0
BRDA:243,26,0,0
BRDA:243,26,1,0
BRDA:249,27,0,0
BRDA:249,27,1,0
BRDA:283,28,0,0
BRDA:283,28,1,0
BRDA:345,29,0,0
BRDA:345,29,1,0
BRDA:368,30,0,0
BRDA:368,30,1,0
BRDA:369,31,0,0
BRDA:369,31,1,0
BRDA:373,32,0,0
BRDA:373,32,1,0
BRDA:379,33,0,0
BRDA:379,33,1,0
BRDA:384,34,0,0
BRDA:384,34,1,0
BRDA:406,35,0,0
BRDA:406,35,1,0
BRF:73
BRH:0
end_of_record
TN:
SF:src\components\LoginPage.tsx
FN:23,LoginPage
FN:30,(anonymous_1)
FN:32,(anonymous_2)
FN:53,(anonymous_3)
FN:76,(anonymous_4)
FN:143,(anonymous_5)
FN:151,(anonymous_6)
FNF:7
FNH:0
FNDA:0,LoginPage
FNDA:0,(anonymous_1)
FNDA:0,(anonymous_2)
FNDA:0,(anonymous_3)
FNDA:0,(anonymous_4)
FNDA:0,(anonymous_5)
FNDA:0,(anonymous_6)
DA:24,0
DA:25,0
DA:26,0
DA:27,0
DA:28,0
DA:30,0
DA:32,0
DA:33,0
DA:35,0
DA:36,0
DA:37,0
DA:40,0
DA:41,0
DA:43,0
DA:44,0
DA:52,0
DA:53,0
DA:54,0
DA:57,0
DA:59,0
DA:70,0
DA:73,0
DA:76,0
DA:77,0
DA:81,0
DA:83,0
DA:88,0
DA:89,0
DA:120,0
DA:143,0
DA:151,0
LF:31
LH:0
BRDA:35,0,0,0
BRDA:35,0,1,0
BRDA:35,1,0,0
BRDA:35,1,1,0
BRDA:52,2,0,0
BRDA:52,2,1,0
BRDA:54,3,0,0
BRDA:54,3,1,0
BRDA:62,4,0,0
BRDA:62,4,1,0
BRDA:63,5,0,0
BRDA:63,5,1,0
BRDA:65,6,0,0
BRDA:65,6,1,0
BRDA:66,7,0,0
BRDA:66,7,1,0
BRDA:81,8,0,0
BRDA:81,8,1,0
BRDA:88,9,0,0
BRDA:88,9,1,0
BRDA:155,10,0,0
BRDA:155,10,1,0
BRDA:182,11,0,0
BRDA:182,11,1,0
BRF:24
BRH:0
end_of_record
TN:
SF:src\components\OperatorScreen.tsx
FN:5,(anonymous_0)
FN:12,(anonymous_1)
FN:40,(anonymous_2)
FN:50,(anonymous_3)
FN:64,(anonymous_4)
FN:73,(anonymous_5)
FNF:6
FNH:0
FNDA:0,(anonymous_0)
FNDA:0,(anonymous_1)
FNDA:0,(anonymous_2)
FNDA:0,(anonymous_3)
FNDA:0,(anonymous_4)
FNDA:0,(anonymous_5)
DA:5,0
DA:6,0
DA:7,0
DA:8,0
DA:9,0
DA:10,0
DA:12,0
DA:13,0
DA:14,0
DA:15,0
DA:16,0
DA:19,0
DA:20,0
DA:21,0
DA:22,0
DA:25,0
DA:33,0
DA:34,0
DA:37,0
DA:38,0
DA:40,0
DA:42,0
DA:43,0
DA:44,0
DA:46,0
DA:50,0
DA:51,0
DA:52,0
DA:56,0
DA:64,0
DA:73,0
LF:31
LH:0
BRDA:13,0,0,0
BRDA:13,0,1,0
BRDA:13,1,0,0
BRDA:13,1,1,0
BRDA:33,2,0,0
BRDA:33,2,1,0
BRDA:42,3,0,0
BRDA:42,3,1,0
BRDA:51,4,0,0
BRDA:51,4,1,0
BRDA:84,5,0,0
BRDA:84,5,1,0
BRDA:87,6,0,0
BRDA:87,6,1,0
BRDA:88,7,0,0
BRDA:88,7,1,0
BRDA:89,8,0,0
BRDA:89,8,1,0
BRDA:89,9,0,0
BRDA:89,9,1,0
BRF:20
BRH:0
end_of_record
TN:
SF:src\components\OrderEditor.tsx
FN:40,(anonymous_0)
FN:76,(anonymous_1)
FN:95,(anonymous_2)
FN:116,(anonymous_3)
FN:138,(anonymous_4)
FN:140,(anonymous_5)
FN:145,(anonymous_6)
FN:159,(anonymous_7)
FN:178,(anonymous_8)
FN:185,(anonymous_9)
FN:186,(anonymous_10)
FN:190,(anonymous_11)
FN:202,(anonymous_12)
FN:234,(anonymous_13)
FN:261,(anonymous_14)
FN:265,(anonymous_15)
FN:286,(anonymous_16)
FN:305,(anonymous_17)
FN:314,(anonymous_18)
FN:317,(anonymous_19)
FN:338,(anonymous_20)
FN:357,(anonymous_21)
FN:377,(anonymous_22)
FN:377,(anonymous_23)
FN:388,(anonymous_24)
FN:388,(anonymous_25)
FN:428,(anonymous_26)
FN:434,(anonymous_27)
FN:443,(anonymous_28)
FN:452,(anonymous_29)
FN:460,(anonymous_30)
FN:473,(anonymous_31)
FN:482,(anonymous_32)
FN:491,(anonymous_33)
FN:500,(anonymous_34)
FN:509,(anonymous_35)
FN:518,(anonymous_36)
FN:527,(anonymous_37)
FN:538,(anonymous_38)
FN:547,(anonymous_39)
FNF:40
FNH:0
FNDA:0,(anonymous_0)
FNDA:0,(anonymous_1)
FNDA:0,(anonymous_2)
FNDA:0,(anonymous_3)
FNDA:0,(anonymous_4)
FNDA:0,(anonymous_5)
FNDA:0,(anonymous_6)
FNDA:0,(anonymous_7)
FNDA:0,(anonymous_8)
FNDA:0,(anonymous_9)
FNDA:0,(anonymous_10)
FNDA:0,(anonymous_11)
FNDA:0,(anonymous_12)
FNDA:0,(anonymous_13)
FNDA:0,(anonymous_14)
FNDA:0,(anonymous_15)
FNDA:0,(anonymous_16)
FNDA:0,(anonymous_17)
FNDA:0,(anonymous_18)
FNDA:0,(anonymous_19)
FNDA:0,(anonymous_20)
FNDA:0,(anonymous_21)
FNDA:0,(anonymous_22)
FNDA:0,(anonymous_23)
FNDA:0,(anonymous_24)
FNDA:0,(anonymous_25)
FNDA:0,(anonymous_26)
FNDA:0,(anonymous_27)
FNDA:0,(anonymous_28)
FNDA:0,(anonymous_29)
FNDA:0,(anonymous_30)
FNDA:0,(anonymous_31)
FNDA:0,(anonymous_32)
FNDA:0,(anonymous_33)
FNDA:0,(anonymous_34)
FNDA:0,(anonymous_35)
FNDA:0,(anonymous_36)
FNDA:0,(anonymous_37)
FNDA:0,(anonymous_38)
FNDA:0,(anonymous_39)
DA:40,0
DA:42,0
DA:43,0
DA:44,0
DA:45,0
DA:46,0
DA:47,0
DA:50,0
DA:51,0
DA:52,0
DA:55,0
DA:76,0
DA:77,0
DA:78,0
DA:79,0
DA:80,0
DA:81,0
DA:82,0
DA:85,0
DA:86,0
DA:87,0
DA:89,0
DA:90,0
DA:95,0
DA:96,0
DA:97,0
DA:98,0
DA:99,0
DA:102,0
DA:103,0
DA:106,0
DA:107,0
DA:109,0
DA:110,0
DA:111,0
DA:116,0
DA:117,0
DA:134,0
DA:138,0
DA:139,0
DA:140,0
DA:145,0
DA:146,0
DA:147,0
DA:150,0
DA:151,0
DA:152,0
DA:155,0
DA:159,0
DA:160,0
DA:161,0
DA:162,0
DA:164,0
DA:165,0
DA:166,0
DA:167,0
DA:168,0
DA:169,0
DA:171,0
DA:174,0
DA:178,0
DA:179,0
DA:180,0
DA:181,0
DA:185,0
DA:186,0
DA:190,0
DA:191,0
DA:192,0
DA:193,0
DA:196,0
DA:202,0
DA:218,0
DA:219,0
DA:224,0
DA:226,0
DA:228,0
DA:229,0
DA:234,0
DA:235,0
DA:236,0
DA:237,0
DA:238,0
DA:239,0
DA:240,0
DA:241,0
DA:261,0
DA:262,0
DA:265,0
DA:266,0
DA:269,0
DA:286,0
DA:306,0
DA:307,0
DA:315,0
DA:318,0
DA:319,0
DA:320,0
DA:338,0
DA:357,0
DA:377,0
DA:388,0
DA:429,0
DA:434,0
DA:443,0
DA:452,0
DA:460,0
DA:473,0
DA:482,0
DA:491,0
DA:500,0
DA:509,0
DA:518,0
DA:527,0
DA:538,0
DA:547,0
LF:116
LH:0
BRDA:78,0,0,0
BRDA:78,0,1,0
BRDA:80,1,0,0
BRDA:80,1,1,0
BRDA:96,2,0,0
BRDA:96,2,1,0
BRDA:139,3,0,0
BRDA:139,3,1,0
BRDA:150,4,0,0
BRDA:150,4,1,0
BRDA:150,5,0,0
BRDA:150,5,1,0
BRDA:162,6,0,0
BRDA:162,6,1,0
BRDA:164,7,0,0
BRDA:164,7,1,0
BRDA:186,8,0,0
BRDA:186,8,1,0
BRDA:186,8,2,0
BRDA:186,8,3,0
BRDA:186,9,0,0
BRDA:186,9,1,0
BRDA:191,10,0,0
BRDA:191,10,1,0
BRDA:290,11,0,0
BRDA:290,11,1,0
BRDA:312,12,0,0
BRDA:312,12,1,0
BRDA:312,12,2,0
BRDA:377,13,0,0
BRDA:377,13,1,0
BRDA:388,14,0,0
BRDA:388,14,1,0
BRDA:573,15,0,0
BRDA:573,15,1,0
BRF:35
BRH:0
end_of_record
TN:
SF:src\components\AI\AIChatbot.tsx
FN:39,(anonymous_0)
FN:69,(anonymous_1)
FN:79,(anonymous_2)
FN:83,(anonymous_3)
FN:94,(anonymous_4)
FN:99,(anonymous_5)
FN:109,(anonymous_6)
FN:113,(anonymous_7)
FN:124,(anonymous_8)
FN:144,(anonymous_9)
FN:145,(anonymous_10)
FN:185,(anonymous_11)
FN:193,(anonymous_12)
FN:200,(anonymous_13)
FN:221,(anonymous_14)
FN:263,(anonymous_15)
FN:266,(anonymous_16)
FN:278,(anonymous_17)
FN:279,(anonymous_18)
FN:301,(anonymous_19)
FN:318,(anonymous_20)
FNF:21
FNH:0
FNDA:0,(anonymous_0)
FNDA:0,(anonymous_1)
FNDA:0,(anonymous_2)
FNDA:0,(anonymous_3)
FNDA:0,(anonymous_4)
FNDA:0,(anonymous_5)
FNDA:0,(anonymous_6)
FNDA:0,(anonymous_7)
FNDA:0,(anonymous_8)
FNDA:0,(anonymous_9)
FNDA:0,(anonymous_10)
FNDA:0,(anonymous_11)
FNDA:0,(anonymous_12)
FNDA:0,(anonymous_13)
FNDA:0,(anonymous_14)
FNDA:0,(anonymous_15)
FNDA:0,(anonymous_16)
FNDA:0,(anonymous_17)
FNDA:0,(anonymous_18)
FNDA:0,(anonymous_19)
FNDA:0,(anonymous_20)
DA:23,0
DA:31,0
DA:39,0
DA:40,0
DA:42,0
DA:43,0
DA:46,0
DA:47,0
DA:50,0
DA:51,0
DA:54,0
DA:55,0
DA:58,0
DA:59,0
DA:62,0
DA:63,0
DA:66,0
DA:69,0
DA:70,0
DA:71,0
DA:72,0
DA:73,0
DA:74,0
DA:75,0
DA:76,0
DA:79,0
DA:80,0
DA:83,0
DA:84,0
DA:85,0
DA:87,0
DA:94,0
DA:95,0
DA:96,0
DA:99,0
DA:101,0
DA:102,0
DA:109,0
DA:110,0
DA:113,0
DA:114,0
DA:115,0
DA:116,0
DA:121,0
DA:122,0
DA:124,0
DA:144,0
DA:145,0
DA:154,0
DA:185,0
DA:193,0
DA:200,0
DA:222,0
DA:264,0
DA:266,0
DA:278,0
DA:279,0
DA:301,0
DA:318,0
LF:59
LH:0
BRDA:42,0,0,0
BRDA:42,0,1,0
BRDA:42,1,0,0
BRDA:42,1,1,0
BRDA:42,1,2,0
BRDA:46,2,0,0
BRDA:46,2,1,0
BRDA:46,3,0,0
BRDA:46,3,1,0
BRDA:50,4,0,0
BRDA:50,4,1,0
BRDA:50,5,0,0
BRDA:50,5,1,0
BRDA:54,6,0,0
BRDA:54,6,1,0
BRDA:54,7,0,0
BRDA:54,7,1,0
BRDA:58,8,0,0
BRDA:58,8,1,0
BRDA:58,9,0,0
BRDA:58,9,1,0
BRDA:62,10,0,0
BRDA:62,10,1,0
BRDA:62,11,0,0
BRDA:62,11,1,0
BRDA:84,12,0,0
BRDA:84,12,1,0
BRDA:85,13,0,0
BRDA:85,13,1,0
BRDA:85,14,0,0
BRDA:85,14,1,0
BRDA:114,15,0,0
BRDA:114,15,1,0
BRDA:114,16,0,0
BRDA:114,16,1,0
BRDA:121,17,0,0
BRDA:121,17,1,0
BRDA:160,18,0,0
BRDA:160,18,1,0
BRDA:161,19,0,0
BRDA:161,19,1,0
BRDA:185,20,0,0
BRDA:185,20,1,0
BRDA:195,21,0,0
BRDA:195,21,1,0
BRDA:197,22,0,0
BRDA:197,22,1,0
BRDA:208,23,0,0
BRDA:208,23,1,0
BRDA:226,24,0,0
BRDA:226,24,1,0
BRDA:235,25,0,0
BRDA:235,25,1,0
BRDA:238,26,0,0
BRDA:238,26,1,0
BRDA:241,27,0,0
BRDA:241,27,1,0
BRDA:250,28,0,0
BRDA:250,28,1,0
BRDA:261,29,0,0
BRDA:261,29,1,0
BRDA:319,30,0,0
BRDA:319,30,1,0
BRDA:324,31,0,0
BRDA:324,31,1,0
BRDA:327,32,0,0
BRDA:327,32,1,0
BRDA:332,33,0,0
BRDA:332,33,1,0
BRF:69
BRH:0
end_of_record
TN:
SF:src\components\Admin\AnalyticsPage.tsx
FN:19,AnalyticsPage
FN:37,(anonymous_1)
FN:59,(anonymous_2)
FN:63,(anonymous_3)
FN:66,(anonymous_4)
FN:72,(anonymous_5)
FN:117,(anonymous_6)
FN:133,(anonymous_7)
FN:147,(anonymous_8)
FN:170,(anonymous_9)
FN:170,(anonymous_10)
FN:185,(anonymous_11)
FN:185,(anonymous_12)
FN:263,(anonymous_13)
FN:316,(anonymous_14)
FN:359,(anonymous_15)
FN:471,(anonymous_16)
FNF:17
FNH:0
FNDA:0,AnalyticsPage
FNDA:0,(anonymous_1)
FNDA:0,(anonymous_2)
FNDA:0,(anonymous_3)
FNDA:0,(anonymous_4)
FNDA:0,(anonymous_5)
FNDA:0,(anonymous_6)
FNDA:0,(anonymous_7)
FNDA:0,(anonymous_8)
FNDA:0,(anonymous_9)
FNDA:0,(anonymous_10)
FNDA:0,(anonymous_11)
FNDA:0,(anonymous_12)
FNDA:0,(anonymous_13)
FNDA:0,(anonymous_14)
FNDA:0,(anonymous_15)
FNDA:0,(anonymous_16)
DA:20,0
DA:21,0
DA:22,0
DA:23,0
DA:27,0
DA:28,0
DA:29,0
DA:31,0
DA:32,0
DA:33,0
DA:34,0
DA:35,0
DA:37,0
DA:38,0
DA:39,0
DA:40,0
DA:41,0
DA:46,0
DA:47,0
DA:48,0
DA:49,0
DA:51,0
DA:52,0
DA:53,0
DA:55,0
DA:58,0
DA:59,0
DA:63,0
DA:64,0
DA:65,0
DA:66,0
DA:67,0
DA:68,0
DA:72,0
DA:74,0
DA:75,0
DA:87,0
DA:88,0
DA:101,0
DA:104,0
DA:108,0
DA:117,0
DA:133,0
DA:147,0
DA:170,0
DA:185,0
DA:264,0
DA:317,0
DA:360,0
DA:472,0
LF:50
LH:0
BRDA:51,0,0,0
BRDA:51,0,1,0
BRDA:58,1,0,0
BRDA:58,1,1,0
BRDA:58,2,0,0
BRDA:58,2,1,0
BRDA:68,3,0,0
BRDA:68,3,1,0
BRDA:74,4,0,0
BRDA:74,4,1,0
BRDA:87,5,0,0
BRDA:87,5,1,0
BRDA:101,6,0,0
BRDA:101,6,1,0
BRDA:104,7,0,0
BRDA:104,7,1,0
BRDA:105,8,0,0
BRDA:105,8,1,0
BRDA:130,9,0,0
BRDA:130,9,1,0
BRDA:140,10,0,0
BRDA:140,10,1,0
BRDA:247,11,0,0
BRDA:247,11,1,0
BRDA:314,12,0,0
BRDA:314,12,1,0
BRDA:314,13,0,0
BRDA:314,13,1,0
BRDA:336,14,0,0
BRDA:336,14,1,0
BRDA:337,15,0,0
BRDA:337,15,1,0
BRDA:357,16,0,0
BRDA:357,16,1,0
BRDA:357,17,0,0
BRDA:357,17,1,0
BRDA:388,18,0,0
BRDA:388,18,1,0
BRDA:389,19,0,0
BRDA:389,19,1,0
BRDA:468,20,0,0
BRDA:468,20,1,0
BRDA:479,21,0,0
BRDA:479,21,1,0
BRDA:487,22,0,0
BRDA:487,22,1,0
BRF:46
BRH:0
end_of_record
TN:
SF:src\components\Admin\ApiPortal.tsx
FN:101,(anonymous_0)
FN:106,(anonymous_1)
FN:107,(anonymous_2)
FN:109,(anonymous_3)
FN:112,(anonymous_4)
FN:115,(anonymous_5)
FN:116,(anonymous_6)
FN:170,(anonymous_7)
FN:173,(anonymous_8)
FN:190,(anonymous_9)
FN:204,(anonymous_10)
FN:235,(anonymous_11)
FN:264,(anonymous_12)
FNF:13
FNH:0
FNDA:0,(anonymous_0)
FNDA:0,(anonymous_1)
FNDA:0,(anonymous_2)
FNDA:0,(anonymous_3)
FNDA:0,(anonymous_4)
FNDA:0,(anonymous_5)
FNDA:0,(anonymous_6)
FNDA:0,(anonymous_7)
FNDA:0,(anonymous_8)
FNDA:0,(anonymous_9)
FNDA:0,(anonymous_10)
FNDA:0,(anonymous_11)
FNDA:0,(anonymous_12)
DA:23,0
DA:31,0
DA:101,0
DA:102,0
DA:103,0
DA:104,0
DA:106,0
DA:107,0
DA:109,0
DA:110,0
DA:111,0
DA:112,0
DA:115,0
DA:116,0
DA:119,0
DA:171,0
DA:173,0
DA:191,0
DA:192,0
DA:194,0
DA:204,0
DA:235,0
DA:265,0
LF:23
LH:0
BRDA:107,0,0,0
BRDA:107,0,1,0
BRDA:116,1,0,0
BRDA:116,1,1,0
BRDA:176,2,0,0
BRDA:176,2,1,0
BRDA:177,3,0,0
BRDA:177,3,1,0
BRDA:178,4,0,0
BRDA:178,4,1,0
BRDA:197,5,0,0
BRDA:197,5,1,0
BRDA:212,6,0,0
BRDA:212,6,1,0
BRDA:232,7,0,0
BRDA:232,7,1,0
BRDA:239,8,0,0
BRDA:239,8,1,0
BRDA:244,9,0,0
BRDA:244,9,1,0
BRDA:247,10,0,0
BRDA:247,10,1,0
BRDA:247,10,2,0
BRDA:271,11,0,0
BRDA:271,11,1,0
BRDA:287,12,0,0
BRDA:287,12,1,0
BRF:27
BRH:0
end_of_record
TN:
SF:src\components\Admin\AuditRecordsPage.tsx
FN:38,AuditRecordsPage
FN:54,(anonymous_1)
FN:75,(anonymous_2)
FN:87,(anonymous_3)
FN:92,(anonymous_4)
FN:97,(anonymous_5)
FN:99,(anonymous_6)
FN:102,(anonymous_7)
FN:119,(anonymous_8)
FN:194,(anonymous_9)
FN:194,(anonymous_10)
FN:208,(anonymous_11)
FN:208,(anonymous_12)
FN:223,(anonymous_13)
FN:223,(anonymous_14)
FN:232,(anonymous_15)
FN:232,(anonymous_16)
FN:240,(anonymous_17)
FN:240,(anonymous_18)
FN:248,(anonymous_19)
FN:248,(anonymous_20)
FN:269,(anonymous_21)
FN:324,(anonymous_22)
FN:327,(anonymous_23)
FN:392,(anonymous_24)
FN:393,(anonymous_25)
FN:412,(anonymous_26)
FN:413,(anonymous_27)
FNF:28
FNH:0
FNDA:0,AuditRecordsPage
FNDA:0,(anonymous_1)
FNDA:0,(anonymous_2)
FNDA:0,(anonymous_3)
FNDA:0,(anonymous_4)
FNDA:0,(anonymous_5)
FNDA:0,(anonymous_6)
FNDA:0,(anonymous_7)
FNDA:0,(anonymous_8)
FNDA:0,(anonymous_9)
FNDA:0,(anonymous_10)
FNDA:0,(anonymous_11)
FNDA:0,(anonymous_12)
FNDA:0,(anonymous_13)
FNDA:0,(anonymous_14)
FNDA:0,(anonymous_15)
FNDA:0,(anonymous_16)
FNDA:0,(anonymous_17)
FNDA:0,(anonymous_18)
FNDA:0,(anonymous_19)
FNDA:0,(anonymous_20)
FNDA:0,(anonymous_21)
FNDA:0,(anonymous_22)
FNDA:0,(anonymous_23)
FNDA:0,(anonymous_24)
FNDA:0,(anonymous_25)
FNDA:0,(anonymous_26)
FNDA:0,(anonymous_27)
DA:39,0
DA:40,0
DA:41,0
DA:42,0
DA:50,0
DA:51,0
DA:52,0
DA:54,0
DA:55,0
DA:56,0
DA:57,0
DA:58,0
DA:67,0
DA:69,0
DA:71,0
DA:75,0
DA:76,0
DA:77,0
DA:81,0
DA:83,0
DA:87,0
DA:88,0
DA:89,0
DA:92,0
DA:93,0
DA:94,0
DA:97,0
DA:98,0
DA:99,0
DA:102,0
DA:103,0
DA:105,0
DA:107,0
DA:109,0
DA:111,0
DA:113,0
DA:115,0
DA:119,0
DA:120,0
DA:127,0
DA:130,0
DA:194,0
DA:208,0
DA:223,0
DA:232,0
DA:240,0
DA:248,0
DA:270,0
DA:325,0
DA:327,0
DA:393,0
DA:413,0
LF:52
LH:0
BRDA:59,0,0,0
BRDA:59,0,1,0
BRDA:60,1,0,0
BRDA:60,1,1,0
BRDA:61,2,0,0
BRDA:61,2,1,0
BRDA:62,3,0,0
BRDA:62,3,1,0
BRDA:63,4,0,0
BRDA:63,4,1,0
BRDA:69,5,0,0
BRDA:69,5,1,0
BRDA:78,6,0,0
BRDA:78,6,1,0
BRDA:79,7,0,0
BRDA:79,7,1,0
BRDA:98,8,0,0
BRDA:98,8,1,0
BRDA:103,9,0,0
BRDA:103,9,1,0
BRDA:103,9,2,0
BRDA:103,9,3,0
BRDA:103,9,4,0
BRDA:103,9,5,0
BRDA:127,10,0,0
BRDA:127,10,1,0
BRDA:140,11,0,0
BRDA:140,11,1,0
BRDA:159,12,0,0
BRDA:159,12,1,0
BRDA:170,13,0,0
BRDA:170,13,1,0
BRDA:181,14,0,0
BRDA:181,14,1,0
BRDA:288,15,0,0
BRDA:288,15,1,0
BRDA:298,16,0,0
BRDA:298,16,1,0
BRDA:300,17,0,0
BRDA:300,17,1,0
BRDA:304,18,0,0
BRDA:304,18,1,0
BRDA:331,19,0,0
BRDA:331,19,1,0
BRDA:335,20,0,0
BRDA:335,20,1,0
BRDA:336,21,0,0
BRDA:336,21,1,0
BRDA:356,22,0,0
BRDA:356,22,1,0
BRDA:358,23,0,0
BRDA:358,23,1,0
BRDA:361,24,0,0
BRDA:361,24,1,0
BRDA:373,25,0,0
BRDA:373,25,1,0
BRDA:375,26,0,0
BRDA:375,26,1,0
BRDA:375,27,0,0
BRDA:375,27,1,0
BRDA:400,28,0,0
BRDA:400,28,1,0
BRDA:401,29,0,0
BRDA:401,29,1,0
BRDA:405,30,0,0
BRDA:405,30,1,0
BRDA:420,31,0,0
BRDA:420,31,1,0
BRDA:421,32,0,0
BRDA:421,32,1,0
BRDA:425,33,0,0
BRDA:425,33,1,0
BRDA:436,34,0,0
BRDA:436,34,1,0
BRDA:474,35,0,0
BRDA:474,35,1,0
BRDA:480,36,0,0
BRDA:480,36,1,0
BRDA:483,37,0,0
BRDA:483,37,1,0
BRDA:488,38,0,0
BRDA:488,38,1,0
BRDA:494,39,0,0
BRDA:494,39,1,0
BRDA:505,40,0,0
BRDA:505,40,1,0
BRDA:509,41,0,0
BRDA:509,41,1,0
BRDA:509,42,0,0
BRDA:509,42,1,0
BRF:90
BRH:0
end_of_record
TN:
SF:src\components\Admin\ConfigPage.tsx
FN:27,ConfigPage
FN:34,(anonymous_1)
FN:35,(anonymous_2)
FN:38,(anonymous_3)
FN:50,(anonymous_4)
FN:56,(anonymous_5)
FN:60,(anonymous_6)
FN:61,(anonymous_7)
FN:109,(anonymous_8)
FN:112,(anonymous_9)
FN:133,(anonymous_10)
FN:136,(anonymous_11)
FN:160,(anonymous_12)
FN:165,(anonymous_13)
FN:169,(anonymous_14)
FN:213,(anonymous_15)
FN:228,(anonymous_16)
FN:296,(anonymous_17)
FN:335,(anonymous_18)
FNF:19
FNH:0
FNDA:0,ConfigPage
FNDA:0,(anonymous_1)
FNDA:0,(anonymous_2)
FNDA:0,(anonymous_3)
FNDA:0,(anonymous_4)
FNDA:0,(anonymous_5)
FNDA:0,(anonymous_6)
FNDA:0,(anonymous_7)
FNDA:0,(anonymous_8)
FNDA:0,(anonymous_9)
FNDA:0,(anonymous_10)
FNDA:0,(anonymous_11)
FNDA:0,(anonymous_12)
FNDA:0,(anonymous_13)
FNDA:0,(anonymous_14)
FNDA:0,(anonymous_15)
FNDA:0,(anonymous_16)
FNDA:0,(anonymous_17)
FNDA:0,(anonymous_18)
DA:17,0
DA:28,0
DA:29,0
DA:30,0
DA:31,0
DA:32,0
DA:34,0
DA:35,0
DA:36,0
DA:38,0
DA:39,0
DA:40,0
DA:41,0
DA:42,0
DA:44,0
DA:46,0
DA:50,0
DA:51,0
DA:52,0
DA:56,0
DA:57,0
DA:58,0
DA:59,0
DA:60,0
DA:61,0
DA:63,0
DA:64,0
DA:66,0
DA:67,0
DA:69,0
DA:73,0
DA:109,0
DA:110,0
DA:111,0
DA:112,0
DA:113,0
DA:115,0
DA:116,0
DA:118,0
DA:122,0
DA:134,0
DA:136,0
DA:161,0
DA:166,0
DA:167,0
DA:170,0
DA:171,0
DA:172,0
DA:173,0
DA:214,0
DA:229,0
DA:297,0
DA:298,0
DA:299,0
DA:335,0
LF:55
LH:0
BRDA:42,0,0,0
BRDA:42,0,1,0
BRDA:51,1,0,0
BRDA:51,1,1,0
BRDA:61,2,0,0
BRDA:61,2,1,0
BRDA:64,3,0,0
BRDA:64,3,1,0
BRDA:64,4,0,0
BRDA:64,4,1,0
BRDA:66,5,0,0
BRDA:66,5,1,0
BRDA:115,6,0,0
BRDA:115,6,1,0
BRDA:139,7,0,0
BRDA:139,7,1,0
BRDA:140,8,0,0
BRDA:140,8,1,0
BRDA:142,9,0,0
BRDA:142,9,1,0
BRDA:143,10,0,0
BRDA:143,10,1,0
BRDA:151,11,0,0
BRDA:151,11,1,0
BRDA:158,12,0,0
BRDA:158,12,1,0
BRDA:170,13,0,0
BRDA:170,13,1,0
BRDA:170,14,0,0
BRDA:170,14,1,0
BRDA:184,15,0,0
BRDA:184,15,1,0
BRDA:186,16,0,0
BRDA:186,16,1,0
BRDA:187,17,0,0
BRDA:187,17,1,0
BRDA:201,18,0,0
BRDA:201,18,1,0
BRDA:208,19,0,0
BRDA:208,19,1,0
BRDA:275,20,0,0
BRDA:275,20,1,0
BRDA:281,21,0,0
BRDA:281,21,1,0
BRDA:285,22,0,0
BRDA:285,22,1,0
BRDA:285,23,0,0
BRDA:285,23,1,0
BRDA:290,24,0,0
BRDA:290,24,1,0
BRDA:297,25,0,0
BRDA:297,25,1,0
BRDA:304,26,0,0
BRDA:304,26,1,0
BRDA:305,27,0,0
BRDA:305,27,1,0
BRDA:315,28,0,0
BRDA:315,28,1,0
BRDA:325,29,0,0
BRDA:325,29,1,0
BRDA:326,30,0,0
BRDA:326,30,1,0
BRDA:330,31,0,0
BRDA:330,31,1,0
BRDA:337,32,0,0
BRDA:337,32,1,0
BRDA:343,33,0,0
BRDA:343,33,1,0
BRDA:344,34,0,0
BRDA:344,34,1,0
BRDA:348,35,0,0
BRDA:348,35,1,0
BRDA:359,36,0,0
BRDA:359,36,1,0
BRF:74
BRH:0
end_of_record
TN:
SF:src\components\Admin\IntegrationsPage.tsx
FN:16,IntegrationsPage
FN:27,(anonymous_1)
FN:29,loadConfig
FN:34,(anonymous_3)
FN:57,(anonymous_4)
FN:81,(anonymous_5)
FN:82,(anonymous_6)
FN:82,(anonymous_7)
FN:83,(anonymous_8)
FN:83,(anonymous_9)
FN:94,(anonymous_10)
FN:95,(anonymous_11)
FN:97,(anonymous_12)
FN:99,(anonymous_13)
FN:103,(anonymous_14)
FN:175,(anonymous_15)
FN:175,(anonymous_16)
FN:196,(anonymous_17)
FN:196,(anonymous_18)
FN:215,(anonymous_19)
FN:215,(anonymous_20)
FN:235,(anonymous_21)
FN:235,(anonymous_22)
FN:255,(anonymous_23)
FN:255,(anonymous_24)
FN:276,(anonymous_25)
FN:276,(anonymous_26)
FN:296,(anonymous_27)
FN:296,(anonymous_28)
FN:305,(anonymous_29)
FN:305,(anonymous_30)
FN:383,(anonymous_31)
FN:383,(anonymous_32)
FN:404,(anonymous_33)
FN:404,(anonymous_34)
FN:424,(anonymous_35)
FN:424,(anonymous_36)
FN:482,(anonymous_37)
FN:482,(anonymous_38)
FN:497,(anonymous_39)
FN:497,(anonymous_40)
FN:518,(anonymous_41)
FN:518,(anonymous_42)
FN:549,(anonymous_43)
FN:549,(anonymous_44)
FN:564,(anonymous_45)
FN:564,(anonymous_46)
FN:585,(anonymous_47)
FN:585,(anonymous_48)
FN:616,(anonymous_49)
FN:616,(anonymous_50)
FN:631,(anonymous_51)
FN:631,(anonymous_52)
FN:652,(anonymous_53)
FN:652,(anonymous_54)
FN:672,(anonymous_55)
FN:672,(anonymous_56)
FN:709,(anonymous_57)
FN:709,(anonymous_58)
FN:724,(anonymous_59)
FN:724,(anonymous_60)
FN:744,(anonymous_61)
FN:744,(anonymous_62)
FN:792,(anonymous_63)
FN:792,(anonymous_64)
FN:822,(anonymous_65)
FN:822,(anonymous_66)
FN:834,(anonymous_67)
FN:834,(anonymous_68)
FN:844,(anonymous_69)
FN:847,(anonymous_70)
FN:848,(anonymous_71)
FN:849,(anonymous_72)
FN:851,(anonymous_73)
FN:861,(anonymous_74)
FNF:75
FNH:11
FNDA:8,IntegrationsPage
FNDA:3,(anonymous_1)
FNDA:3,loadConfig
FNDA:0,(anonymous_3)
FNDA:3,(anonymous_4)
FNDA:0,(anonymous_5)
FNDA:0,(anonymous_6)
FNDA:0,(anonymous_7)
FNDA:0,(anonymous_8)
FNDA:0,(anonymous_9)
FNDA:0,(anonymous_10)
FNDA:0,(anonymous_11)
FNDA:0,(anonymous_12)
FNDA:0,(anonymous_13)
FNDA:32,(anonymous_14)
FNDA:0,(anonymous_15)
FNDA:0,(anonymous_16)
FNDA:0,(anonymous_17)
FNDA:0,(anonymous_18)
FNDA:0,(anonymous_19)
FNDA:0,(anonymous_20)
FNDA:0,(anonymous_21)
FNDA:0,(anonymous_22)
FNDA:0,(anonymous_23)
FNDA:0,(anonymous_24)
FNDA:0,(anonymous_25)
FNDA:0,(anonymous_26)
FNDA:0,(anonymous_27)
FNDA:0,(anonymous_28)
FNDA:0,(anonymous_29)
FNDA:0,(anonymous_30)
FNDA:0,(anonymous_31)
FNDA:0,(anonymous_32)
FNDA:0,(anonymous_33)
FNDA:0,(anonymous_34)
FNDA:0,(anonymous_35)
FNDA:0,(anonymous_36)
FNDA:0,(anonymous_37)
FNDA:0,(anonymous_38)
FNDA:0,(anonymous_39)
FNDA:0,(anonymous_40)
FNDA:0,(anonymous_41)
FNDA:0,(anonymous_42)
FNDA:0,(anonymous_43)
FNDA:0,(anonymous_44)
FNDA:0,(anonymous_45)
FNDA:0,(anonymous_46)
FNDA:0,(anonymous_47)
FNDA:0,(anonymous_48)
FNDA:0,(anonymous_49)
FNDA:0,(anonymous_50)
FNDA:0,(anonymous_51)
FNDA:0,(anonymous_52)
FNDA:0,(anonymous_53)
FNDA:0,(anonymous_54)
FNDA:0,(anonymous_55)
FNDA:0,(anonymous_56)
FNDA:0,(anonymous_57)
FNDA:0,(anonymous_58)
FNDA:0,(anonymous_59)
FNDA:0,(anonymous_60)
FNDA:0,(anonymous_61)
FNDA:0,(anonymous_62)
FNDA:0,(anonymous_63)
FNDA:0,(anonymous_64)
FNDA:0,(anonymous_65)
FNDA:0,(anonymous_66)
FNDA:0,(anonymous_67)
FNDA:0,(anonymous_68)
FNDA:2,(anonymous_69)
FNDA:1,(anonymous_70)
FNDA:1,(anonymous_71)
FNDA:1,(anonymous_72)
FNDA:6,(anonymous_73)
FNDA:1,(anonymous_74)
DA:17,8
DA:18,8
DA:21,8
DA:27,8
DA:28,3
DA:30,3
DA:31,3
DA:32,3
DA:33,3
DA:34,0
DA:51,0
DA:53,3
DA:56,3
DA:57,3
DA:61,8
DA:68,8
DA:80,8
DA:81,0
DA:82,0
DA:83,0
DA:93,8
DA:94,0
DA:96,0
DA:97,0
DA:99,0
DA:103,8
DA:104,32
DA:105,32
DA:106,32
DA:107,32
DA:108,32
DA:109,32
DA:110,32
DA:111,32
DA:114,8
DA:175,0
DA:196,0
DA:215,0
DA:235,0
DA:255,0
DA:276,0
DA:296,0
DA:305,0
DA:383,0
DA:404,0
DA:424,0
DA:482,0
DA:497,0
DA:518,0
DA:549,0
DA:564,0
DA:585,0
DA:616,0
DA:631,0
DA:652,0
DA:672,0
DA:709,0
DA:724,0
DA:744,0
DA:792,0
DA:822,0
DA:834,0
DA:845,2
DA:846,2
DA:847,1
DA:848,1
DA:849,1
DA:851,6
DA:852,2
DA:854,0
DA:862,1
DA:863,1
DA:871,1
DA:873,0
LF:74
LH:36
BRDA:33,0,0,0
BRDA:33,0,1,3
BRDA:33,1,0,3
BRDA:33,1,1,3
BRDA:36,2,0,0
BRDA:36,2,1,0
BRDA:37,3,0,0
BRDA:37,3,1,0
BRDA:38,4,0,0
BRDA:38,4,1,0
BRDA:39,5,0,0
BRDA:39,5,1,0
BRDA:40,6,0,0
BRDA:40,6,1,0
BRDA:41,7,0,0
BRDA:41,7,1,0
BRDA:43,8,0,0
BRDA:43,8,1,0
BRDA:43,9,0,0
BRDA:43,9,1,0
BRDA:44,10,0,0
BRDA:44,10,1,0
BRDA:45,11,0,0
BRDA:45,11,1,0
BRDA:46,12,0,0
BRDA:46,12,1,0
BRDA:53,13,0,3
BRDA:53,13,1,0
BRDA:87,14,0,0
BRDA:87,14,1,0
BRDA:105,15,0,32
BRDA:105,15,1,0
BRDA:106,16,0,32
BRDA:106,16,1,0
BRDA:107,17,0,32
BRDA:107,17,1,0
BRDA:108,18,0,32
BRDA:108,18,1,0
BRDA:110,19,0,0
BRDA:110,19,1,32
BRDA:149,20,0,0
BRDA:149,20,1,8
BRDA:150,21,0,0
BRDA:150,21,1,8
BRDA:154,22,0,3
BRDA:154,22,1,5
BRDA:154,23,0,0
BRDA:154,23,1,5
BRDA:157,24,0,3
BRDA:157,24,1,5
BRDA:159,25,0,0
BRDA:159,25,1,5
BRDA:313,26,0,8
BRDA:313,26,1,0
BRDA:318,27,0,0
BRDA:318,27,1,0
BRDA:319,28,0,0
BRDA:319,28,1,0
BRDA:321,29,0,0
BRDA:321,29,1,0
BRDA:322,30,0,0
BRDA:322,30,1,0
BRDA:334,31,0,8
BRDA:334,31,1,8
BRDA:336,32,0,0
BRDA:336,32,1,8
BRDA:340,33,0,8
BRDA:340,33,1,8
BRDA:342,34,0,0
BRDA:342,34,1,8
BRDA:344,35,0,8
BRDA:344,35,1,8
BRDA:435,36,0,8
BRDA:435,36,1,0
BRDA:440,37,0,8
BRDA:440,37,1,0
BRDA:474,38,0,0
BRDA:474,38,1,8
BRDA:475,39,0,0
BRDA:475,39,1,8
BRDA:481,40,0,8
BRDA:481,40,1,8
BRDA:488,41,0,8
BRDA:488,41,1,0
BRDA:496,42,0,0
BRDA:496,42,1,0
BRDA:517,43,0,0
BRDA:517,43,1,0
BRDA:541,44,0,0
BRDA:541,44,1,8
BRDA:542,45,0,0
BRDA:542,45,1,8
BRDA:548,46,0,8
BRDA:548,46,1,8
BRDA:555,47,0,8
BRDA:555,47,1,0
BRDA:563,48,0,0
BRDA:563,48,1,0
BRDA:584,49,0,0
BRDA:584,49,1,0
BRDA:608,50,0,0
BRDA:608,50,1,8
BRDA:609,51,0,0
BRDA:609,51,1,8
BRDA:615,52,0,8
BRDA:615,52,1,8
BRDA:622,53,0,8
BRDA:622,53,1,0
BRDA:630,54,0,0
BRDA:630,54,1,0
BRDA:651,55,0,0
BRDA:651,55,1,0
BRDA:671,56,0,0
BRDA:671,56,1,0
BRDA:701,57,0,0
BRDA:701,57,1,8
BRDA:702,58,0,0
BRDA:702,58,1,8
BRDA:708,59,0,8
BRDA:708,59,1,8
BRDA:715,60,0,8
BRDA:715,60,1,0
BRDA:723,61,0,0
BRDA:723,61,1,0
BRDA:743,62,0,0
BRDA:743,62,1,0
BRDA:791,63,0,8
BRDA:791,63,1,0
BRDA:821,64,0,8
BRDA:821,64,1,0
BRDA:833,65,0,8
BRDA:833,65,1,8
BRDA:854,66,0,0
BRDA:854,66,1,0
BRDA:865,67,0,1
BRDA:865,67,1,0
BRDA:866,68,0,1
BRDA:866,68,1,1
BRDA:867,69,0,1
BRDA:867,69,1,1
BRDA:868,70,0,1
BRDA:868,70,1,1
BRDA:869,71,0,1
BRDA:869,71,1,1
BRDA:873,72,0,0
BRDA:873,72,1,0
BRF:146
BRH:61
end_of_record
TN:
SF:src\components\Admin\LogsPage.tsx
FN:28,LogsPage
FN:43,(anonymous_1)
FN:48,(anonymous_2)
FN:67,(anonymous_3)
FN:71,(anonymous_4)
FN:72,(anonymous_5)
FN:81,(anonymous_6)
FN:83,(anonymous_7)
FN:84,(anonymous_8)
FN:85,(anonymous_9)
FN:86,(anonymous_10)
FN:89,(anonymous_11)
FN:104,(anonymous_12)
FN:124,(anonymous_13)
FN:179,(anonymous_14)
FN:202,(anonymous_15)
FN:203,(anonymous_16)
FN:220,(anonymous_17)
FN:221,(anonymous_18)
FN:238,(anonymous_19)
FN:239,(anonymous_20)
FN:255,(anonymous_21)
FN:256,(anonymous_22)
FN:278,(anonymous_23)
FN:319,(anonymous_24)
FN:322,(anonymous_25)
FN:364,(anonymous_26)
FN:364,(anonymous_27)
FN:379,(anonymous_28)
FN:379,(anonymous_29)
FNF:30
FNH:0
FNDA:0,LogsPage
FNDA:0,(anonymous_1)
FNDA:0,(anonymous_2)
FNDA:0,(anonymous_3)
FNDA:0,(anonymous_4)
FNDA:0,(anonymous_5)
FNDA:0,(anonymous_6)
FNDA:0,(anonymous_7)
FNDA:0,(anonymous_8)
FNDA:0,(anonymous_9)
FNDA:0,(anonymous_10)
FNDA:0,(anonymous_11)
FNDA:0,(anonymous_12)
FNDA:0,(anonymous_13)
FNDA:0,(anonymous_14)
FNDA:0,(anonymous_15)
FNDA:0,(anonymous_16)
FNDA:0,(anonymous_17)
FNDA:0,(anonymous_18)
FNDA:0,(anonymous_19)
FNDA:0,(anonymous_20)
FNDA:0,(anonymous_21)
FNDA:0,(anonymous_22)
FNDA:0,(anonymous_23)
FNDA:0,(anonymous_24)
FNDA:0,(anonymous_25)
FNDA:0,(anonymous_26)
FNDA:0,(anonymous_27)
FNDA:0,(anonymous_28)
FNDA:0,(anonymous_29)
DA:29,0
DA:30,0
DA:36,0
DA:37,0
DA:38,0
DA:39,0
DA:40,0
DA:41,0
DA:43,0
DA:44,0
DA:45,0
DA:46,0
DA:47,0
DA:48,0
DA:57,0
DA:58,0
DA:60,0
DA:61,0
DA:63,0
DA:67,0
DA:68,0
DA:71,0
DA:72,0
DA:73,0
DA:74,0
DA:75,0
DA:76,0
DA:77,0
DA:81,0
DA:83,0
DA:84,0
DA:85,0
DA:86,0
DA:89,0
DA:90,0
DA:92,0
DA:94,0
DA:96,0
DA:98,0
DA:100,0
DA:104,0
DA:105,0
DA:111,0
DA:114,0
DA:116,0
DA:124,0
DA:179,0
DA:203,0
DA:204,0
DA:221,0
DA:222,0
DA:239,0
DA:240,0
DA:256,0
DA:257,0
DA:279,0
DA:280,0
DA:320,0
DA:322,0
DA:364,0
DA:379,0
LF:61
LH:0
BRDA:51,0,0,0
BRDA:51,0,1,0
BRDA:52,1,0,0
BRDA:52,1,1,0
BRDA:53,2,0,0
BRDA:53,2,1,0
BRDA:58,3,0,0
BRDA:58,3,1,0
BRDA:60,4,0,0
BRDA:60,4,1,0
BRDA:73,5,0,0
BRDA:73,5,1,0
BRDA:73,6,0,0
BRDA:73,6,1,0
BRDA:74,7,0,0
BRDA:74,7,1,0
BRDA:74,8,0,0
BRDA:74,8,1,0
BRDA:75,9,0,0
BRDA:75,9,1,0
BRDA:76,10,0,0
BRDA:76,10,1,0
BRDA:77,11,0,0
BRDA:77,11,1,0
BRDA:77,11,2,0
BRDA:77,11,3,0
BRDA:90,12,0,0
BRDA:90,12,1,0
BRDA:90,12,2,0
BRDA:90,12,3,0
BRDA:90,12,4,0
BRDA:125,13,0,0
BRDA:125,13,1,0
BRDA:172,14,0,0
BRDA:172,14,1,0
BRDA:301,15,0,0
BRDA:301,15,1,0
BRDA:303,16,0,0
BRDA:303,16,1,0
BRDA:326,17,0,0
BRDA:326,17,1,0
BRDA:332,18,0,0
BRDA:332,18,1,0
BRDA:336,19,0,0
BRDA:336,19,1,0
BRDA:337,20,0,0
BRDA:337,20,1,0
BRDA:344,21,0,0
BRDA:344,21,1,0
BRDA:347,22,0,0
BRDA:347,22,1,0
BRDA:349,23,0,0
BRDA:349,23,1,0
BRDA:360,24,0,0
BRDA:360,24,1,0
BRDA:365,25,0,0
BRDA:365,25,1,0
BRDA:367,26,0,0
BRDA:367,26,1,0
BRDA:367,27,0,0
BRDA:367,27,1,0
BRDA:368,28,0,0
BRDA:368,28,1,0
BRDA:368,29,0,0
BRDA:368,29,1,0
BRDA:372,30,0,0
BRDA:372,30,1,0
BRDA:372,31,0,0
BRDA:372,31,1,0
BRDA:380,32,0,0
BRDA:380,32,1,0
BRDA:382,33,0,0
BRDA:382,33,1,0
BRDA:382,34,0,0
BRDA:382,34,1,0
BRDA:383,35,0,0
BRDA:383,35,1,0
BRDA:383,36,0,0
BRDA:383,36,1,0
BRDA:387,37,0,0
BRDA:387,37,1,0
BRDA:387,38,0,0
BRDA:387,38,1,0
BRF:83
BRH:0
end_of_record
TN:
SF:src\components\Admin\OrganizationPage.tsx
FN:15,OrganizationPage
FN:22,(anonymous_1)
FN:35,(anonymous_2)
FN:39,validateForm
FN:58,handleSave
FN:126,(anonymous_5)
FN:126,(anonymous_6)
FN:141,(anonymous_7)
FN:141,(anonymous_8)
FN:155,(anonymous_9)
FN:155,(anonymous_10)
FN:168,(anonymous_11)
FN:168,(anonymous_12)
FN:181,(anonymous_13)
FN:181,(anonymous_14)
FN:213,(anonymous_15)
FN:213,(anonymous_16)
FNF:17
FNH:0
FNDA:0,OrganizationPage
FNDA:0,(anonymous_1)
FNDA:0,(anonymous_2)
FNDA:0,validateForm
FNDA:0,handleSave
FNDA:0,(anonymous_5)
FNDA:0,(anonymous_6)
FNDA:0,(anonymous_7)
FNDA:0,(anonymous_8)
FNDA:0,(anonymous_9)
FNDA:0,(anonymous_10)
FNDA:0,(anonymous_11)
FNDA:0,(anonymous_12)
FNDA:0,(anonymous_13)
FNDA:0,(anonymous_14)
FNDA:0,(anonymous_15)
FNDA:0,(anonymous_16)
DA:16,0
DA:17,0
DA:18,0
DA:19,0
DA:20,0
DA:22,0
DA:23,0
DA:24,0
DA:25,0
DA:26,0
DA:28,0
DA:29,0
DA:31,0
DA:35,0
DA:36,0
DA:40,0
DA:42,0
DA:43,0
DA:46,0
DA:47,0
DA:50,0
DA:51,0
DA:54,0
DA:55,0
DA:59,0
DA:61,0
DA:62,0
DA:63,0
DA:64,0
DA:66,0
DA:67,0
DA:69,0
DA:73,0
DA:74,0
DA:86,0
DA:126,0
DA:141,0
DA:155,0
DA:168,0
DA:181,0
DA:213,0
LF:41
LH:0
BRDA:28,0,0,0
BRDA:28,0,1,0
BRDA:42,1,0,0
BRDA:42,1,1,0
BRDA:46,2,0,0
BRDA:46,2,1,0
BRDA:46,3,0,0
BRDA:46,3,1,0
BRDA:50,4,0,0
BRDA:50,4,1,0
BRDA:50,5,0,0
BRDA:50,5,1,0
BRDA:59,6,0,0
BRDA:59,6,1,0
BRDA:59,7,0,0
BRDA:59,7,1,0
BRDA:66,8,0,0
BRDA:66,8,1,0
BRDA:73,9,0,0
BRDA:73,9,1,0
BRDA:125,10,0,0
BRDA:125,10,1,0
BRDA:126,11,0,0
BRDA:126,11,1,0
BRDA:129,12,0,0
BRDA:129,12,1,0
BRDA:140,13,0,0
BRDA:140,13,1,0
BRDA:141,14,0,0
BRDA:141,14,1,0
BRDA:144,15,0,0
BRDA:144,15,1,0
BRDA:154,16,0,0
BRDA:154,16,1,0
BRDA:155,17,0,0
BRDA:155,17,1,0
BRDA:167,18,0,0
BRDA:167,18,1,0
BRDA:168,19,0,0
BRDA:168,19,1,0
BRDA:171,20,0,0
BRDA:171,20,1,0
BRDA:180,21,0,0
BRDA:180,21,1,0
BRDA:181,22,0,0
BRDA:181,22,1,0
BRDA:212,23,0,0
BRDA:212,23,1,0
BRDA:213,24,0,0
BRDA:213,24,1,0
BRDA:236,25,0,0
BRDA:236,25,1,0
BRF:52
BRH:0
end_of_record
TN:
SF:src\components\Admin\ReportsPage.tsx
FN:23,ReportsPage
FN:35,(anonymous_1)
FN:36,(anonymous_2)
FN:42,(anonymous_3)
FN:48,(anonymous_4)
FN:50,(anonymous_5)
FN:68,(anonymous_6)
FN:69,(anonymous_7)
FN:70,(anonymous_8)
FN:75,(anonymous_9)
FN:79,(anonymous_10)
FN:84,(anonymous_11)
FN:85,(anonymous_12)
FN:90,(anonymous_13)
FN:91,(anonymous_14)
FN:102,(anonymous_15)
FN:118,(anonymous_16)
FN:127,(anonymous_17)
FN:137,(anonymous_18)
FN:163,(anonymous_19)
FN:163,(anonymous_20)
FN:167,(anonymous_21)
FN:167,(anonymous_22)
FN:171,(anonymous_23)
FN:197,(anonymous_24)
FN:209,(anonymous_25)
FN:218,(anonymous_26)
FN:234,(anonymous_27)
FN:244,(anonymous_28)
FN:245,(anonymous_29)
FNF:30
FNH:0
FNDA:0,ReportsPage
FNDA:0,(anonymous_1)
FNDA:0,(anonymous_2)
FNDA:0,(anonymous_3)
FNDA:0,(anonymous_4)
FNDA:0,(anonymous_5)
FNDA:0,(anonymous_6)
FNDA:0,(anonymous_7)
FNDA:0,(anonymous_8)
FNDA:0,(anonymous_9)
FNDA:0,(anonymous_10)
FNDA:0,(anonymous_11)
FNDA:0,(anonymous_12)
FNDA:0,(anonymous_13)
FNDA:0,(anonymous_14)
FNDA:0,(anonymous_15)
FNDA:0,(anonymous_16)
FNDA:0,(anonymous_17)
FNDA:0,(anonymous_18)
FNDA:0,(anonymous_19)
FNDA:0,(anonymous_20)
FNDA:0,(anonymous_21)
FNDA:0,(anonymous_22)
FNDA:0,(anonymous_23)
FNDA:0,(anonymous_24)
FNDA:0,(anonymous_25)
FNDA:0,(anonymous_26)
FNDA:0,(anonymous_27)
FNDA:0,(anonymous_28)
FNDA:0,(anonymous_29)
DA:24,0
DA:28,0
DA:29,0
DA:30,0
DA:31,0
DA:32,0
DA:33,0
DA:35,0
DA:36,0
DA:37,0
DA:38,0
DA:39,0
DA:42,0
DA:44,0
DA:45,0
DA:47,0
DA:48,0
DA:49,0
DA:50,0
DA:58,0
DA:60,0
DA:63,0
DA:67,0
DA:68,0
DA:69,0
DA:70,0
DA:71,0
DA:72,0
DA:73,0
DA:75,0
DA:79,0
DA:84,0
DA:85,0
DA:86,0
DA:87,0
DA:88,0
DA:90,0
DA:91,0
DA:92,0
DA:102,0
DA:103,0
DA:104,0
DA:105,0
DA:109,0
DA:110,0
DA:112,0
DA:114,0
DA:118,0
DA:119,0
DA:127,0
DA:136,0
DA:138,0
DA:142,0
DA:143,0
DA:146,0
DA:147,0
DA:155,0
DA:163,0
DA:167,0
DA:171,0
DA:198,0
DA:210,0
DA:219,0
DA:235,0
DA:245,0
LF:65
LH:0
BRDA:48,0,0,0
BRDA:48,0,1,0
BRDA:51,1,0,0
BRDA:51,1,1,0
BRDA:54,2,0,0
BRDA:54,2,1,0
BRDA:67,3,0,0
BRDA:67,3,1,0
BRDA:69,4,0,0
BRDA:69,4,1,0
BRDA:71,5,0,0
BRDA:71,5,1,0
BRDA:72,6,0,0
BRDA:72,6,1,0
BRDA:73,7,0,0
BRDA:73,7,1,0
BRDA:86,8,0,0
BRDA:86,8,1,0
BRDA:87,9,0,0
BRDA:87,9,1,0
BRDA:91,10,0,0
BRDA:91,10,1,0
BRDA:94,11,0,0
BRDA:94,11,1,0
BRDA:96,12,0,0
BRDA:96,12,1,0
BRDA:136,13,0,0
BRDA:136,13,1,0
BRDA:138,14,0,0
BRDA:138,14,1,0
BRDA:138,15,0,0
BRDA:138,15,1,0
BRDA:138,16,0,0
BRDA:138,16,1,0
BRDA:138,17,0,0
BRDA:138,17,1,0
BRDA:142,18,0,0
BRDA:142,18,1,0
BRDA:146,19,0,0
BRDA:146,19,1,0
BRDA:184,20,0,0
BRDA:184,20,1,0
BRDA:212,21,0,0
BRDA:212,21,1,0
BRDA:218,22,0,0
BRDA:218,22,1,0
BRDA:222,23,0,0
BRDA:222,23,1,0
BRDA:222,24,0,0
BRDA:222,24,1,0
BRDA:225,25,0,0
BRDA:225,25,1,0
BRDA:225,26,0,0
BRDA:225,26,1,0
BRDA:237,27,0,0
BRDA:237,27,1,0
BRF:56
BRH:0
end_of_record
TN:
SF:src\components\Admin\RolesPermissionsPage.tsx
FN:149,RolesPermissionsPage
FN:155,(anonymous_1)
FN:168,(anonymous_2)
FN:172,(anonymous_3)
FN:172,(anonymous_4)
FN:174,(anonymous_5)
FN:176,(anonymous_6)
FN:177,(anonymous_7)
FN:183,(anonymous_8)
FN:185,(anonymous_9)
FN:226,(anonymous_10)
FN:245,(anonymous_11)
FN:250,(anonymous_12)
FN:308,(anonymous_13)
FN:344,(anonymous_14)
FN:361,(anonymous_15)
FN:372,(anonymous_16)
FN:373,(anonymous_17)
FN:394,(anonymous_18)
FN:396,(anonymous_19)
FN:406,(anonymous_20)
FNF:21
FNH:0
FNDA:0,RolesPermissionsPage
FNDA:0,(anonymous_1)
FNDA:0,(anonymous_2)
FNDA:0,(anonymous_3)
FNDA:0,(anonymous_4)
FNDA:0,(anonymous_5)
FNDA:0,(anonymous_6)
FNDA:0,(anonymous_7)
FNDA:0,(anonymous_8)
FNDA:0,(anonymous_9)
FNDA:0,(anonymous_10)
FNDA:0,(anonymous_11)
FNDA:0,(anonymous_12)
FNDA:0,(anonymous_13)
FNDA:0,(anonymous_14)
FNDA:0,(anonymous_15)
FNDA:0,(anonymous_16)
FNDA:0,(anonymous_17)
FNDA:0,(anonymous_18)
FNDA:0,(anonymous_19)
FNDA:0,(anonymous_20)
DA:30,0
DA:97,0
DA:150,0
DA:151,0
DA:152,0
DA:153,0
DA:155,0
DA:156,0
DA:157,0
DA:158,0
DA:159,0
DA:161,0
DA:162,0
DA:164,0
DA:168,0
DA:169,0
DA:172,0
DA:174,0
DA:175,0
DA:176,0
DA:177,0
DA:179,0
DA:182,0
DA:183,0
DA:186,0
DA:187,0
DA:193,0
DA:194,0
DA:206,0
DA:227,0
DA:246,0
DA:247,0
DA:250,0
DA:309,0
DA:345,0
DA:362,0
DA:373,0
DA:374,0
DA:376,0
DA:395,0
DA:396,0
DA:397,0
DA:399,0
DA:407,0
LF:44
LH:0
BRDA:161,0,0,0
BRDA:161,0,1,0
BRDA:172,1,0,0
BRDA:172,1,1,0
BRDA:193,2,0,0
BRDA:193,2,1,0
BRDA:214,3,0,0
BRDA:214,3,1,0
BRDA:236,4,0,0
BRDA:236,4,1,0
BRDA:252,5,0,0
BRDA:252,5,1,0
BRDA:256,6,0,0
BRDA:256,6,1,0
BRDA:277,7,0,0
BRDA:277,7,1,0
BRDA:366,8,0,0
BRDA:366,8,1,0
BRDA:378,9,0,0
BRDA:378,9,1,0
BRDA:395,10,0,0
BRDA:395,10,1,0
BRDA:397,11,0,0
BRDA:397,11,1,0
BRDA:423,12,0,0
BRDA:423,12,1,0
BRDA:426,13,0,0
BRDA:426,13,1,0
BRDA:427,14,0,0
BRDA:427,14,1,0
BRF:30
BRH:0
end_of_record
TN:
SF:src\components\Admin\StationsPage.tsx
FN:15,StationsPage
FN:24,(anonymous_1)
FN:37,(anonymous_2)
FN:41,handleCreateStation
FN:52,(anonymous_4)
FN:59,handleUpdateStation
FN:70,(anonymous_6)
FN:77,handleToggleStation
FN:81,(anonymous_8)
FN:88,handleDeleteStation
FN:94,(anonymous_10)
FN:123,(anonymous_11)
FN:123,(anonymous_12)
FN:130,(anonymous_13)
FN:154,(anonymous_14)
FN:165,(anonymous_15)
FN:190,(anonymous_16)
FN:231,(anonymous_17)
FN:241,(anonymous_18)
FN:254,(anonymous_19)
FN:268,(anonymous_20)
FN:268,(anonymous_21)
FN:279,(anonymous_22)
FN:279,(anonymous_23)
FN:299,(anonymous_24)
FNF:25
FNH:0
FNDA:0,StationsPage
FNDA:0,(anonymous_1)
FNDA:0,(anonymous_2)
FNDA:0,handleCreateStation
FNDA:0,(anonymous_4)
FNDA:0,handleUpdateStation
FNDA:0,(anonymous_6)
FNDA:0,handleToggleStation
FNDA:0,(anonymous_8)
FNDA:0,handleDeleteStation
FNDA:0,(anonymous_10)
FNDA:0,(anonymous_11)
FNDA:0,(anonymous_12)
FNDA:0,(anonymous_13)
FNDA:0,(anonymous_14)
FNDA:0,(anonymous_15)
FNDA:0,(anonymous_16)
FNDA:0,(anonymous_17)
FNDA:0,(anonymous_18)
FNDA:0,(anonymous_19)
FNDA:0,(anonymous_20)
FNDA:0,(anonymous_21)
FNDA:0,(anonymous_22)
FNDA:0,(anonymous_23)
FNDA:0,(anonymous_24)
DA:16,0
DA:17,0
DA:18,0
DA:19,0
DA:20,0
DA:21,0
DA:22,0
DA:24,0
DA:25,0
DA:26,0
DA:27,0
DA:28,0
DA:30,0
DA:31,0
DA:33,0
DA:37,0
DA:38,0
DA:42,0
DA:43,0
DA:44,0
DA:47,0
DA:48,0
DA:49,0
DA:50,0
DA:51,0
DA:52,0
DA:54,0
DA:55,0
DA:60,0
DA:61,0
DA:62,0
DA:65,0
DA:66,0
DA:67,0
DA:68,0
DA:69,0
DA:70,0
DA:72,0
DA:73,0
DA:78,0
DA:79,0
DA:80,0
DA:81,0
DA:83,0
DA:84,0
DA:89,0
DA:91,0
DA:92,0
DA:93,0
DA:94,0
DA:96,0
DA:97,0
DA:101,0
DA:123,0
DA:131,0
DA:132,0
DA:133,0
DA:154,0
DA:166,0
DA:190,0
DA:232,0
DA:233,0
DA:241,0
DA:255,0
DA:256,0
DA:257,0
DA:268,0
DA:279,0
DA:300,0
DA:301,0
DA:302,0
LF:71
LH:0
BRDA:30,0,0,0
BRDA:30,0,1,0
BRDA:42,1,0,0
BRDA:42,1,1,0
BRDA:54,2,0,0
BRDA:54,2,1,0
BRDA:60,3,0,0
BRDA:60,3,1,0
BRDA:60,4,0,0
BRDA:60,4,1,0
BRDA:72,5,0,0
BRDA:72,5,1,0
BRDA:83,6,0,0
BRDA:83,6,1,0
BRDA:89,7,0,0
BRDA:89,7,1,0
BRDA:96,8,0,0
BRDA:96,8,1,0
BRDA:142,9,0,0
BRDA:142,9,1,0
BRDA:149,10,0,0
BRDA:149,10,1,0
BRDA:183,11,0,0
BRDA:183,11,1,0
BRDA:184,12,0,0
BRDA:184,12,1,0
BRDA:191,13,0,0
BRDA:191,13,1,0
BRDA:193,14,0,0
BRDA:193,14,1,0
BRDA:198,15,0,0
BRDA:198,15,1,0
BRDA:214,16,0,0
BRDA:214,16,1,0
BRDA:219,17,0,0
BRDA:219,17,1,0
BRDA:233,18,0,0
BRDA:233,18,1,0
BRDA:253,19,0,0
BRDA:253,19,1,0
BRDA:259,20,0,0
BRDA:259,20,1,0
BRDA:309,21,0,0
BRDA:309,21,1,0
BRDA:311,22,0,0
BRDA:311,22,1,0
BRF:46
BRH:0
end_of_record
TN:
SF:src\components\Admin\UserActivityPage.tsx
FN:44,UserActivityPage
FN:60,(anonymous_1)
FN:65,(anonymous_2)
FN:69,(anonymous_3)
FN:77,(anonymous_4)
FN:78,(anonymous_5)
FN:79,(anonymous_6)
FN:83,(anonymous_7)
FN:84,(anonymous_8)
FN:85,(anonymous_9)
FN:88,(anonymous_10)
FN:94,(anonymous_11)
FN:95,(anonymous_12)
FN:105,(anonymous_13)
FN:107,(anonymous_14)
FN:108,(anonymous_15)
FN:109,(anonymous_16)
FN:110,(anonymous_17)
FN:113,(anonymous_18)
FN:114,(anonymous_19)
FN:118,(anonymous_20)
FN:178,(anonymous_21)
FN:191,(anonymous_22)
FN:213,(anonymous_23)
FN:213,(anonymous_24)
FN:228,(anonymous_25)
FN:228,(anonymous_26)
FN:250,(anonymous_27)
FN:303,(anonymous_28)
FN:340,(anonymous_29)
FN:343,(anonymous_30)
FN:343,(anonymous_31)
FNF:32
FNH:0
FNDA:0,UserActivityPage
FNDA:0,(anonymous_1)
FNDA:0,(anonymous_2)
FNDA:0,(anonymous_3)
FNDA:0,(anonymous_4)
FNDA:0,(anonymous_5)
FNDA:0,(anonymous_6)
FNDA:0,(anonymous_7)
FNDA:0,(anonymous_8)
FNDA:0,(anonymous_9)
FNDA:0,(anonymous_10)
FNDA:0,(anonymous_11)
FNDA:0,(anonymous_12)
FNDA:0,(anonymous_13)
FNDA:0,(anonymous_14)
FNDA:0,(anonymous_15)
FNDA:0,(anonymous_16)
FNDA:0,(anonymous_17)
FNDA:0,(anonymous_18)
FNDA:0,(anonymous_19)
FNDA:0,(anonymous_20)
FNDA:0,(anonymous_21)
FNDA:0,(anonymous_22)
FNDA:0,(anonymous_23)
FNDA:0,(anonymous_24)
FNDA:0,(anonymous_25)
FNDA:0,(anonymous_26)
FNDA:0,(anonymous_27)
FNDA:0,(anonymous_28)
FNDA:0,(anonymous_29)
FNDA:0,(anonymous_30)
FNDA:0,(anonymous_31)
DA:45,0
DA:46,0
DA:47,0
DA:48,0
DA:49,0
DA:56,0
DA:57,0
DA:59,0
DA:60,0
DA:66,0
DA:67,0
DA:70,0
DA:71,0
DA:72,0
DA:76,0
DA:77,0
DA:78,0
DA:79,0
DA:82,0
DA:83,0
DA:84,0
DA:85,0
DA:88,0
DA:89,0
DA:90,0
DA:91,0
DA:94,0
DA:95,0
DA:96,0
DA:97,0
DA:101,0
DA:105,0
DA:107,0
DA:108,0
DA:109,0
DA:110,0
DA:113,0
DA:114,0
DA:118,0
DA:119,0
DA:129,0
DA:132,0
DA:178,0
DA:191,0
DA:213,0
DA:228,0
DA:251,0
DA:304,0
DA:341,0
DA:342,0
DA:343,0
DA:344,0
DA:347,0
LF:53
LH:0
BRDA:61,0,0,0
BRDA:61,0,1,0
BRDA:62,1,0,0
BRDA:62,1,1,0
BRDA:96,2,0,0
BRDA:96,2,1,0
BRDA:97,3,0,0
BRDA:97,3,1,0
BRDA:97,3,2,0
BRDA:97,3,3,0
BRDA:101,4,0,0
BRDA:101,4,1,0
BRDA:129,5,0,0
BRDA:129,5,1,0
BRDA:141,6,0,0
BRDA:141,6,1,0
BRDA:181,7,0,0
BRDA:181,7,1,0
BRDA:182,8,0,0
BRDA:182,8,1,0
BRDA:185,9,0,0
BRDA:185,9,1,0
BRDA:194,10,0,0
BRDA:194,10,1,0
BRDA:195,11,0,0
BRDA:195,11,1,0
BRDA:198,12,0,0
BRDA:198,12,1,0
BRDA:206,13,0,0
BRDA:206,13,1,0
BRDA:243,14,0,0
BRDA:243,14,1,0
BRDA:245,15,0,0
BRDA:245,15,1,0
BRDA:247,16,0,0
BRDA:247,16,1,0
BRDA:275,17,0,0
BRDA:275,17,1,0
BRDA:280,18,0,0
BRDA:280,18,1,0
BRDA:282,19,0,0
BRDA:282,19,1,0
BRDA:298,20,0,0
BRDA:298,20,1,0
BRDA:300,21,0,0
BRDA:300,21,1,0
BRDA:320,22,0,0
BRDA:320,22,1,0
BRDA:326,23,0,0
BRDA:326,23,1,0
BRDA:330,24,0,0
BRDA:330,24,1,0
BRDA:330,25,0,0
BRDA:330,25,1,0
BRDA:334,26,0,0
BRDA:334,26,1,0
BRDA:338,27,0,0
BRDA:338,27,1,0
BRDA:344,28,0,0
BRDA:344,28,1,0
BRF:60
BRH:0
end_of_record
TN:
SF:src\components\Admin\UsersPage.tsx
FN:15,UsersPage
FN:29,(anonymous_1)
FN:42,(anonymous_2)
FN:46,validateForm
FN:59,handleCreateUser
FN:83,handleUpdateUser
FN:107,handleDeleteUser
FN:122,handleToggleUserState
FN:136,handleResetPassword
FN:152,(anonymous_9)
FN:153,(anonymous_10)
FN:165,(anonymous_11)
FN:167,(anonymous_12)
FN:169,(anonymous_13)
FN:170,(anonymous_14)
FN:175,(anonymous_15)
FN:205,(anonymous_16)
FN:244,(anonymous_17)
FN:266,(anonymous_18)
FN:280,(anonymous_19)
FN:305,(anonymous_20)
FN:305,(anonymous_21)
FN:318,(anonymous_22)
FN:318,(anonymous_23)
FN:331,(anonymous_24)
FN:331,(anonymous_25)
FN:343,(anonymous_26)
FN:343,(anonymous_27)
FN:355,(anonymous_28)
FN:355,(anonymous_29)
FN:368,(anonymous_30)
FN:368,(anonymous_31)
FN:388,(anonymous_32)
FN:407,(anonymous_33)
FN:407,(anonymous_34)
FN:411,(anonymous_35)
FN:411,(anonymous_36)
FN:422,(anonymous_37)
FN:422,(anonymous_38)
FN:440,(anonymous_39)
FN:516,(anonymous_40)
FN:534,(anonymous_41)
FN:545,(anonymous_42)
FN:552,(anonymous_43)
FNF:44
FNH:0
FNDA:0,UsersPage
FNDA:0,(anonymous_1)
FNDA:0,(anonymous_2)
FNDA:0,validateForm
FNDA:0,handleCreateUser
FNDA:0,handleUpdateUser
FNDA:0,handleDeleteUser
FNDA:0,handleToggleUserState
FNDA:0,handleResetPassword
FNDA:0,(anonymous_9)
FNDA:0,(anonymous_10)
FNDA:0,(anonymous_11)
FNDA:0,(anonymous_12)
FNDA:0,(anonymous_13)
FNDA:0,(anonymous_14)
FNDA:0,(anonymous_15)
FNDA:0,(anonymous_16)
FNDA:0,(anonymous_17)
FNDA:0,(anonymous_18)
FNDA:0,(anonymous_19)
FNDA:0,(anonymous_20)
FNDA:0,(anonymous_21)
FNDA:0,(anonymous_22)
FNDA:0,(anonymous_23)
FNDA:0,(anonymous_24)
FNDA:0,(anonymous_25)
FNDA:0,(anonymous_26)
FNDA:0,(anonymous_27)
FNDA:0,(anonymous_28)
FNDA:0,(anonymous_29)
FNDA:0,(anonymous_30)
FNDA:0,(anonymous_31)
FNDA:0,(anonymous_32)
FNDA:0,(anonymous_33)
FNDA:0,(anonymous_34)
FNDA:0,(anonymous_35)
FNDA:0,(anonymous_36)
FNDA:0,(anonymous_37)
FNDA:0,(anonymous_38)
FNDA:0,(anonymous_39)
FNDA:0,(anonymous_40)
FNDA:0,(anonymous_41)
FNDA:0,(anonymous_42)
FNDA:0,(anonymous_43)
DA:16,0
DA:17,0
DA:18,0
DA:19,0
DA:20,0
DA:21,0
DA:22,0
DA:23,0
DA:24,0
DA:25,0
DA:26,0
DA:27,0
DA:29,0
DA:30,0
DA:31,0
DA:32,0
DA:33,0
DA:35,0
DA:36,0
DA:38,0
DA:42,0
DA:43,0
DA:47,0
DA:48,0
DA:49,0
DA:50,0
DA:51,0
DA:53,0
DA:54,0
DA:55,0
DA:56,0
DA:60,0
DA:61,0
DA:62,0
DA:63,0
DA:71,0
DA:72,0
DA:73,0
DA:74,0
DA:76,0
DA:77,0
DA:79,0
DA:84,0
DA:85,0
DA:86,0
DA:87,0
DA:94,0
DA:95,0
DA:96,0
DA:97,0
DA:98,0
DA:100,0
DA:101,0
DA:103,0
DA:108,0
DA:109,0
DA:110,0
DA:111,0
DA:112,0
DA:113,0
DA:115,0
DA:116,0
DA:118,0
DA:123,0
DA:124,0
DA:125,0
DA:126,0
DA:127,0
DA:129,0
DA:130,0
DA:132,0
DA:137,0
DA:138,0
DA:139,0
DA:140,0
DA:141,0
DA:142,0
DA:143,0
DA:145,0
DA:146,0
DA:148,0
DA:152,0
DA:153,0
DA:154,0
DA:157,0
DA:158,0
DA:161,0
DA:165,0
DA:166,0
DA:167,0
DA:168,0
DA:169,0
DA:170,0
DA:172,0
DA:175,0
DA:176,0
DA:177,0
DA:178,0
DA:179,0
DA:182,0
DA:183,0
DA:195,0
DA:206,0
DA:207,0
DA:208,0
DA:245,0
DA:266,0
DA:281,0
DA:282,0
DA:305,0
DA:318,0
DA:331,0
DA:343,0
DA:355,0
DA:368,0
DA:389,0
DA:390,0
DA:391,0
DA:392,0
DA:407,0
DA:411,0
DA:422,0
DA:441,0
DA:442,0
DA:517,0
DA:518,0
DA:534,0
DA:545,0
DA:552,0
LF:129
LH:0
BRDA:35,0,0,0
BRDA:35,0,1,0
BRDA:48,1,0,0
BRDA:48,1,1,0
BRDA:49,2,0,0
BRDA:49,2,1,0
BRDA:50,3,0,0
BRDA:50,3,1,0
BRDA:50,4,0,0
BRDA:50,4,1,0
BRDA:53,5,0,0
BRDA:53,5,1,0
BRDA:53,6,0,0
BRDA:53,6,1,0
BRDA:54,7,0,0
BRDA:54,7,1,0
BRDA:54,8,0,0
BRDA:54,8,1,0
BRDA:60,9,0,0
BRDA:60,9,1,0
BRDA:67,10,0,0
BRDA:67,10,1,0
BRDA:68,11,0,0
BRDA:68,11,1,0
BRDA:76,12,0,0
BRDA:76,12,1,0
BRDA:84,13,0,0
BRDA:84,13,1,0
BRDA:84,14,0,0
BRDA:84,14,1,0
BRDA:89,15,0,0
BRDA:89,15,1,0
BRDA:90,16,0,0
BRDA:90,16,1,0
BRDA:92,17,0,0
BRDA:92,17,1,0
BRDA:100,18,0,0
BRDA:100,18,1,0
BRDA:108,19,0,0
BRDA:108,19,1,0
BRDA:115,20,0,0
BRDA:115,20,1,0
BRDA:129,21,0,0
BRDA:129,21,1,0
BRDA:137,22,0,0
BRDA:137,22,1,0
BRDA:137,23,0,0
BRDA:137,23,1,0
BRDA:145,24,0,0
BRDA:145,24,1,0
BRDA:154,25,0,0
BRDA:154,25,1,0
BRDA:154,25,2,0
BRDA:157,26,0,0
BRDA:157,26,1,0
BRDA:158,27,0,0
BRDA:158,27,1,0
BRDA:158,27,2,0
BRDA:158,27,3,0
BRDA:158,27,4,0
BRDA:161,28,0,0
BRDA:161,28,1,0
BRDA:161,28,2,0
BRDA:176,29,0,0
BRDA:176,29,1,0
BRDA:178,30,0,0
BRDA:178,30,1,0
BRDA:182,31,0,0
BRDA:182,31,1,0
BRDA:218,32,0,0
BRDA:218,32,1,0
BRDA:247,33,0,0
BRDA:247,33,1,0
BRDA:256,34,0,0
BRDA:256,34,1,0
BRDA:274,35,0,0
BRDA:274,35,1,0
BRDA:276,36,0,0
BRDA:276,36,1,0
BRDA:289,37,0,0
BRDA:289,37,1,0
BRDA:289,37,2,0
BRDA:295,38,0,0
BRDA:295,38,1,0
BRDA:308,39,0,0
BRDA:308,39,1,0
BRDA:310,40,0,0
BRDA:310,40,1,0
BRDA:320,41,0,0
BRDA:320,41,1,0
BRDA:322,42,0,0
BRDA:322,42,1,0
BRDA:333,43,0,0
BRDA:333,43,1,0
BRDA:335,44,0,0
BRDA:335,44,1,0
BRDA:347,45,0,0
BRDA:347,45,1,0
BRDA:357,46,0,0
BRDA:357,46,1,0
BRDA:359,47,0,0
BRDA:359,47,1,0
BRDA:381,48,0,0
BRDA:381,48,1,0
BRDA:384,49,0,0
BRDA:384,49,1,0
BRDA:384,50,0,0
BRDA:384,50,1,0
BRDA:434,51,0,0
BRDA:434,51,1,0
BRDA:436,52,0,0
BRDA:436,52,1,0
BRDA:449,53,0,0
BRDA:449,53,1,0
BRDA:478,54,0,0
BRDA:478,54,1,0
BRDA:479,55,0,0
BRDA:479,55,1,0
BRDA:486,56,0,0
BRDA:486,56,1,0
BRDA:495,57,0,0
BRDA:495,57,1,0
BRDA:497,58,0,0
BRDA:497,58,1,0
BRDA:499,59,0,0
BRDA:499,59,1,0
BRDA:521,60,0,0
BRDA:521,60,1,0
BRDA:522,61,0,0
BRDA:522,61,1,0
BRDA:533,62,0,0
BRDA:533,62,1,0
BRDA:537,63,0,0
BRDA:537,63,1,0
BRDA:538,64,0,0
BRDA:538,64,1,0
BRF:136
BRH:0
end_of_record
TN:
SF:src\components\Admin\WorkflowBuilder.tsx
FN:75,(anonymous_0)
FN:80,(anonymous_1)
FN:81,(anonymous_2)
FN:81,(anonymous_3)
FN:84,(anonymous_4)
FN:85,(anonymous_5)
FN:85,(anonymous_6)
FN:100,(anonymous_7)
FN:107,(anonymous_8)
FN:118,(anonymous_9)
FN:148,(anonymous_10)
FN:173,(anonymous_11)
FN:184,(anonymous_12)
FNF:13
FNH:0
FNDA:0,(anonymous_0)
FNDA:0,(anonymous_1)
FNDA:0,(anonymous_2)
FNDA:0,(anonymous_3)
FNDA:0,(anonymous_4)
FNDA:0,(anonymous_5)
FNDA:0,(anonymous_6)
FNDA:0,(anonymous_7)
FNDA:0,(anonymous_8)
FNDA:0,(anonymous_9)
FNDA:0,(anonymous_10)
FNDA:0,(anonymous_11)
FNDA:0,(anonymous_12)
DA:34,0
DA:75,0
DA:76,0
DA:77,0
DA:78,0
DA:80,0
DA:81,0
DA:84,0
DA:85,0
DA:86,0
DA:89,0
DA:100,0
DA:108,0
DA:118,0
DA:148,0
DA:173,0
DA:185,0
LF:17
LH:0
BRDA:81,0,0,0
BRDA:81,0,1,0
BRDA:86,1,0,0
BRDA:86,1,1,0
BRDA:113,2,0,0
BRDA:113,2,1,0
BRDA:126,3,0,0
BRDA:126,3,1,0
BRDA:130,4,0,0
BRDA:130,4,1,0
BRDA:143,5,0,0
BRDA:143,5,1,0
BRDA:154,6,0,0
BRDA:154,6,1,0
BRDA:167,7,0,0
BRDA:167,7,1,0
BRDA:189,8,0,0
BRDA:189,8,1,0
BRDA:190,9,0,0
BRDA:190,9,1,0
BRDA:197,10,0,0
BRDA:197,10,1,0
BRDA:200,11,0,0
BRDA:200,11,1,0
BRDA:209,12,0,0
BRDA:209,12,1,0
BRF:26
BRH:0
end_of_record
TN:
SF:src\components\Admin\index.ts
FNF:0
FNH:0
LF:0
LH:0
BRF:0
BRH:0
end_of_record
TN:
SF:src\components\Admin\shared\constants.ts
FNF:0
FNH:0
DA:8,0
DA:76,0
LF:2
LH:0
BRF:0
BRH:0
end_of_record
TN:
SF:src\components\Admin\shared\hooks.ts
FN:11,useAsyncOperation
FN:27,(anonymous_1)
FNF:2
FNH:1
FNDA:16,useAsyncOperation
FNDA:0,(anonymous_1)
DA:16,16
DA:17,16
DA:19,16
DA:20,16
DA:21,16
DA:23,16
DA:24,16
DA:25,16
DA:27,16
DA:28,0
DA:29,0
DA:30,0
DA:31,0
DA:32,0
DA:33,0
DA:35,0
DA:36,0
DA:37,0
DA:38,0
DA:40,0
DA:44,16
LF:21
LH:10
BRDA:35,0,0,0
BRDA:35,0,1,0
BRF:2
BRH:0
end_of_record
TN:
SF:src\components\Admin\shared\utils.ts
FN:8,toCsv
FN:12,(anonymous_1)
FN:12,(anonymous_2)
FN:19,downloadText
FNF:4
FNH:0
FNDA:0,toCsv
FNDA:0,(anonymous_1)
FNDA:0,(anonymous_2)
FNDA:0,downloadText
DA:9,0
DA:10,0
DA:11,0
DA:12,0
DA:13,0
DA:20,0
DA:21,0
DA:22,0
DA:23,0
DA:24,0
DA:25,0
DA:26,0
LF:12
LH:0
BRDA:9,0,0,0
BRDA:9,0,1,0
BRDA:10,1,0,0
BRDA:10,1,1,0
BRDA:12,2,0,0
BRDA:12,2,1,0
BRF:6
BRH:0
end_of_record
TN:
SF:src\components\Admin\shared\validators.ts
FN:6,(anonymous_0)
FN:8,(anonymous_1)
FN:11,(anonymous_2)
FN:11,(anonymous_3)
FN:14,(anonymous_4)
FNF:5
FNH:1
FNDA:0,(anonymous_0)
FNDA:0,(anonymous_1)
FNDA:0,(anonymous_2)
FNDA:0,(anonymous_3)
FNDA:32,(anonymous_4)
DA:5,1
DA:6,0
DA:9,0
DA:11,0
DA:12,0
DA:15,32
DA:16,32
LF:7
LH:3
BRDA:6,0,0,0
BRDA:6,0,1,0
BRDA:9,1,0,0
BRDA:9,1,1,0
BRDA:12,2,0,0
BRDA:12,2,1,0
BRDA:16,3,0,32
BRDA:16,3,1,0
BRDA:16,4,0,32
BRDA:16,4,1,32
BRF:10
BRH:3
end_of_record
TN:
SF:src\components\CRM\CRMPage.tsx
FN:22,CRMPage
FN:28,(anonymous_1)
FN:32,loadInitialData
FN:73,(anonymous_3)
FN:76,(anonymous_4)
FN:120,DashboardTab
FN:128,(anonymous_6)
FN:194,(anonymous_7)
FN:219,AccountsTab
FN:253,(anonymous_9)
FN:257,loadAccounts
FN:269,selectAccount
FN:279,handleCreateAccount
FN:311,(anonymous_13)
FN:343,(anonymous_14)
FN:357,(anonymous_15)
FN:360,(anonymous_16)
FN:446,(anonymous_17)
FN:478,(anonymous_18)
FN:486,(anonymous_19)
FN:486,(anonymous_20)
FN:494,(anonymous_21)
FN:494,(anonymous_22)
FN:502,(anonymous_23)
FN:502,(anonymous_24)
FN:508,(anonymous_25)
FN:508,(anonymous_26)
FN:517,(anonymous_27)
FN:517,(anonymous_28)
FN:524,(anonymous_29)
FN:524,(anonymous_30)
FN:532,(anonymous_31)
FN:532,(anonymous_32)
FN:540,(anonymous_33)
FN:540,(anonymous_34)
FN:546,(anonymous_35)
FN:546,(anonymous_36)
FN:554,(anonymous_37)
FN:568,OpportunitiesTab
FN:580,(anonymous_39)
FN:584,loadOpportunities
FN:596,handleCreate
FN:624,(anonymous_42)
FN:630,(anonymous_43)
FN:653,(anonymous_44)
FN:658,(anonymous_45)
FN:658,(anonymous_46)
FN:665,(anonymous_47)
FN:665,(anonymous_48)
FN:671,(anonymous_49)
FN:671,(anonymous_50)
FN:682,(anonymous_51)
FN:691,QuotesTab
FN:695,(anonymous_53)
FN:699,loadQuotes
FN:727,(anonymous_55)
FN:752,SyncHealthTab
FN:780,ErrorsTab
FN:784,(anonymous_58)
FN:788,loadErrors
FN:808,(anonymous_60)
FN:828,AuditTab
FN:832,(anonymous_62)
FN:836,loadAudits
FN:856,(anonymous_64)
FNF:65
FNH:17
FNDA:0,CRMPage
FNDA:0,(anonymous_1)
FNDA:0,loadInitialData
FNDA:0,(anonymous_3)
FNDA:0,(anonymous_4)
FNDA:0,DashboardTab
FNDA:0,(anonymous_6)
FNDA:0,(anonymous_7)
FNDA:0,AccountsTab
FNDA:0,(anonymous_9)
FNDA:0,loadAccounts
FNDA:0,selectAccount
FNDA:0,handleCreateAccount
FNDA:0,(anonymous_13)
FNDA:0,(anonymous_14)
FNDA:0,(anonymous_15)
FNDA:0,(anonymous_16)
FNDA:0,(anonymous_17)
FNDA:0,(anonymous_18)
FNDA:0,(anonymous_19)
FNDA:0,(anonymous_20)
FNDA:0,(anonymous_21)
FNDA:0,(anonymous_22)
FNDA:0,(anonymous_23)
FNDA:0,(anonymous_24)
FNDA:0,(anonymous_25)
FNDA:0,(anonymous_26)
FNDA:0,(anonymous_27)
FNDA:0,(anonymous_28)
FNDA:0,(anonymous_29)
FNDA:0,(anonymous_30)
FNDA:0,(anonymous_31)
FNDA:0,(anonymous_32)
FNDA:0,(anonymous_33)
FNDA:0,(anonymous_34)
FNDA:0,(anonymous_35)
FNDA:0,(anonymous_36)
FNDA:0,(anonymous_37)
FNDA:7,OpportunitiesTab
FNDA:3,(anonymous_39)
FNDA:3,loadOpportunities
FNDA:0,handleCreate
FNDA:1,(anonymous_42)
FNDA:2,(anonymous_43)
FNDA:0,(anonymous_44)
FNDA:0,(anonymous_45)
FNDA:0,(anonymous_46)
FNDA:0,(anonymous_47)
FNDA:0,(anonymous_48)
FNDA:0,(anonymous_49)
FNDA:0,(anonymous_50)
FNDA:0,(anonymous_51)
FNDA:6,QuotesTab
FNDA:2,(anonymous_53)
FNDA:2,loadQuotes
FNDA:8,(anonymous_55)
FNDA:0,SyncHealthTab
FNDA:6,ErrorsTab
FNDA:2,(anonymous_58)
FNDA:2,loadErrors
FNDA:4,(anonymous_60)
FNDA:6,AuditTab
FNDA:2,(anonymous_62)
FNDA:2,loadAudits
FNDA:4,(anonymous_64)
DA:23,0
DA:24,0
DA:25,0
DA:26,0
DA:28,0
DA:29,0
DA:33,0
DA:34,0
DA:35,0
DA:39,0
DA:40,0
DA:42,0
DA:44,0
DA:48,0
DA:58,0
DA:74,0
DA:76,0
DA:121,0
DA:122,0
DA:123,0
DA:124,0
DA:126,0
DA:128,0
DA:131,0
DA:195,0
DA:220,0
DA:221,0
DA:222,0
DA:223,0
DA:224,0
DA:225,0
DA:226,0
DA:228,0
DA:246,0
DA:248,0
DA:253,0
DA:254,0
DA:258,0
DA:259,0
DA:260,0
DA:261,0
DA:263,0
DA:265,0
DA:270,0
DA:271,0
DA:272,0
DA:273,0
DA:275,0
DA:280,0
DA:281,0
DA:283,0
DA:284,0
DA:285,0
DA:288,0
DA:289,0
DA:291,0
DA:292,0
DA:310,0
DA:311,0
DA:312,0
DA:313,0
DA:314,0
DA:315,0
DA:317,0
DA:318,0
DA:320,0
DA:324,0
DA:325,0
DA:332,0
DA:344,0
DA:345,0
DA:346,0
DA:358,0
DA:360,0
DA:447,0
DA:478,0
DA:486,0
DA:494,0
DA:502,0
DA:508,0
DA:517,0
DA:524,0
DA:532,0
DA:540,0
DA:546,0
DA:554,0
DA:569,7
DA:570,7
DA:571,7
DA:572,7
DA:580,7
DA:581,3
DA:585,3
DA:586,3
DA:587,3
DA:588,2
DA:590,1
DA:592,3
DA:597,0
DA:598,0
DA:599,0
DA:600,0
DA:601,0
DA:602,0
DA:604,0
DA:608,7
DA:617,7
DA:619,4
DA:624,1
DA:631,2
DA:653,0
DA:658,0
DA:665,0
DA:671,0
DA:682,0
DA:692,6
DA:693,6
DA:695,6
DA:696,2
DA:700,2
DA:701,2
DA:702,2
DA:703,2
DA:705,0
DA:707,2
DA:711,6
DA:719,6
DA:721,4
DA:728,8
DA:753,0
DA:781,6
DA:782,6
DA:784,6
DA:785,2
DA:789,2
DA:790,2
DA:791,2
DA:792,2
DA:794,0
DA:796,2
DA:800,6
DA:802,4
DA:809,4
DA:829,6
DA:830,6
DA:832,6
DA:833,2
DA:837,2
DA:838,2
DA:839,2
DA:840,2
DA:842,0
DA:844,2
DA:848,6
DA:850,4
DA:857,4
LF:156
LH:54
BRDA:79,0,0,0
BRDA:79,0,1,0
BRDA:80,1,0,0
BRDA:80,1,1,0
BRDA:82,2,0,0
BRDA:82,2,1,0
BRDA:83,3,0,0
BRDA:83,3,1,0
BRDA:96,4,0,0
BRDA:96,4,1,0
BRDA:105,5,0,0
BRDA:105,5,1,0
BRDA:106,6,0,0
BRDA:106,6,1,0
BRDA:107,7,0,0
BRDA:107,7,1,0
BRDA:108,8,0,0
BRDA:108,8,1,0
BRDA:109,9,0,0
BRDA:109,9,1,0
BRDA:110,10,0,0
BRDA:110,10,1,0
BRDA:111,11,0,0
BRDA:111,11,1,0
BRDA:121,12,0,0
BRDA:121,12,1,0
BRDA:122,13,0,0
BRDA:122,13,1,0
BRDA:123,14,0,0
BRDA:123,14,1,0
BRDA:123,14,2,0
BRDA:124,15,0,0
BRDA:124,15,1,0
BRDA:124,15,2,0
BRDA:126,16,0,0
BRDA:126,16,1,0
BRDA:127,17,0,0
BRDA:127,17,1,0
BRDA:142,18,0,0
BRDA:142,18,1,0
BRDA:164,19,0,0
BRDA:164,19,1,0
BRDA:175,20,0,0
BRDA:175,20,1,0
BRDA:177,21,0,0
BRDA:177,21,1,0
BRDA:182,22,0,0
BRDA:182,22,1,0
BRDA:185,23,0,0
BRDA:185,23,1,0
BRDA:191,24,0,0
BRDA:191,24,1,0
BRDA:191,24,2,0
BRDA:283,25,0,0
BRDA:283,25,1,0
BRDA:295,26,0,0
BRDA:295,26,1,0
BRDA:296,27,0,0
BRDA:296,27,1,0
BRDA:297,28,0,0
BRDA:297,28,1,0
BRDA:298,29,0,0
BRDA:298,29,1,0
BRDA:299,30,0,0
BRDA:299,30,1,0
BRDA:300,31,0,0
BRDA:300,31,1,0
BRDA:301,32,0,0
BRDA:301,32,1,0
BRDA:302,33,0,0
BRDA:302,33,1,0
BRDA:303,34,0,0
BRDA:303,34,1,0
BRDA:304,35,0,0
BRDA:304,35,1,0
BRDA:305,36,0,0
BRDA:305,36,1,0
BRDA:306,37,0,0
BRDA:306,37,1,0
BRDA:307,38,0,0
BRDA:307,38,1,0
BRDA:317,39,0,0
BRDA:317,39,1,0
BRDA:324,40,0,0
BRDA:324,40,1,0
BRDA:334,41,0,0
BRDA:334,41,1,0
BRDA:354,42,0,0
BRDA:354,42,1,0
BRDA:365,43,0,0
BRDA:365,43,1,0
BRDA:373,44,0,0
BRDA:373,44,1,0
BRDA:374,45,0,0
BRDA:374,45,1,0
BRDA:376,46,0,0
BRDA:376,46,1,0
BRDA:376,46,2,0
BRDA:381,47,0,0
BRDA:381,47,1,0
BRDA:395,48,0,0
BRDA:395,48,1,0
BRDA:401,49,0,0
BRDA:401,49,1,0
BRDA:407,50,0,0
BRDA:407,50,1,0
BRDA:413,51,0,0
BRDA:413,51,1,0
BRDA:419,52,0,0
BRDA:419,52,1,0
BRDA:425,53,0,0
BRDA:425,53,1,0
BRDA:431,54,0,0
BRDA:431,54,1,0
BRDA:443,55,0,0
BRDA:443,55,1,0
BRDA:459,56,0,0
BRDA:459,56,1,0
BRDA:465,57,0,0
BRDA:465,57,1,0
BRDA:466,58,0,0
BRDA:466,58,1,0
BRDA:469,59,0,0
BRDA:469,59,1,0
BRDA:551,60,0,0
BRDA:551,60,1,0
BRDA:558,61,0,0
BRDA:558,61,1,0
BRDA:617,62,0,3
BRDA:617,62,1,4
BRDA:626,63,0,3
BRDA:626,63,1,1
BRDA:635,64,0,2
BRDA:635,64,1,0
BRDA:643,65,0,2
BRDA:643,65,1,0
BRDA:719,66,0,2
BRDA:719,66,1,4
BRDA:723,67,0,0
BRDA:723,67,1,4
BRDA:732,68,0,8
BRDA:732,68,1,0
BRDA:740,69,0,8
BRDA:740,69,1,0
BRDA:766,70,0,0
BRDA:766,70,1,0
BRDA:768,71,0,0
BRDA:768,71,1,0
BRDA:773,72,0,0
BRDA:773,72,1,0
BRDA:800,73,0,2
BRDA:800,73,1,4
BRDA:804,74,0,2
BRDA:804,74,1,2
BRDA:848,75,0,2
BRDA:848,75,1,4
BRDA:852,76,0,2
BRDA:852,76,1,2
BRDA:871,77,0,4
BRDA:871,77,1,0
BRF:160
BRH:20
end_of_record
TN:
SF:src\components\CRM\CariCardsIntroScreen.tsx
FN:10,CariCardsIntroScreen
FN:81,(anonymous_1)
FN:171,(anonymous_2)
FNF:3
FNH:0
FNDA:0,CariCardsIntroScreen
FNDA:0,(anonymous_1)
FNDA:0,(anonymous_2)
DA:11,0
DA:82,0
DA:172,0
LF:3
LH:0
BRF:0
BRH:0
end_of_record
TN:
SF:src\components\CRM\index.ts
FNF:0
FNH:0
LF:0
LH:0
BRF:0
BRH:0
end_of_record
TN:
SF:src\components\Dashboard\BIDashboardWidgets.tsx
FN:22,(anonymous_0)
FN:74,(anonymous_1)
FN:108,(anonymous_2)
FN:142,(anonymous_3)
FN:174,(anonymous_4)
FN:219,(anonymous_5)
FN:247,(anonymous_6)
FN:291,(anonymous_7)
FN:312,(anonymous_8)
FN:381,(anonymous_9)
FN:388,(anonymous_10)
FNF:11
FNH:0
FNDA:0,(anonymous_0)
FNDA:0,(anonymous_1)
FNDA:0,(anonymous_2)
FNDA:0,(anonymous_3)
FNDA:0,(anonymous_4)
FNDA:0,(anonymous_5)
FNDA:0,(anonymous_6)
FNDA:0,(anonymous_7)
FNDA:0,(anonymous_8)
FNDA:0,(anonymous_9)
FNDA:0,(anonymous_10)
DA:22,0
DA:23,0
DA:24,0
DA:25,0
DA:27,0
DA:74,0
DA:75,0
DA:76,0
DA:77,0
DA:78,0
DA:80,0
DA:109,0
DA:142,0
DA:143,0
DA:149,0
DA:155,0
DA:175,0
DA:219,0
DA:220,0
DA:227,0
DA:234,0
DA:248,0
DA:291,0
DA:292,0
DA:299,0
DA:313,0
DA:314,0
DA:316,0
DA:381,0
DA:382,0
DA:389,0
LF:31
LH:0
BRDA:23,0,0,0
BRDA:23,0,1,0
BRDA:23,1,0,0
BRDA:23,1,1,0
BRDA:57,2,0,0
BRDA:57,2,1,0
BRDA:74,3,0,0
BRDA:77,4,0,0
BRDA:77,4,1,0
BRDA:97,5,0,0
BRDA:97,5,1,0
BRDA:98,6,0,0
BRDA:98,6,1,0
BRDA:101,7,0,0
BRDA:101,7,1,0
BRDA:115,8,0,0
BRDA:115,8,1,0
BRDA:120,9,0,0
BRDA:120,9,1,0
BRDA:186,10,0,0
BRDA:186,10,1,0
BRDA:260,11,0,0
BRDA:260,11,1,0
BRDA:266,12,0,0
BRDA:266,12,1,0
BRDA:323,13,0,0
BRDA:323,13,1,0
BRDA:336,14,0,0
BRDA:336,14,1,0
BRDA:399,15,0,0
BRDA:399,15,1,0
BRDA:401,16,0,0
BRDA:401,16,1,0
BRDA:401,17,0,0
BRDA:401,17,1,0
BRDA:403,18,0,0
BRDA:403,18,1,0
BRDA:403,19,0,0
BRDA:403,19,1,0
BRDA:410,20,0,0
BRDA:410,20,1,0
BRDA:413,21,0,0
BRDA:413,21,1,0
BRDA:413,22,0,0
BRDA:413,22,1,0
BRF:45
BRH:0
end_of_record
TN:
SF:src\components\Dashboard\Dashboard.tsx
FN:24,greeting
FN:31,Dashboard
FN:47,(anonymous_2)
FN:51,(anonymous_3)
FN:52,(anonymous_4)
FN:53,(anonymous_5)
FN:54,(anonymous_6)
FN:55,(anonymous_7)
FN:62,(anonymous_8)
FN:81,(anonymous_9)
FN:86,(anonymous_10)
FN:89,(anonymous_11)
FN:95,(anonymous_12)
FN:96,(anonymous_13)
FN:101,(anonymous_14)
FN:102,(anonymous_15)
FN:103,(anonymous_16)
FN:104,(anonymous_17)
FN:172,(anonymous_18)
FN:188,(anonymous_19)
FN:247,(anonymous_20)
FN:259,(anonymous_21)
FN:277,(anonymous_22)
FN:283,(anonymous_23)
FN:306,(anonymous_24)
FN:325,(anonymous_25)
FNF:26
FNH:0
FNDA:0,greeting
FNDA:0,Dashboard
FNDA:0,(anonymous_2)
FNDA:0,(anonymous_3)
FNDA:0,(anonymous_4)
FNDA:0,(anonymous_5)
FNDA:0,(anonymous_6)
FNDA:0,(anonymous_7)
FNDA:0,(anonymous_8)
FNDA:0,(anonymous_9)
FNDA:0,(anonymous_10)
FNDA:0,(anonymous_11)
FNDA:0,(anonymous_12)
FNDA:0,(anonymous_13)
FNDA:0,(anonymous_14)
FNDA:0,(anonymous_15)
FNDA:0,(anonymous_16)
FNDA:0,(anonymous_17)
FNDA:0,(anonymous_18)
FNDA:0,(anonymous_19)
FNDA:0,(anonymous_20)
FNDA:0,(anonymous_21)
FNDA:0,(anonymous_22)
FNDA:0,(anonymous_23)
FNDA:0,(anonymous_24)
FNDA:0,(anonymous_25)
DA:25,0
DA:26,0
DA:27,0
DA:28,0
DA:32,0
DA:33,0
DA:34,0
DA:35,0
DA:36,0
DA:37,0
DA:38,0
DA:41,0
DA:42,0
DA:43,0
DA:44,0
DA:45,0
DA:47,0
DA:48,0
DA:49,0
DA:50,0
DA:51,0
DA:52,0
DA:53,0
DA:54,0
DA:55,0
DA:57,0
DA:58,0
DA:59,0
DA:60,0
DA:61,0
DA:62,0
DA:73,0
DA:74,0
DA:75,0
DA:79,0
DA:80,0
DA:81,0
DA:86,0
DA:87,0
DA:88,0
DA:89,0
DA:90,0
DA:91,0
DA:95,0
DA:96,0
DA:97,0
DA:100,0
DA:101,0
DA:102,0
DA:103,0
DA:104,0
DA:106,0
DA:114,0
DA:121,0
DA:128,0
DA:137,0
DA:173,0
DA:189,0
DA:248,0
DA:260,0
DA:278,0
DA:284,0
DA:307,0
DA:326,0
LF:64
LH:0
BRDA:26,0,0,0
BRDA:26,0,1,0
BRDA:27,1,0,0
BRDA:27,1,1,0
BRDA:31,2,0,0
BRDA:59,3,0,0
BRDA:59,3,1,0
BRDA:63,4,0,0
BRDA:63,4,1,0
BRDA:64,5,0,0
BRDA:64,5,1,0
BRDA:66,6,0,0
BRDA:66,6,1,0
BRDA:69,7,0,0
BRDA:69,7,1,0
BRDA:69,7,2,0
BRDA:70,8,0,0
BRDA:70,8,1,0
BRDA:75,9,0,0
BRDA:75,9,1,0
BRDA:80,10,0,0
BRDA:80,10,1,0
BRDA:91,11,0,0
BRDA:91,11,1,0
BRDA:95,12,0,0
BRDA:95,12,1,0
BRDA:101,13,0,0
BRDA:101,13,1,0
BRDA:102,14,0,0
BRDA:102,14,1,0
BRDA:103,15,0,0
BRDA:103,15,1,0
BRDA:104,16,0,0
BRDA:104,16,1,0
BRDA:107,17,0,0
BRDA:107,17,1,0
BRDA:107,18,0,0
BRDA:107,18,1,0
BRDA:108,19,0,0
BRDA:108,19,1,0
BRDA:108,20,0,0
BRDA:108,20,1,0
BRDA:109,21,0,0
BRDA:109,21,1,0
BRDA:109,22,0,0
BRDA:109,22,1,0
BRDA:110,23,0,0
BRDA:110,23,1,0
BRDA:110,24,0,0
BRDA:110,24,1,0
BRDA:114,25,0,0
BRDA:114,25,1,0
BRDA:116,26,0,0
BRDA:116,26,1,0
BRDA:117,27,0,0
BRDA:117,27,1,0
BRDA:117,28,0,0
BRDA:117,28,1,0
BRDA:117,29,0,0
BRDA:117,29,1,0
BRDA:121,30,0,0
BRDA:121,30,1,0
BRDA:128,31,0,0
BRDA:128,31,1,0
BRDA:134,32,0,0
BRDA:134,32,1,0
BRDA:145,33,0,0
BRDA:145,33,1,0
BRDA:151,34,0,0
BRDA:151,34,1,0
BRDA:177,35,0,0
BRDA:177,35,1,0
BRDA:210,36,0,0
BRDA:210,36,1,0
BRDA:214,37,0,0
BRDA:214,37,1,0
BRDA:227,38,0,0
BRDA:227,38,1,0
BRDA:235,39,0,0
BRDA:235,39,1,0
BRDA:239,40,0,0
BRDA:239,40,1,0
BRDA:289,41,0,0
BRDA:289,41,1,0
BRDA:289,42,0,0
BRDA:289,42,1,0
BRDA:324,43,0,0
BRDA:324,43,1,0
BRDA:331,44,0,0
BRDA:331,44,1,0
BRDA:332,45,0,0
BRDA:332,45,1,0
BRDA:334,46,0,0
BRDA:334,46,1,0
BRDA:336,47,0,0
BRDA:336,47,1,0
BRDA:339,48,0,0
BRDA:339,48,1,0
BRDA:342,49,0,0
BRDA:342,49,1,0
BRDA:345,50,0,0
BRDA:345,50,1,0
BRF:102
BRH:0
end_of_record
TN:
SF:src\components\Dashboard\SimpleDashboard.tsx
FN:18,greeting
FN:25,SimpleDashboard
FN:26,(anonymous_2)
FN:74,(anonymous_3)
FNF:4
FNH:0
FNDA:0,greeting
FNDA:0,SimpleDashboard
FNDA:0,(anonymous_2)
FNDA:0,(anonymous_3)
DA:19,0
DA:20,0
DA:21,0
DA:22,0
DA:26,0
DA:28,0
DA:75,0
LF:7
LH:0
BRDA:20,0,0,0
BRDA:20,0,1,0
BRDA:21,1,0,0
BRDA:21,1,1,0
BRDA:84,2,0,0
BRDA:84,2,1,0
BRDA:93,3,0,0
BRDA:93,3,1,0
BRF:8
BRH:0
end_of_record
TN:
SF:src\components\Dashboard\index.ts
FNF:0
FNH:0
LF:0
LH:0
BRF:0
BRH:0
end_of_record
TN:
SF:src\components\Forms\RefactoredExamples.tsx
FN:51,LoginPageRefactored
FN:59,(anonymous_1)
FN:62,(anonymous_2)
FN:77,(anonymous_3)
FN:80,(anonymous_4)
FN:83,(anonymous_5)
FN:87,(anonymous_6)
FN:93,(anonymous_7)
FN:117,(anonymous_8)
FN:144,(anonymous_9)
FN:156,(anonymous_10)
FN:157,(anonymous_11)
FN:159,(anonymous_12)
FN:163,(anonymous_13)
FN:236,(anonymous_14)
FN:237,(anonymous_15)
FN:237,(anonymous_16)
FN:251,(anonymous_17)
FN:252,(anonymous_18)
FN:252,(anonymous_19)
FN:333,(anonymous_20)
FN:345,(anonymous_21)
FN:353,(anonymous_22)
FN:355,(anonymous_23)
FN:380,(anonymous_24)
FN:381,(anonymous_25)
FN:397,(anonymous_26)
FN:406,(anonymous_27)
FN:407,(anonymous_28)
FN:416,(anonymous_29)
FN:417,(anonymous_30)
FN:433,(anonymous_31)
FN:436,(anonymous_32)
FN:437,(anonymous_33)
FN:462,(anonymous_34)
FN:463,(anonymous_35)
FN:481,(anonymous_36)
FN:497,(anonymous_37)
FN:503,(anonymous_38)
FN:506,(anonymous_39)
FN:514,(anonymous_40)
FN:517,(anonymous_41)
FN:525,(anonymous_42)
FN:528,(anonymous_43)
FN:535,(anonymous_44)
FN:538,(anonymous_45)
FN:551,(anonymous_46)
FN:553,(anonymous_47)
FN:555,(anonymous_48)
FN:571,(anonymous_49)
FN:572,(anonymous_50)
FN:597,(anonymous_51)
FN:620,(anonymous_52)
FN:620,(anonymous_53)
FN:631,(anonymous_54)
FN:631,(anonymous_55)
FN:639,(anonymous_56)
FNF:57
FNH:0
FNDA:0,LoginPageRefactored
FNDA:0,(anonymous_1)
FNDA:0,(anonymous_2)
FNDA:0,(anonymous_3)
FNDA:0,(anonymous_4)
FNDA:0,(anonymous_5)
FNDA:0,(anonymous_6)
FNDA:0,(anonymous_7)
FNDA:0,(anonymous_8)
FNDA:0,(anonymous_9)
FNDA:0,(anonymous_10)
FNDA:0,(anonymous_11)
FNDA:0,(anonymous_12)
FNDA:0,(anonymous_13)
FNDA:0,(anonymous_14)
FNDA:0,(anonymous_15)
FNDA:0,(anonymous_16)
FNDA:0,(anonymous_17)
FNDA:0,(anonymous_18)
FNDA:0,(anonymous_19)
FNDA:0,(anonymous_20)
FNDA:0,(anonymous_21)
FNDA:0,(anonymous_22)
FNDA:0,(anonymous_23)
FNDA:0,(anonymous_24)
FNDA:0,(anonymous_25)
FNDA:0,(anonymous_26)
FNDA:0,(anonymous_27)
FNDA:0,(anonymous_28)
FNDA:0,(anonymous_29)
FNDA:0,(anonymous_30)
FNDA:0,(anonymous_31)
FNDA:0,(anonymous_32)
FNDA:0,(anonymous_33)
FNDA:0,(anonymous_34)
FNDA:0,(anonymous_35)
FNDA:0,(anonymous_36)
FNDA:0,(anonymous_37)
FNDA:0,(anonymous_38)
FNDA:0,(anonymous_39)
FNDA:0,(anonymous_40)
FNDA:0,(anonymous_41)
FNDA:0,(anonymous_42)
FNDA:0,(anonymous_43)
FNDA:0,(anonymous_44)
FNDA:0,(anonymous_45)
FNDA:0,(anonymous_46)
FNDA:0,(anonymous_47)
FNDA:0,(anonymous_48)
FNDA:0,(anonymous_49)
FNDA:0,(anonymous_50)
FNDA:0,(anonymous_51)
FNDA:0,(anonymous_52)
FNDA:0,(anonymous_53)
FNDA:0,(anonymous_54)
FNDA:0,(anonymous_55)
FNDA:0,(anonymous_56)
DA:52,0
DA:53,0
DA:54,0
DA:55,0
DA:56,0
DA:57,0
DA:59,0
DA:62,0
DA:63,0
DA:65,0
DA:67,0
DA:72,0
DA:77,0
DA:78,0
DA:79,0
DA:80,0
DA:82,0
DA:83,0
DA:87,0
DA:88,0
DA:89,0
DA:90,0
DA:93,0
DA:94,0
DA:97,0
DA:98,0
DA:99,0
DA:101,0
DA:102,0
DA:103,0
DA:106,0
DA:107,0
DA:109,0
DA:110,0
DA:116,0
DA:117,0
DA:118,0
DA:121,0
DA:123,0
DA:134,0
DA:135,0
DA:136,0
DA:141,0
DA:144,0
DA:145,0
DA:148,0
DA:149,0
DA:151,0
DA:156,0
DA:157,0
DA:158,0
DA:159,0
DA:160,0
DA:163,0
DA:166,0
DA:167,0
DA:194,0
DA:236,0
DA:237,0
DA:251,0
DA:252,0
DA:333,0
DA:334,0
DA:342,0
DA:345,0
DA:346,0
DA:354,0
DA:355,0
DA:381,0
DA:397,0
DA:398,0
DA:407,0
DA:417,0
DA:434,0
DA:437,0
DA:463,0
DA:481,0
DA:482,0
DA:498,0
DA:504,0
DA:505,0
DA:506,0
DA:515,0
DA:516,0
DA:517,0
DA:526,0
DA:527,0
DA:528,0
DA:536,0
DA:537,0
DA:538,0
DA:552,0
DA:553,0
DA:555,0
DA:572,0
DA:592,0
DA:598,0
DA:620,0
DA:621,0
DA:622,0
DA:631,0
DA:632,0
DA:633,0
DA:639,0
LF:104
LH:0
BRDA:63,0,0,0
BRDA:63,0,1,0
BRDA:63,0,2,0
BRDA:78,1,0,0
BRDA:78,1,1,0
BRDA:90,2,0,0
BRDA:90,2,1,0
BRDA:98,3,0,0
BRDA:98,3,1,0
BRDA:99,4,0,0
BRDA:99,4,1,0
BRDA:101,5,0,0
BRDA:101,5,1,0
BRDA:116,6,0,0
BRDA:116,6,1,0
BRDA:118,7,0,0
BRDA:118,7,1,0
BRDA:126,8,0,0
BRDA:126,8,1,0
BRDA:127,9,0,0
BRDA:127,9,1,0
BRDA:129,10,0,0
BRDA:129,10,1,0
BRDA:130,11,0,0
BRDA:130,11,1,0
BRDA:148,12,0,0
BRDA:148,12,1,0
BRDA:158,13,0,0
BRDA:158,13,1,0
BRDA:166,14,0,0
BRDA:166,14,1,0
BRDA:215,15,0,0
BRDA:215,15,1,0
BRDA:264,16,0,0
BRDA:264,16,1,0
BRDA:269,17,0,0
BRDA:269,17,1,0
BRDA:365,18,0,0
BRDA:365,18,1,0
BRDA:424,19,0,0
BRDA:424,19,1,0
BRDA:505,20,0,0
BRDA:505,20,1,0
BRDA:516,21,0,0
BRDA:516,21,1,0
BRDA:527,22,0,0
BRDA:527,22,1,0
BRDA:552,23,0,0
BRDA:552,23,1,0
BRDA:603,24,0,0
BRDA:603,24,1,0
BRDA:612,25,0,0
BRDA:612,25,1,0
BRDA:613,26,0,0
BRDA:613,26,1,0
BRDA:614,27,0,0
BRDA:614,27,1,0
BRDA:629,28,0,0
BRDA:629,28,1,0
BRF:59
BRH:0
end_of_record
TN:
SF:src\components\Integration\IntegrationHealth.tsx
FN:41,IntegrationHealth
FN:52,(anonymous_1)
FN:67,(anonymous_2)
FN:71,(anonymous_3)
FN:74,(anonymous_4)
FN:80,getStatusSurface
FN:116,getStatusBadgeStyle
FN:132,getStatusIcon
FN:501,(anonymous_8)
FNF:9
FNH:0
FNDA:0,IntegrationHealth
FNDA:0,(anonymous_1)
FNDA:0,(anonymous_2)
FNDA:0,(anonymous_3)
FNDA:0,(anonymous_4)
FNDA:0,getStatusSurface
FNDA:0,getStatusBadgeStyle
FNDA:0,getStatusIcon
FNDA:0,(anonymous_8)
DA:42,0
DA:43,0
DA:44,0
DA:46,0
DA:47,0
DA:48,0
DA:49,0
DA:50,0
DA:52,0
DA:53,0
DA:54,0
DA:55,0
DA:56,0
DA:57,0
DA:58,0
DA:59,0
DA:61,0
DA:62,0
DA:63,0
DA:66,0
DA:67,0
DA:71,0
DA:72,0
DA:73,0
DA:74,0
DA:75,0
DA:76,0
DA:81,0
DA:83,0
DA:89,0
DA:96,0
DA:102,0
DA:108,0
DA:117,0
DA:119,0
DA:121,0
DA:124,0
DA:126,0
DA:128,0
DA:133,0
DA:134,0
DA:136,0
DA:138,0
DA:141,0
DA:143,0
DA:145,0
DA:149,0
DA:150,0
DA:166,0
DA:167,0
DA:184,0
DA:502,0
LF:52
LH:0
BRDA:61,0,0,0
BRDA:61,0,1,0
BRDA:66,1,0,0
BRDA:66,1,1,0
BRDA:76,2,0,0
BRDA:76,2,1,0
BRDA:81,3,0,0
BRDA:81,3,1,0
BRDA:81,3,2,0
BRDA:81,3,3,0
BRDA:81,3,4,0
BRDA:81,3,5,0
BRDA:117,4,0,0
BRDA:117,4,1,0
BRDA:117,4,2,0
BRDA:117,4,3,0
BRDA:117,4,4,0
BRDA:117,4,5,0
BRDA:134,5,0,0
BRDA:134,5,1,0
BRDA:134,5,2,0
BRDA:134,5,3,0
BRDA:134,5,4,0
BRDA:134,5,5,0
BRDA:149,6,0,0
BRDA:149,6,1,0
BRDA:149,7,0,0
BRDA:149,7,1,0
BRDA:166,8,0,0
BRDA:166,8,1,0
BRDA:205,9,0,0
BRDA:205,9,1,0
BRDA:237,10,0,0
BRDA:237,10,1,0
BRDA:260,11,0,0
BRDA:260,11,1,0
BRDA:263,12,0,0
BRDA:263,12,1,0
BRDA:267,13,0,0
BRDA:267,13,1,0
BRDA:276,14,0,0
BRDA:276,14,1,0
BRDA:285,15,0,0
BRDA:285,15,1,0
BRDA:294,16,0,0
BRDA:294,16,1,0
BRDA:313,17,0,0
BRDA:313,17,1,0
BRDA:336,18,0,0
BRDA:336,18,1,0
BRDA:339,19,0,0
BRDA:339,19,1,0
BRDA:343,20,0,0
BRDA:343,20,1,0
BRDA:352,21,0,0
BRDA:352,21,1,0
BRDA:371,22,0,0
BRDA:371,22,1,0
BRDA:394,23,0,0
BRDA:394,23,1,0
BRDA:397,24,0,0
BRDA:397,24,1,0
BRDA:401,25,0,0
BRDA:401,25,1,0
BRDA:410,26,0,0
BRDA:410,26,1,0
BRDA:429,27,0,0
BRDA:429,27,1,0
BRDA:452,28,0,0
BRDA:452,28,1,0
BRDA:463,29,0,0
BRDA:463,29,1,0
BRDA:486,30,0,0
BRDA:486,30,1,0
BRDA:498,31,0,0
BRDA:498,31,1,0
BRDA:498,31,2,0
BRDA:519,32,0,0
BRDA:519,32,1,0
BRDA:519,33,0,0
BRDA:519,33,1,0
BRDA:522,34,0,0
BRDA:522,34,1,0
BRDA:524,35,0,0
BRDA:524,35,1,0
BRDA:524,35,2,0
BRDA:531,36,0,0
BRDA:531,36,1,0
BRDA:541,37,0,0
BRDA:541,37,1,0
BRDA:541,37,2,0
BRF:91
BRH:0
end_of_record
TN:
SF:src\components\Integration\IntegrationSettings.tsx
FN:16,IntegrationSettings
FN:58,(anonymous_1)
FN:62,loadSettings
FN:71,(anonymous_3)
FN:76,(anonymous_4)
FN:82,(anonymous_5)
FN:88,(anonymous_6)
FN:111,saveMikroSettings
FN:133,(anonymous_8)
FN:140,saveSMTPSettings
FN:151,(anonymous_10)
FN:158,saveSMSSettings
FN:169,(anonymous_12)
FN:176,toggleEInvoice
FN:184,(anonymous_14)
FN:190,toggleCargo
FN:198,(anonymous_16)
FN:265,(anonymous_17)
FN:270,(anonymous_18)
FN:316,(anonymous_19)
FN:337,(anonymous_20)
FN:359,(anonymous_21)
FN:382,(anonymous_22)
FN:404,(anonymous_23)
FN:426,(anonymous_24)
FN:437,(anonymous_25)
FN:463,(anonymous_26)
FN:495,(anonymous_27)
FN:520,(anonymous_28)
FN:567,(anonymous_29)
FN:588,(anonymous_30)
FN:608,(anonymous_31)
FN:628,(anonymous_32)
FN:648,(anonymous_33)
FN:659,(anonymous_34)
FN:699,(anonymous_35)
FN:723,(anonymous_36)
FN:743,(anonymous_37)
FN:763,(anonymous_38)
FN:886,(anonymous_39)
FN:889,(anonymous_40)
FNF:41
FNH:0
FNDA:0,IntegrationSettings
FNDA:0,(anonymous_1)
FNDA:0,loadSettings
FNDA:0,(anonymous_3)
FNDA:0,(anonymous_4)
FNDA:0,(anonymous_5)
FNDA:0,(anonymous_6)
FNDA:0,saveMikroSettings
FNDA:0,(anonymous_8)
FNDA:0,saveSMTPSettings
FNDA:0,(anonymous_10)
FNDA:0,saveSMSSettings
FNDA:0,(anonymous_12)
FNDA:0,toggleEInvoice
FNDA:0,(anonymous_14)
FNDA:0,toggleCargo
FNDA:0,(anonymous_16)
FNDA:0,(anonymous_17)
FNDA:0,(anonymous_18)
FNDA:0,(anonymous_19)
FNDA:0,(anonymous_20)
FNDA:0,(anonymous_21)
FNDA:0,(anonymous_22)
FNDA:0,(anonymous_23)
FNDA:0,(anonymous_24)
FNDA:0,(anonymous_25)
FNDA:0,(anonymous_26)
FNDA:0,(anonymous_27)
FNDA:0,(anonymous_28)
FNDA:0,(anonymous_29)
FNDA:0,(anonymous_30)
FNDA:0,(anonymous_31)
FNDA:0,(anonymous_32)
FNDA:0,(anonymous_33)
FNDA:0,(anonymous_34)
FNDA:0,(anonymous_35)
FNDA:0,(anonymous_36)
FNDA:0,(anonymous_37)
FNDA:0,(anonymous_38)
FNDA:0,(anonymous_39)
FNDA:0,(anonymous_40)
DA:17,0
DA:18,0
DA:19,0
DA:20,0
DA:21,0
DA:23,0
DA:33,0
DA:39,0
DA:48,0
DA:55,0
DA:56,0
DA:58,0
DA:59,0
DA:63,0
DA:64,0
DA:65,0
DA:66,0
DA:69,0
DA:70,0
DA:71,0
DA:74,0
DA:75,0
DA:76,0
DA:80,0
DA:81,0
DA:82,0
DA:86,0
DA:87,0
DA:88,0
DA:92,0
DA:93,0
DA:94,0
DA:98,0
DA:99,0
DA:100,0
[...]
FN:91,(anonymous_2)
FN:96,(anonymous_3)
FN:97,(anonymous_4)
FN:98,(anonymous_5)
FN:102,(anonymous_6)
FN:103,(anonymous_7)
FN:104,(anonymous_8)
FN:110,(anonymous_9)
FN:114,(anonymous_10)
FN:135,(anonymous_11)
FN:175,(anonymous_12)
FN:201,(anonymous_13)
FN:214,(anonymous_14)
FNF:15
FNH:0
FNDA:0,(anonymous_0)
FNDA:0,(anonymous_1)
FNDA:0,(anonymous_2)
FNDA:0,(anonymous_3)
FNDA:0,(anonymous_4)
FNDA:0,(anonymous_5)
FNDA:0,(anonymous_6)
FNDA:0,(anonymous_7)
FNDA:0,(anonymous_8)
FNDA:0,(anonymous_9)
FNDA:0,(anonymous_10)
FNDA:0,(anonymous_11)
FNDA:0,(anonymous_12)
FNDA:0,(anonymous_13)
FNDA:0,(anonymous_14)
DA:33,0
DA:84,0
DA:86,0
DA:91,0
DA:97,0
DA:98,0
DA:103,0
DA:105,0
DA:111,0
DA:115,0
DA:135,0
DA:142,0
DA:175,0
DA:201,0
DA:205,0
DA:215,0
DA:216,0
LF:17
LH:0
BRDA:105,0,0,0
BRDA:105,0,1,0
BRDA:149,1,0,0
BRDA:149,1,1,0
BRDA:173,2,0,0
BRDA:173,2,1,0
BRDA:203,3,0,0
BRF:7
BRH:0
end_of_record
TN:
SF:src\stores\notificationStore.ts
FN:32,(anonymous_0)
FN:35,(anonymous_1)
FN:37,(anonymous_2)
FN:43,(anonymous_3)
FN:44,(anonymous_4)
FN:45,(anonymous_5)
FN:51,(anonymous_6)
FN:52,(anonymous_7)
FN:53,(anonymous_8)
FN:57,(anonymous_9)
FN:64,(anonymous_10)
FN:72,(anonymous_11)
FN:80,(anonymous_12)
FN:88,(anonymous_13)
FN:96,(anonymous_14)
FNF:15
FNH:1
FNDA:2,(anonymous_0)
FNDA:0,(anonymous_1)
FNDA:0,(anonymous_2)
FNDA:0,(anonymous_3)
FNDA:0,(anonymous_4)
FNDA:0,(anonymous_5)
FNDA:0,(anonymous_6)
FNDA:0,(anonymous_7)
FNDA:0,(anonymous_8)
FNDA:0,(anonymous_9)
FNDA:0,(anonymous_10)
FNDA:0,(anonymous_11)
FNDA:0,(anonymous_12)
FNDA:0,(anonymous_13)
FNDA:0,(anonymous_14)
DA:32,2
DA:36,0
DA:37,0
DA:42,0
DA:43,0
DA:44,0
DA:45,0
DA:52,0
DA:53,0
DA:58,0
DA:63,2
DA:65,0
DA:73,0
DA:81,0
DA:89,0
DA:97,0
LF:16
LH:2
BRDA:42,0,0,0
BRDA:42,0,1,0
BRF:2
BRH:0
end_of_record
TN:
SF:src\stores\ordersStore.ts
FN:19,(anonymous_0)
FN:25,(anonymous_1)
FN:52,(anonymous_2)
FN:54,(anonymous_3)
FN:55,(anonymous_4)
FN:56,(anonymous_5)
FN:66,(anonymous_6)
FN:74,(anonymous_7)
FN:114,(anonymous_8)
FN:115,(anonymous_9)
FN:116,(anonymous_10)
FNF:11
FNH:0
FNDA:0,(anonymous_0)
FNDA:0,(anonymous_1)
FNDA:0,(anonymous_2)
FNDA:0,(anonymous_3)
FNDA:0,(anonymous_4)
FNDA:0,(anonymous_5)
FNDA:0,(anonymous_6)
FNDA:0,(anonymous_7)
FNDA:0,(anonymous_8)
FNDA:0,(anonymous_9)
FNDA:0,(anonymous_10)
DA:19,0
DA:26,0
DA:28,0
DA:29,0
DA:30,0
DA:31,0
DA:34,0
DA:36,0
DA:37,0
DA:38,0
DA:39,0
DA:40,0
DA:42,0
DA:44,0
DA:52,0
DA:55,0
DA:56,0
DA:57,0
DA:58,0
DA:61,0
DA:62,0
DA:63,0
DA:68,0
DA:71,0
DA:73,0
DA:74,0
DA:77,0
DA:78,0
DA:89,0
DA:98,0
DA:102,0
DA:103,0
DA:106,0
DA:107,0
DA:115,0
DA:117,0
LF:36
LH:0
BRDA:26,0,0,0
BRDA:26,0,1,0
BRDA:29,1,0,0
BRDA:29,1,1,0
BRDA:38,2,0,0
BRDA:38,2,1,0
BRDA:45,3,0,0
BRDA:45,3,1,0
BRDA:57,4,0,0
BRDA:57,4,1,0
BRDA:77,5,0,0
BRDA:77,5,1,0
BRDA:109,6,0,0
BRDA:109,6,1,0
BRDA:117,7,0,0
BRDA:117,7,1,0
BRF:16
BRH:0
end_of_record
TN:
SF:src\stores\themeStore.tsx
FN:93,(anonymous_0)
FN:101,(anonymous_1)
FN:105,(anonymous_2)
FN:109,(anonymous_3)
FN:110,(anonymous_4)
FN:117,(anonymous_5)
FN:121,(anonymous_6)
FN:125,(anonymous_7)
FN:129,(anonymous_8)
FN:133,(anonymous_9)
FN:141,(anonymous_10)
FN:161,(anonymous_11)
FN:187,(anonymous_12)
FN:190,(anonymous_13)
FN:215,(anonymous_14)
FN:225,(anonymous_15)
FN:246,(anonymous_16)
FN:266,(anonymous_17)
FN:267,(anonymous_18)
FN:268,(anonymous_19)
FN:269,(anonymous_20)
FN:270,(anonymous_21)
FNF:22
FNH:0
FNDA:0,(anonymous_0)
FNDA:0,(anonymous_1)
FNDA:0,(anonymous_2)
FNDA:0,(anonymous_3)
FNDA:0,(anonymous_4)
FNDA:0,(anonymous_5)
FNDA:0,(anonymous_6)
FNDA:0,(anonymous_7)
FNDA:0,(anonymous_8)
FNDA:0,(anonymous_9)
FNDA:0,(anonymous_10)
FNDA:0,(anonymous_11)
FNDA:0,(anonymous_12)
FNDA:0,(anonymous_13)
FNDA:0,(anonymous_14)
FNDA:0,(anonymous_15)
FNDA:0,(anonymous_16)
FNDA:0,(anonymous_17)
FNDA:0,(anonymous_18)
FNDA:0,(anonymous_19)
FNDA:0,(anonymous_20)
FNDA:0,(anonymous_21)
DA:28,0
DA:91,0
DA:93,0
DA:102,0
DA:106,0
DA:110,0
DA:118,0
DA:122,0
DA:126,0
DA:130,0
DA:134,0
DA:135,0
DA:136,0
DA:138,0
DA:142,0
DA:161,0
DA:172,0
DA:174,0
DA:176,0
DA:188,0
DA:190,0
DA:215,0
DA:225,0
DA:246,0
DA:266,0
DA:267,0
DA:268,0
DA:269,0
DA:270,0
DA:272,0
LF:30
LH:0
BRDA:111,0,0,0
BRDA:111,0,1,0
BRDA:135,1,0,0
BRDA:135,1,1,0
BRDA:161,2,0,0
BRDA:174,3,0,0
BRDA:174,3,1,0
BRDA:193,4,0,0
BRDA:193,4,1,0
BRF:9
BRH:0
end_of_record
TN:
SF:src\stores\uiStore.ts
FN:22,(anonymous_0)
FN:26,(anonymous_1)
FN:26,(anonymous_2)
FN:27,(anonymous_3)
FN:27,(anonymous_4)
FN:28,(anonymous_5)
FN:29,(anonymous_6)
FN:36,(anonymous_7)
FN:36,(anonymous_8)
FNF:9
FNH:0
FNDA:0,(anonymous_0)
FNDA:0,(anonymous_1)
FNDA:0,(anonymous_2)
FNDA:0,(anonymous_3)
FNDA:0,(anonymous_4)
FNDA:0,(anonymous_5)
FNDA:0,(anonymous_6)
FNDA:0,(anonymous_7)
FNDA:0,(anonymous_8)
DA:16,0
DA:18,0
DA:20,0
DA:22,0
DA:26,0
DA:27,0
DA:28,0
DA:30,0
DA:31,0
DA:36,0
DA:37,0
DA:38,0
LF:12
LH:0
BRDA:26,0,0,0
BRDA:26,0,1,0
BRDA:37,1,0,0
BRDA:37,1,1,0
BRF:4
BRH:0
end_of_record
TN:
SF:src\types\index.ts
FNF:0
FNH:0
DA:33,0
DA:47,0
LF:2
LH:0
BRF:0
BRH:0
end_of_record
TN:
SF:src\utils\auditTrail.tsx
FN:44,(anonymous_0)
FN:47,(anonymous_1)
FN:49,(anonymous_2)
FN:68,(anonymous_3)
FN:72,(anonymous_4)
FN:76,(anonymous_5)
FN:80,(anonymous_6)
FN:84,(anonymous_7)
FN:96,(anonymous_8)
FN:112,(anonymous_9)
FN:140,(anonymous_10)
FN:155,(anonymous_11)
FN:180,(anonymous_12)
FN:184,(anonymous_13)
FN:200,(anonymous_14)
FN:203,(anonymous_15)
FN:205,(anonymous_16)
FN:223,(anonymous_17)
FNF:18
FNH:0
FNDA:0,(anonymous_0)
FNDA:0,(anonymous_1)
FNDA:0,(anonymous_2)
FNDA:0,(anonymous_3)
FNDA:0,(anonymous_4)
FNDA:0,(anonymous_5)
FNDA:0,(anonymous_6)
FNDA:0,(anonymous_7)
FNDA:0,(anonymous_8)
FNDA:0,(anonymous_9)
FNDA:0,(anonymous_10)
FNDA:0,(anonymous_11)
FNDA:0,(anonymous_12)
FNDA:0,(anonymous_13)
FNDA:0,(anonymous_14)
FNDA:0,(anonymous_15)
FNDA:0,(anonymous_16)
FNDA:0,(anonymous_17)
DA:42,0
DA:44,0
DA:48,0
DA:49,0
DA:61,0
DA:69,0
DA:71,0
DA:72,0
DA:75,0
DA:76,0
DA:79,0
DA:80,0
DA:83,0
DA:84,0
DA:85,0
DA:86,0
DA:93,0
DA:97,0
DA:99,0
DA:100,0
DA:101,0
DA:102,0
DA:103,0
DA:104,0
DA:105,0
DA:106,0
DA:107,0
DA:108,0
DA:110,0
DA:113,0
DA:117,0
DA:118,0
DA:119,0
DA:120,0
DA:121,0
DA:122,0
DA:123,0
DA:136,0
DA:141,0
DA:142,0
DA:148,0
DA:161,0
DA:173,0
DA:180,0
DA:181,0
DA:183,0
DA:185,0
DA:200,0
DA:201,0
DA:203,0
DA:204,0
DA:205,0
DA:208,0
DA:211,0
DA:224,0
LF:55
LH:0
BRDA:71,0,0,0
BRDA:71,0,1,0
BRDA:75,1,0,0
BRDA:75,1,1,0
BRDA:79,2,0,0
BRDA:79,2,1,0
BRDA:83,3,0,0
BRDA:83,3,1,0
BRDA:87,4,0,0
BRDA:87,4,1,0
BRDA:99,5,0,0
BRDA:99,5,1,0
BRDA:108,6,0,0
BRDA:108,6,1,0
BRDA:200,7,0,0
BRDA:204,8,0,0
BRDA:204,8,1,0
BRDA:233,9,0,0
BRDA:233,9,1,0
BRF:19
BRH:0
end_of_record
TN:
SF:src\utils\barcodeScanner.tsx
FN:28,(anonymous_0)
FN:42,(anonymous_1)
FN:66,(anonymous_2)
FN:68,(anonymous_3)
FN:79,(anonymous_4)
FN:104,(anonymous_5)
FN:129,(anonymous_6)
FN:148,(anonymous_7)
FN:156,(anonymous_8)
FN:159,(anonymous_9)
FN:173,(anonymous_10)
FN:188,(anonymous_11)
FN:191,(anonymous_12)
FN:194,(anonymous_13)
FN:198,(anonymous_14)
FNF:15
FNH:0
FNDA:0,(anonymous_0)
FNDA:0,(anonymous_1)
FNDA:0,(anonymous_2)
FNDA:0,(anonymous_3)
FNDA:0,(anonymous_4)
FNDA:0,(anonymous_5)
FNDA:0,(anonymous_6)
FNDA:0,(anonymous_7)
FNDA:0,(anonymous_8)
FNDA:0,(anonymous_9)
FNDA:0,(anonymous_10)
FNDA:0,(anonymous_11)
FNDA:0,(anonymous_12)
FNDA:0,(anonymous_13)
FNDA:0,(anonymous_14)
DA:24,0
DA:29,0
DA:30,0
DA:35,0
DA:36,0
DA:37,0
DA:38,0
DA:39,0
DA:41,0
DA:42,0
DA:43,0
DA:44,0
DA:45,0
DA:46,0
DA:47,0
DA:50,0
DA:58,0
DA:60,0
DA:61,0
DA:64,0
DA:66,0
DA:67,0
DA:68,0
DA:71,0
DA:72,0
DA:83,0
DA:84,0
DA:90,0
DA:91,0
DA:94,0
DA:96,0
DA:97,0
DA:108,0
DA:109,0
DA:115,0
DA:116,0
DA:119,0
DA:121,0
DA:122,0
DA:130,0
DA:131,0
DA:132,0
DA:133,0
DA:134,0
DA:135,0
DA:136,0
DA:137,0
DA:139,0
DA:140,0
DA:148,0
DA:149,0
DA:150,0
DA:155,0
DA:157,0
DA:158,0
DA:159,0
DA:160,0
DA:161,0
DA:162,0
DA:165,0
DA:167,0
DA:173,0
DA:174,0
DA:177,0
DA:188,0
DA:189,0
DA:191,0
DA:192,0
DA:194,0
DA:195,0
DA:198,0
DA:199,0
DA:200,0
DA:204,0
LF:74
LH:0
BRDA:43,0,0,0
BRDA:43,0,1,0
BRDA:44,1,0,0
BRDA:44,1,1,0
BRDA:60,2,0,0
BRDA:60,2,1,0
BRDA:81,3,0,0
BRDA:90,4,0,0
BRDA:90,4,1,0
BRDA:106,5,0,0
BRDA:115,6,0,0
BRDA:115,6,1,0
BRDA:160,7,0,0
BRDA:160,7,1,0
BRDA:160,8,0,0
BRDA:160,8,1,0
BRDA:162,9,0,0
BRDA:162,9,1,0
BRDA:199,10,0,0
BRDA:199,10,1,0
BRDA:221,11,0,0
BRDA:221,11,1,0
BRF:22
BRH:0
end_of_record
TN:
SF:src\utils\export.ts
FN:9,(anonymous_0)
FN:21,(anonymous_1)
FN:23,(anonymous_2)
FN:25,(anonymous_3)
FN:41,(anonymous_4)
FN:53,(anonymous_5)
FN:54,(anonymous_6)
FN:68,(anonymous_7)
FN:98,(anonymous_8)
FN:113,(anonymous_9)
FN:136,(anonymous_10)
FN:142,(anonymous_11)
FN:145,(anonymous_12)
FN:148,(anonymous_13)
FN:160,(anonymous_14)
FN:182,(anonymous_15)
FN:183,(anonymous_16)
FN:190,(anonymous_17)
FN:197,(anonymous_18)
FNF:19
FNH:0
FNDA:0,(anonymous_0)
FNDA:0,(anonymous_1)
FNDA:0,(anonymous_2)
FNDA:0,(anonymous_3)
FNDA:0,(anonymous_4)
FNDA:0,(anonymous_5)
FNDA:0,(anonymous_6)
FNDA:0,(anonymous_7)
FNDA:0,(anonymous_8)
FNDA:0,(anonymous_9)
FNDA:0,(anonymous_10)
FNDA:0,(anonymous_11)
FNDA:0,(anonymous_12)
FNDA:0,(anonymous_13)
FNDA:0,(anonymous_14)
FNDA:0,(anonymous_15)
FNDA:0,(anonymous_16)
FNDA:0,(anonymous_17)
FNDA:0,(anonymous_18)
DA:9,0
DA:13,0
DA:14,0
DA:15,0
DA:18,0
DA:19,0
DA:21,0
DA:24,0
DA:26,0
DA:28,0
DA:34,0
DA:41,0
DA:45,0
DA:46,0
DA:48,0
DA:49,0
DA:50,0
DA:53,0
DA:54,0
DA:56,0
DA:58,0
DA:60,0
DA:68,0
DA:72,0
DA:73,0
DA:74,0
DA:76,0
DA:77,0
DA:79,0
DA:85,0
DA:86,0
DA:88,0
DA:89,0
DA:91,0
DA:98,0
DA:99,0
DA:100,0
DA:101,0
DA:102,0
DA:103,0
DA:104,0
DA:105,0
DA:106,0
DA:107,0
DA:113,0
DA:132,0
DA:137,0
DA:138,0
DA:140,0
DA:141,0
DA:142,0
DA:145,0
DA:146,0
DA:147,0
DA:148,0
DA:149,0
DA:151,0
DA:154,0
DA:165,0
DA:167,0
DA:168,0
DA:170,0
DA:171,0
DA:173,0
DA:174,0
DA:182,0
DA:183,0
DA:187,0
DA:190,0
DA:194,0
DA:197,0
DA:201,0
DA:204,0
LF:73
LH:0
BRDA:11,0,0,0
BRDA:13,1,0,0
BRDA:13,1,1,0
BRDA:28,2,0,0
BRDA:28,2,1,0
BRDA:43,3,0,0
BRDA:53,4,0,0
BRDA:53,4,1,0
BRDA:70,5,0,0
BRDA:80,6,0,0
BRDA:80,6,1,0
BRDA:138,7,0,0
BRDA:138,7,1,0
BRDA:142,8,0,0
BRDA:142,8,1,0
BRDA:149,9,0,0
BRDA:149,9,1,0
BRDA:154,10,0,0
BRDA:154,10,1,0
BRDA:163,11,0,0
BRDA:165,12,0,0
BRDA:165,12,1,0
BRDA:165,12,2,0
BRF:23
BRH:0
end_of_record
TN:
SF:src\utils\exportUtils.ts
FN:11,(anonymous_0)
FN:23,(anonymous_1)
FN:48,(anonymous_2)
FN:49,(anonymous_3)
FN:92,(anonymous_4)
FN:95,(anonymous_5)
FN:107,(anonymous_6)
FN:107,(anonymous_7)
FNF:8
FNH:0
FNDA:0,(anonymous_0)
FNDA:0,(anonymous_1)
FNDA:0,(anonymous_2)
FNDA:0,(anonymous_3)
FNDA:0,(anonymous_4)
FNDA:0,(anonymous_5)
FNDA:0,(anonymous_6)
FNDA:0,(anonymous_7)
DA:11,0
DA:12,0
DA:15,0
DA:16,0
DA:19,0
DA:20,0
DA:23,0
DA:33,0
DA:42,0
DA:48,0
DA:49,0
DA:65,0
DA:66,0
DA:67,0
DA:70,0
DA:86,0
DA:92,0
DA:93,0
DA:95,0
DA:105,0
DA:107,0
DA:110,0
DA:111,0
DA:112,0
DA:113,0
DA:114,0
DA:115,0
DA:116,0
LF:28
LH:0
BRDA:29,0,0,0
BRDA:29,0,1,0
BRDA:60,1,0,0
BRDA:60,1,1,0
BRDA:61,2,0,0
BRDA:61,2,1,0
BRDA:62,3,0,0
BRDA:62,3,1,0
BRDA:102,4,0,0
BRDA:102,4,1,0
BRF:10
BRH:0
end_of_record
TN:
SF:src\utils\importWizard.tsx
FN:35,(anonymous_0)
FN:39,(anonymous_1)
FN:42,(anonymous_2)
FN:46,(anonymous_3)
FN:48,(anonymous_4)
FN:50,(anonymous_5)
FN:65,(anonymous_6)
FN:68,(anonymous_7)
FN:88,(anonymous_8)
FN:118,(anonymous_9)
FN:125,(anonymous_10)
FN:128,(anonymous_11)
FN:165,(anonymous_12)
FN:170,(anonymous_13)
FN:209,(anonymous_14)
FN:250,(anonymous_15)
FN:258,(anonymous_16)
FN:260,(anonymous_17)
FNF:18
FNH:0
FNDA:0,(anonymous_0)
FNDA:0,(anonymous_1)
FNDA:0,(anonymous_2)
FNDA:0,(anonymous_3)
FNDA:0,(anonymous_4)
FNDA:0,(anonymous_5)
FNDA:0,(anonymous_6)
FNDA:0,(anonymous_7)
FNDA:0,(anonymous_8)
FNDA:0,(anonymous_9)
FNDA:0,(anonymous_10)
FNDA:0,(anonymous_11)
FNDA:0,(anonymous_12)
FNDA:0,(anonymous_13)
FNDA:0,(anonymous_14)
FNDA:0,(anonymous_15)
FNDA:0,(anonymous_16)
FNDA:0,(anonymous_17)
DA:31,0
DA:39,0
DA:40,0
DA:42,0
DA:43,0
DA:44,0
DA:45,0
DA:46,0
DA:48,0
DA:49,0
DA:50,0
DA:51,0
DA:53,0
DA:56,0
DA:57,0
DA:59,0
DA:60,0
DA:61,0
DA:62,0
DA:65,0
DA:66,0
DA:67,0
DA:68,0
DA:69,0
DA:71,0
DA:74,0
DA:77,0
DA:81,0
DA:93,0
DA:94,0
DA:104,0
DA:105,0
DA:108,0
DA:110,0
DA:111,0
DA:122,0
DA:123,0
DA:125,0
DA:126,0
DA:128,0
DA:129,0
DA:130,0
DA:131,0
DA:134,0
DA:135,0
DA:138,0
DA:139,0
DA:143,0
DA:144,0
DA:150,0
DA:154,0
DA:165,0
DA:166,0
DA:167,0
DA:169,0
DA:175,0
DA:176,0
DA:178,0
DA:180,0
DA:181,0
DA:184,0
DA:185,0
DA:187,0
DA:188,0
DA:190,0
DA:196,0
DA:209,0
DA:215,0
DA:251,0
DA:259,0
DA:261,0
LF:71
LH:0
BRDA:44,0,0,0
BRDA:44,0,1,0
BRDA:46,1,0,0
BRDA:46,1,1,0
BRDA:48,2,0,0
BRDA:48,2,1,0
BRDA:51,3,0,0
BRDA:51,3,1,0
BRDA:57,4,0,0
BRDA:57,4,1,0
BRDA:61,5,0,0
BRDA:61,5,1,0
BRDA:69,6,0,0
BRDA:69,6,1,0
BRDA:104,7,0,0
BRDA:104,7,1,0
BRDA:130,8,0,0
BRDA:130,8,1,0
BRDA:130,9,0,0
BRDA:130,9,1,0
BRDA:134,10,0,0
BRDA:134,10,1,0
BRDA:134,11,0,0
BRDA:134,11,1,0
BRDA:138,12,0,0
BRDA:138,12,1,0
BRDA:138,13,0,0
BRDA:138,13,1,0
BRDA:143,14,0,0
BRDA:143,14,1,0
BRDA:230,15,0,0
BRDA:230,15,1,0
BRDA:249,16,0,0
BRDA:249,16,1,0
BRF:34
BRH:0
end_of_record
TN:
SF:src\utils\offlinePWA.tsx
FN:12,(anonymous_0)
FN:27,(anonymous_1)
FN:32,(anonymous_2)
FN:33,(anonymous_3)
FN:36,(anonymous_4)
FN:37,(anonymous_5)
FN:42,(anonymous_6)
FN:59,(anonymous_7)
FN:62,(anonymous_8)
FN:67,(anonymous_9)
FN:68,(anonymous_10)
FN:72,(anonymous_11)
FN:75,(anonymous_12)
FN:80,(anonymous_13)
FN:81,(anonymous_14)
FN:85,(anonymous_15)
FN:88,(anonymous_16)
FN:93,(anonymous_17)
FN:94,(anonymous_18)
FN:98,(anonymous_19)
FN:101,(anonymous_20)
FN:106,(anonymous_21)
FN:107,(anonymous_22)
FN:111,(anonymous_23)
FN:114,(anonymous_24)
FN:119,(anonymous_25)
FN:120,(anonymous_26)
FN:144,(anonymous_27)
FN:156,(anonymous_28)
FN:190,(anonymous_29)
FN:194,(anonymous_30)
FN:202,(anonymous_31)
FN:206,(anonymous_32)
FN:207,(anonymous_33)
FN:215,(anonymous_34)
FN:222,(anonymous_35)
FN:238,(anonymous_36)
FN:277,(anonymous_37)
FNF:38
FNH:0
FNDA:0,(anonymous_0)
FNDA:0,(anonymous_1)
FNDA:0,(anonymous_2)
FNDA:0,(anonymous_3)
FNDA:0,(anonymous_4)
FNDA:0,(anonymous_5)
FNDA:0,(anonymous_6)
FNDA:0,(anonymous_7)
FNDA:0,(anonymous_8)
FNDA:0,(anonymous_9)
FNDA:0,(anonymous_10)
FNDA:0,(anonymous_11)
FNDA:0,(anonymous_12)
FNDA:0,(anonymous_13)
FNDA:0,(anonymous_14)
FNDA:0,(anonymous_15)
FNDA:0,(anonymous_16)
FNDA:0,(anonymous_17)
FNDA:0,(anonymous_18)
FNDA:0,(anonymous_19)
FNDA:0,(anonymous_20)
FNDA:0,(anonymous_21)
FNDA:0,(anonymous_22)
FNDA:0,(anonymous_23)
FNDA:0,(anonymous_24)
FNDA:0,(anonymous_25)
FNDA:0,(anonymous_26)
FNDA:0,(anonymous_27)
FNDA:0,(anonymous_28)
FNDA:0,(anonymous_29)
FNDA:0,(anonymous_30)
FNDA:0,(anonymous_31)
FNDA:0,(anonymous_32)
FNDA:0,(anonymous_33)
FNDA:0,(anonymous_34)
FNDA:0,(anonymous_35)
FNDA:0,(anonymous_36)
FNDA:0,(anonymous_37)
DA:12,0
DA:13,0
DA:14,0
DA:15,0
DA:16,0
DA:17,0
DA:19,0
DA:28,0
DA:29,0
DA:30,0
DA:33,0
DA:34,0
DA:36,0
DA:37,0
DA:38,0
DA:39,0
DA:42,0
DA:43,0
DA:46,0
DA:47,0
DA:49,0
DA:50,0
DA:60,0
DA:62,0
DA:63,0
DA:64,0
DA:65,0
DA:67,0
DA:68,0
DA:73,0
DA:75,0
DA:76,0
DA:77,0
DA:78,0
DA:80,0
DA:81,0
DA:86,0
DA:88,0
DA:89,0
DA:90,0
DA:91,0
DA:93,0
DA:94,0
DA:99,0
DA:101,0
DA:102,0
DA:103,0
DA:104,0
DA:106,0
DA:107,0
DA:112,0
DA:114,0
DA:115,0
DA:116,0
DA:117,0
DA:119,0
DA:120,0
DA:125,0
DA:140,0
DA:145,0
DA:157,0
DA:159,0
DA:160,0
DA:161,0
DA:162,0
DA:165,0
DA:166,0
DA:172,0
DA:173,0
DA:176,0
DA:177,0
DA:180,0
DA:181,0
DA:182,0
DA:191,0
DA:192,0
DA:194,0
DA:202,0
DA:203,0
DA:204,0
DA:206,0
DA:207,0
DA:208,0
DA:210,0
DA:211,0
DA:212,0
DA:215,0
DA:216,0
DA:219,0
DA:220,0
DA:222,0
DA:223,0
DA:224,0
DA:228,0
DA:238,0
DA:239,0
DA:241,0
DA:242,0
DA:245,0
DA:277,0
DA:279,0
DA:282,0
DA:285,0
DA:286,0
DA:289,0
LF:105
LH:0
BRDA:13,0,0,0
BRDA:13,0,1,0
BRDA:46,1,0,0
BRDA:46,1,1,0
BRDA:49,2,0,0
BRDA:49,2,1,0
BRDA:60,3,0,0
BRDA:60,3,1,0
BRDA:73,4,0,0
BRDA:73,4,1,0
BRDA:86,5,0,0
BRDA:86,5,1,0
BRDA:94,6,0,0
BRDA:94,6,1,0
BRDA:99,7,0,0
BRDA:99,7,1,0
BRDA:112,8,0,0
BRDA:112,8,1,0
BRDA:160,9,0,0
BRDA:160,9,1,0
BRDA:169,10,0,0
BRDA:169,10,1,0
BRDA:172,11,0,0
BRDA:172,11,1,0
BRDA:238,12,0,0
BRDA:241,13,0,0
BRDA:241,13,1,0
BRDA:241,14,0,0
BRDA:241,14,1,0
BRDA:249,15,0,0
BRDA:249,15,1,0
BRDA:255,16,0,0
BRDA:255,16,1,0
BRDA:267,17,0,0
BRDA:267,17,1,0
BRDA:285,18,0,0
BRDA:285,18,1,0
BRF:37
BRH:0
end_of_record
TN:
SF:src\utils\rbac.tsx
FN:9,(anonymous_0)
FN:60,(anonymous_1)
FN:100,(anonymous_2)
FN:101,(anonymous_3)
FN:106,(anonymous_4)
FN:107,(anonymous_5)
FN:108,(anonymous_6)
FN:114,(anonymous_7)
FN:115,(anonymous_8)
FN:116,(anonymous_9)
FN:120,(anonymous_10)
FN:121,(anonymous_11)
FN:132,(anonymous_12)
FN:136,(anonymous_13)
FN:137,(anonymous_14)
FN:142,(anonymous_15)
FN:146,(anonymous_16)
FN:147,(anonymous_17)
FN:148,(anonymous_18)
FN:158,(anonymous_19)
FN:162,(anonymous_20)
FN:163,(anonymous_21)
FN:177,(anonymous_22)
FN:201,(anonymous_23)
FNF:24
FNH:0
FNDA:0,(anonymous_0)
FNDA:0,(anonymous_1)
FNDA:0,(anonymous_2)
FNDA:0,(anonymous_3)
FNDA:0,(anonymous_4)
FNDA:0,(anonymous_5)
FNDA:0,(anonymous_6)
FNDA:0,(anonymous_7)
FNDA:0,(anonymous_8)
FNDA:0,(anonymous_9)
FNDA:0,(anonymous_10)
FNDA:0,(anonymous_11)
FNDA:0,(anonymous_12)
FNDA:0,(anonymous_13)
FNDA:0,(anonymous_14)
FNDA:0,(anonymous_15)
FNDA:0,(anonymous_16)
FNDA:0,(anonymous_17)
FNDA:0,(anonymous_18)
FNDA:0,(anonymous_19)
FNDA:0,(anonymous_20)
FNDA:0,(anonymous_21)
FNDA:0,(anonymous_22)
FNDA:0,(anonymous_23)
DA:9,0
DA:11,0
DA:12,0
DA:13,0
DA:14,0
DA:15,0
DA:18,0
DA:19,0
DA:20,0
DA:21,0
DA:24,0
DA:25,0
DA:26,0
DA:29,0
DA:30,0
DA:31,0
DA:32,0
DA:33,0
DA:36,0
DA:37,0
DA:60,0
DA:101,0
DA:107,0
DA:109,0
DA:115,0
DA:116,0
DA:121,0
DA:122,0
DA:123,0
DA:124,0
DA:125,0
DA:127,0
DA:128,0
DA:133,0
DA:134,0
DA:136,0
DA:137,0
DA:138,0
DA:143,0
DA:144,0
DA:146,0
DA:147,0
DA:148,0
DA:149,0
DA:158,0
DA:159,0
DA:160,0
DA:162,0
DA:163,0
DA:165,0
DA:177,0
DA:182,0
DA:183,0
DA:185,0
DA:186,0
DA:189,0
DA:201,0
DA:206,0
DA:207,0
DA:209,0
DA:210,0
DA:213,0
LF:62
LH:0
BRDA:9,0,0,0
BRDA:9,0,1,0
BRDA:109,1,0,0
BRDA:109,1,1,0
BRDA:123,2,0,0
BRDA:123,2,1,0
BRDA:124,3,0,0
BRDA:124,3,1,0
BRDA:134,4,0,0
BRDA:134,4,1,0
BRDA:144,5,0,0
BRDA:144,5,1,0
BRDA:180,6,0,0
BRDA:185,7,0,0
BRDA:185,7,1,0
BRDA:204,8,0,0
BRDA:209,9,0,0
BRDA:209,9,1,0
BRF:18
BRH:0
end_of_record
TN:
SF:src\utils\validation.ts
FN:26,(anonymous_0)
FN:90,(anonymous_1)
FN:108,(anonymous_2)
FN:109,(anonymous_3)
FN:181,(anonymous_4)
FN:189,(anonymous_5)
FN:190,(anonymous_6)
FN:197,(anonymous_7)
FN:202,(anonymous_8)
FN:203,(anonymous_9)
FN:207,(anonymous_10)
FN:211,(anonymous_11)
FN:212,(anonymous_12)
FN:218,(anonymous_13)
FN:227,(anonymous_14)
FNF:15
FNH:0
FNDA:0,(anonymous_0)
FNDA:0,(anonymous_1)
FNDA:0,(anonymous_2)
FNDA:0,(anonymous_3)
FNDA:0,(anonymous_4)
FNDA:0,(anonymous_5)
FNDA:0,(anonymous_6)
FNDA:0,(anonymous_7)
FNDA:0,(anonymous_8)
FNDA:0,(anonymous_9)
FNDA:0,(anonymous_10)
FNDA:0,(anonymous_11)
FNDA:0,(anonymous_12)
FNDA:0,(anonymous_13)
FNDA:0,(anonymous_14)
DA:26,0
DA:27,0
DA:28,0
DA:30,0
DA:31,0
DA:33,0
DA:36,0
DA:37,0
DA:39,0
DA:43,0
DA:44,0
DA:46,0
DA:49,0
DA:50,0
DA:52,0
DA:55,0
DA:56,0
DA:58,0
DA:61,0
DA:62,0
DA:64,0
DA:67,0
DA:68,0
DA:70,0
DA:74,0
DA:75,0
DA:77,0
DA:80,0
DA:84,0
DA:90,0
DA:94,0
DA:96,0
DA:97,0
DA:98,0
DA:99,0
DA:102,0
DA:108,0
DA:109,0
DA:113,0
DA:181,0
DA:185,0
DA:186,0
DA:187,0
DA:189,0
DA:190,0
DA:193,0
DA:194,0
DA:195,0
DA:196,0
DA:197,0
DA:202,0
DA:203,0
DA:204,0
DA:205,0
DA:206,0
DA:207,0
DA:211,0
DA:212,0
DA:213,0
DA:215,0
DA:216,0
DA:217,0
DA:218,0
DA:221,0
DA:222,0
DA:227,0
DA:228,0
DA:229,0
DA:230,0
DA:233,0
LF:70
LH:0
BRDA:28,0,0,0
BRDA:28,0,1,0
BRDA:28,0,2,0
BRDA:28,0,3,0
BRDA:28,0,4,0
BRDA:28,0,5,0
BRDA:28,0,6,0
BRDA:28,0,7,0
BRDA:28,0,8,0
BRDA:30,1,0,0
BRDA:30,1,1,0
BRDA:30,2,0,0
BRDA:30,2,1,0
BRDA:30,2,2,0
BRDA:36,3,0,0
BRDA:36,3,1,0
BRDA:36,4,0,0
BRDA:36,4,1,0
BRDA:43,5,0,0
BRDA:43,5,1,0
BRDA:43,6,0,0
BRDA:43,6,1,0
BRDA:49,7,0,0
BRDA:49,7,1,0
BRDA:49,8,0,0
BRDA:49,8,1,0
BRDA:49,8,2,0
BRDA:55,9,0,0
BRDA:55,9,1,0
BRDA:55,10,0,0
BRDA:55,10,1,0
BRDA:55,10,2,0
BRDA:61,11,0,0
BRDA:61,11,1,0
BRDA:61,12,0,0
BRDA:61,12,1,0
BRDA:67,13,0,0
BRDA:67,13,1,0
BRDA:67,14,0,0
BRDA:67,14,1,0
BRDA:74,15,0,0
BRDA:74,15,1,0
BRDA:74,16,0,0
BRDA:74,16,1,0
BRDA:193,17,0,0
BRDA:193,17,1,0
BRDA:195,18,0,0
BRDA:195,18,1,0
BRDA:205,19,0,0
BRDA:205,19,1,0
BRDA:221,20,0,0
BRDA:221,20,1,0
BRF:52
BRH:0
end_of_record
